Log file open, 09/30/19 02:47:09
LogWindows: Failed to load 'aqProf.dll' (GetLastError=126)
LogWindows: File 'aqProf.dll' does not exist
LogWindows: Failed to load 'VtuneApi.dll' (GetLastError=126)
LogWindows: File 'VtuneApi.dll' does not exist
LogWindows: Failed to load 'VtuneApi32e.dll' (GetLastError=126)
LogWindows: File 'VtuneApi32e.dll' does not exist
LogConsoleResponse: Display: Failed to find resolution value strings in scalability ini. Falling back to default.
LogInit: Display: Running engine for game: GameJam2
LogPlatformFile: Not using cached read wrapper
LogTaskGraph: Started task graph with 5 named threads and 11 total threads with 3 sets of task threads.
LogStats: Stats thread started at 0.090487
LogD3D11RHI: Loaded GFSDK_Aftermath_Lib.x64.dll
LogICUInternationalization: ICU TimeZone Detection - Raw Offset: -5:00, Platform Override: ''
LogPluginManager: Mounting plugin Paper2D
LogPluginManager: Mounting plugin AISupport
LogPluginManager: Mounting plugin LightPropagationVolume
LogPluginManager: Mounting plugin ActorLayerUtilities
LogPluginManager: Mounting plugin AnimationSharing
LogPluginManager: Mounting plugin CLionSourceCodeAccess
LogPluginManager: Mounting plugin CodeLiteSourceCodeAccess
LogPluginManager: Mounting plugin GitSourceControl
LogPluginManager: Mounting plugin KDevelopSourceCodeAccess
LogPluginManager: Mounting plugin NullSourceCodeAccess
LogPluginManager: Mounting plugin PerforceSourceControl
LogPluginManager: Mounting plugin SubversionSourceControl
LogPluginManager: Mounting plugin UObjectPlugin
LogPluginManager: Mounting plugin VisualStudioCodeSourceCodeAccess
LogPluginManager: Mounting plugin VisualStudioSourceCodeAccess
LogPluginManager: Mounting plugin XCodeSourceCodeAccess
LogPluginManager: Mounting plugin AssetManagerEditor
LogPluginManager: Mounting plugin CryptoKeys
LogPluginManager: Mounting plugin CurveEditorTools
LogPluginManager: Mounting plugin DataValidation
LogPluginManager: Mounting plugin FacialAnimation
LogPluginManager: Mounting plugin GameplayTagsEditor
LogPluginManager: Mounting plugin MacGraphicsSwitching
LogPluginManager: Mounting plugin MaterialAnalyzer
LogPluginManager: Mounting plugin MobileLauncherProfileWizard
LogPluginManager: Mounting plugin PluginBrowser
LogPluginManager: Mounting plugin SpeedTreeImporter
LogPluginManager: Mounting plugin DatasmithContent
LogPluginManager: Mounting plugin VariantManagerContent
LogPluginManager: Mounting plugin AlembicImporter
LogPluginManager: Mounting plugin AutomationUtils
LogPluginManager: Mounting plugin BackChannel
LogPluginManager: Mounting plugin CharacterAI
LogPluginManager: Mounting plugin GeometryCache
LogPluginManager: Mounting plugin HTML5Networking
LogPluginManager: Mounting plugin PlatformCrypto
LogPluginManager: Mounting plugin ProxyLODPlugin
LogPluginManager: Mounting plugin SkeletalReduction
LogPluginManager: Mounting plugin MagicLeap
LogPluginManager: Mounting plugin MagicLeapMedia
LogPluginManager: Mounting plugin AndroidMedia
LogPluginManager: Mounting plugin AvfMedia
LogPluginManager: Mounting plugin ImgMedia
LogPluginManager: Mounting plugin MediaCompositing
LogPluginManager: Mounting plugin MediaPlayerEditor
LogPluginManager: Mounting plugin WebMMedia
LogPluginManager: Mounting plugin WmfMedia
LogPluginManager: Mounting plugin TcpMessaging
LogPluginManager: Mounting plugin UdpMessaging
LogPluginManager: Mounting plugin ActorSequence
LogPluginManager: Mounting plugin LevelSequenceEditor
LogPluginManager: Mounting plugin MatineeToLevelSequence
LogPluginManager: Mounting plugin NetcodeUnitTest
LogPluginManager: Mounting plugin NUTUnrealEngine4
LogPluginManager: Mounting plugin OnlineSubsystemGooglePlay
LogPluginManager: Mounting plugin OnlineSubsystemIOS
LogPluginManager: Mounting plugin OnlineSubsystem
LogPluginManager: Mounting plugin OnlineSubsystemNull
LogPluginManager: Mounting plugin OnlineSubsystemUtils
LogPluginManager: Mounting plugin LauncherChunkInstaller
LogPluginManager: Mounting plugin AndroidDeviceProfileSelector
LogPluginManager: Mounting plugin AndroidMoviePlayer
LogPluginManager: Mounting plugin AndroidPermission
LogPluginManager: Mounting plugin AppleImageUtils
LogPluginManager: Mounting plugin AppleMoviePlayer
LogPluginManager: Mounting plugin ArchVisCharacter
LogPluginManager: Mounting plugin AudioCapture
LogPluginManager: Mounting plugin CableComponent
LogPluginManager: Mounting plugin CustomMeshComponent
LogPluginManager: Mounting plugin EditableMesh
LogPluginManager: Mounting plugin ExampleDeviceProfileSelector
LogPluginManager: Mounting plugin GoogleCloudMessaging
LogPluginManager: Mounting plugin IOSDeviceProfileSelector
LogPluginManager: Mounting plugin LinuxDeviceProfileSelector
LogPluginManager: Mounting plugin LocationServicesBPLibrary
LogPluginManager: Mounting plugin MobilePatchingUtils
LogPluginManager: Mounting plugin OculusVR
LogPluginManager: Mounting plugin PhysXVehicles
LogPluginManager: Mounting plugin ProceduralMeshComponent
LogPluginManager: Mounting plugin RuntimePhysXCooking
LogPluginManager: Mounting plugin SignificanceManager
LogPluginManager: Mounting plugin SteamVR
LogPluginManager: Mounting plugin WebMMoviePlayer
LogPluginManager: Mounting plugin WindowsMoviePlayer
LogPluginManager: Mounting plugin ScreenshotTools
LogInit: Using libcurl 7.55.1-DEV
LogInit:  - built for x86_64-pc-win32
LogInit:  - supports SSL with OpenSSL/1.1.1
LogInit:  - supports HTTP deflate (compression) using libz 1.2.8
LogInit:  - other features:
LogInit:      CURL_VERSION_SSL
LogInit:      CURL_VERSION_LIBZ
LogInit:      CURL_VERSION_IPV6
LogInit:      CURL_VERSION_ASYNCHDNS
LogInit:      CURL_VERSION_LARGEFILE
LogInit:      CURL_VERSION_IDN
LogInit:  CurlRequestOptions (configurable via config and command line):
LogInit:  - bVerifyPeer = true  - Libcurl will verify peer certificate
LogInit:  - bUseHttpProxy = false  - Libcurl will NOT use HTTP proxy
LogInit:  - bDontReuseConnections = false  - Libcurl will reuse connections
LogInit:  - MaxHostConnections = 16  - Libcurl will limit the number of connections to a host
LogInit:  - LocalHostAddr = Default
LogInit:  - BufferSize = 65536
LogOnline: OSS: Creating online subsystem instance for: NULL
LogInit: WinSock: version 1.1 (2.2), MaxSocks=32767, MaxUdp=65467
LogInit: Build: ++UE4+Release-4.23-CL-8386587
LogInit: Engine Version: 4.23.0-8386587+++UE4+Release-4.23
LogInit: Compatible Engine Version: 4.23.0-8386587+++UE4+Release-4.23
LogInit: Net CL: 8386587
LogInit: OS: Windows 8.1 (), CPU:        Intel(R) Core(TM) i5-3210M CPU @ 2.50GHz, GPU: Intel(R) HD Graphics 4000
LogInit: Compiled (64-bit): Aug 31 2019 02:04:44
LogInit: Compiled with Visual C++: 19.16.27030.01
LogInit: Build Configuration: Development
LogInit: Branch Name: ++UE4+Release-4.23
LogInit: Command Line: 
LogInit: Base Directory: D:/Epic and Unreal/UE_4.23/Engine/Binaries/Win64/
LogInit: Installed Engine Build: 1
LogDevObjectVersion: Number of dev versions registered: 23
LogDevObjectVersion:   Dev-Blueprints (B0D832E4-1F89-4F0D-ACCF-7EB736FD4AA2): 10
LogDevObjectVersion:   Dev-Build (E1C64328-A22C-4D53-A36C-8E866417BD8C): 0
LogDevObjectVersion:   Dev-Core (375EC13C-06E4-48FB-B500-84F0262A717E): 3
LogDevObjectVersion:   Dev-Editor (E4B068ED-F494-42E9-A231-DA0B2E46BB41): 34
LogDevObjectVersion:   Dev-Framework (CFFC743F-43B0-4480-9391-14DF171D2073): 35
LogDevObjectVersion:   Dev-Mobile (B02B49B5-BB20-44E9-A304-32B752E40360): 2
LogDevObjectVersion:   Dev-Networking (A4E4105C-59A1-49B5-A7C5-40C4547EDFEE): 0
LogDevObjectVersion:   Dev-Online (39C831C9-5AE6-47DC-9A44-9C173E1C8E7C): 0
LogDevObjectVersion:   Dev-Physics (78F01B33-EBEA-4F98-B9B4-84EACCB95AA2): 0
LogDevObjectVersion:   Dev-Platform (6631380F-2D4D-43E0-8009-CF276956A95A): 0
LogDevObjectVersion:   Dev-Rendering (12F88B9F-8875-4AFC-A67C-D90C383ABD29): 31
LogDevObjectVersion:   Dev-Sequencer (7B5AE74C-D270-4C10-A958-57980B212A5A): 11
LogDevObjectVersion:   Dev-VR (D7296918-1DD6-4BDD-9DE2-64A83CC13884): 2
LogDevObjectVersion:   Dev-LoadTimes (C2A15278-BFE7-4AFE-6C17-90FF531DF755): 1
LogDevObjectVersion:   Private-Geometry (6EACA3D4-40EC-4CC1-B786-8BED09428FC5): 3
LogDevObjectVersion:   Dev-AnimPhys (29E575DD-E0A3-4627-9D10-D276232CDCEA): 17
LogDevObjectVersion:   Dev-Anim (AF43A65D-7FD3-4947-9873-3E8ED9C1BB05): 2
LogDevObjectVersion:   Dev-ReflectionCapture (6B266CEC-1EC7-4B8F-A30B-E4D90942FC07): 1
LogDevObjectVersion:   Dev-Automation (0DF73D61-A23F-47EA-B727-89E90C41499A): 1
LogDevObjectVersion:   FortniteMain (601D1886-AC64-4F84-AA16-D3DE0DEAC7D6): 27
LogDevObjectVersion:   Dev-Enterprise (9DFFBCD6-494F-0158-E221-12823C92A888): 6
LogDevObjectVersion:   Dev-Niagara (F2AED0AC-9AFE-416F-8664-AA7FFA26D6FC): 1
LogDevObjectVersion:   Dev-Destruction (174F1F0B-B4C6-45A5-B13F-2EE8D0FB917D): 9
LogInit: Presizing for max 16777216 objects, including 0 objects not considered by GC, pre-allocating 0 bytes for permanent pool.
LogInit: Object subsystem initialized
LogConfig: Setting CVar [[con.DebugEarlyDefault:1]]
LogConfig: Setting CVar [[r.setres:1280x720]]
[2019.09.30-06.47.09:825][  0]LogConfig: Setting CVar [[r.VSync:0]]
[2019.09.30-06.47.09:825][  0]LogConfig: Setting CVar [[r.RHICmdBypass:0]]
[2019.09.30-06.47.09:825][  0]LogConfig: Applying CVar settings from Section [/Script/Engine.RendererSettings] File [C:/Users/Sophie/Documents/GitHub/GameJam2/GameJam2/Saved/Config/Windows/Engine.ini]
[2019.09.30-06.47.09:825][  0]LogConfig: Setting CVar [[r.GPUCrashDebugging:0]]
[2019.09.30-06.47.09:825][  0]LogConfig: Applying CVar settings from Section [/Script/Engine.RendererOverrideSettings] File [C:/Users/Sophie/Documents/GitHub/GameJam2/GameJam2/Saved/Config/Windows/Engine.ini]
[2019.09.30-06.47.09:825][  0]LogConfig: Applying CVar settings from Section [/Script/Engine.StreamingSettings] File [C:/Users/Sophie/Documents/GitHub/GameJam2/GameJam2/Saved/Config/Windows/Engine.ini]
[2019.09.30-06.47.09:825][  0]LogConfig: Setting CVar [[s.MinBulkDataSizeForAsyncLoading:131072]]
[2019.09.30-06.47.09:825][  0]LogConfig: Setting CVar [[s.AsyncLoadingThreadEnabled:0]]
[2019.09.30-06.47.09:825][  0]LogConfig: Setting CVar [[s.EventDrivenLoaderEnabled:1]]
[2019.09.30-06.47.09:825][  0]LogConfig: Setting CVar [[s.WarnIfTimeLimitExceeded:0]]
[2019.09.30-06.47.09:825][  0]LogConfig: Setting CVar [[s.TimeLimitExceededMultiplier:1.5]]
[2019.09.30-06.47.09:825][  0]LogConfig: Setting CVar [[s.TimeLimitExceededMinTime:0.005]]
[2019.09.30-06.47.09:825][  0]LogConfig: Setting CVar [[s.UseBackgroundLevelStreaming:1]]
[2019.09.30-06.47.09:825][  0]LogConfig: Setting CVar [[s.PriorityAsyncLoadingExtraTime:15.0]]
[2019.09.30-06.47.09:825][  0]LogConfig: Setting CVar [[s.LevelStreamingActorsUpdateTimeLimit:5.0]]
[2019.09.30-06.47.09:825][  0]LogConfig: Setting CVar [[s.PriorityLevelStreamingActorsUpdateExtraTime:5.0]]
[2019.09.30-06.47.09:825][  0]LogConfig: Setting CVar [[s.LevelStreamingComponentsRegistrationGranularity:10]]
[2019.09.30-06.47.09:825][  0]LogConfig: Setting CVar [[s.UnregisterComponentsTimeLimit:1.0]]
[2019.09.30-06.47.09:825][  0]LogConfig: Setting CVar [[s.LevelStreamingComponentsUnregistrationGranularity:5]]
[2019.09.30-06.47.09:825][  0]LogConfig: Applying CVar settings from Section [/Script/Engine.GarbageCollectionSettings] File [C:/Users/Sophie/Documents/GitHub/GameJam2/GameJam2/Saved/Config/Windows/Engine.ini]
[2019.09.30-06.47.09:825][  0]LogConfig: Setting CVar [[gc.MaxObjectsNotConsideredByGC:1]]
[2019.09.30-06.47.09:825][  0]LogConfig: Setting CVar [[gc.SizeOfPermanentObjectPool:0]]
[2019.09.30-06.47.09:825][  0]LogConfig: Setting CVar [[gc.FlushStreamingOnGC:0]]
[2019.09.30-06.47.09:825][  0]LogConfig: Setting CVar [[gc.NumRetriesBeforeForcingGC:10]]
[2019.09.30-06.47.09:825][  0]LogConfig: Setting CVar [[gc.AllowParallelGC:1]]
[2019.09.30-06.47.09:825][  0]LogConfig: Setting CVar [[gc.TimeBetweenPurgingPendingKillObjects:61.1]]
[2019.09.30-06.47.09:825][  0]LogConfig: Setting CVar [[gc.MaxObjectsInEditor:16777216]]
[2019.09.30-06.47.09:825][  0]LogConfig: Setting CVar [[gc.IncrementalBeginDestroyEnabled:1]]
[2019.09.30-06.47.09:825][  0]LogConfig: Setting CVar [[gc.CreateGCClusters:1]]
[2019.09.30-06.47.09:825][  0]LogConfig: Setting CVar [[gc.MinGCClusterSize:5]]
[2019.09.30-06.47.09:825][  0]LogConfig: Setting CVar [[gc.ActorClusteringEnabled:0]]
[2019.09.30-06.47.09:825][  0]LogConfig: Setting CVar [[gc.BlueprintClusteringEnabled:0]]
[2019.09.30-06.47.09:825][  0]LogConfig: Setting CVar [[gc.UseDisregardForGCOnDedicatedServers:0]]
[2019.09.30-06.47.09:825][  0]LogConfig: Applying CVar settings from Section [/Script/Engine.NetworkSettings] File [C:/Users/Sophie/Documents/GitHub/GameJam2/GameJam2/Saved/Config/Windows/Engine.ini]
[2019.09.30-06.47.09:825][  0]LogConfig: Applying CVar settings from Section [/Script/UnrealEd.CookerSettings] File [C:/Users/Sophie/Documents/GitHub/GameJam2/GameJam2/Saved/Config/Windows/Engine.ini]
[2019.09.30-06.47.09:830][  0]LogConfig: Applying CVar settings from Section [ViewDistanceQuality@3] File [C:/Users/Sophie/Documents/GitHub/GameJam2/GameJam2/Saved/Config/Windows/Scalability.ini]
[2019.09.30-06.47.09:830][  0]LogConfig: Setting CVar [[r.SkeletalMeshLODBias:0]]
[2019.09.30-06.47.09:830][  0]LogConfig: Setting CVar [[r.ViewDistanceScale:1.0]]
[2019.09.30-06.47.09:830][  0]LogConfig: Applying CVar settings from Section [AntiAliasingQuality@3] File [C:/Users/Sophie/Documents/GitHub/GameJam2/GameJam2/Saved/Config/Windows/Scalability.ini]
[2019.09.30-06.47.09:830][  0]LogConfig: Setting CVar [[r.PostProcessAAQuality:4]]
[2019.09.30-06.47.09:830][  0]LogConfig: Applying CVar settings from Section [ShadowQuality@3] File [C:/Users/Sophie/Documents/GitHub/GameJam2/GameJam2/Saved/Config/Windows/Scalability.ini]
[2019.09.30-06.47.09:830][  0]LogConfig: Setting CVar [[r.LightFunctionQuality:1]]
[2019.09.30-06.47.09:830][  0]LogConfig: Setting CVar [[r.ShadowQuality:5]]
[2019.09.30-06.47.09:830][  0]LogConfig: Setting CVar [[r.Shadow.CSM.MaxCascades:10]]
[2019.09.30-06.47.09:830][  0]LogConfig: Setting CVar [[r.Shadow.MaxResolution:2048]]
[2019.09.30-06.47.09:830][  0]LogConfig: Setting CVar [[r.Shadow.MaxCSMResolution:2048]]
[2019.09.30-06.47.09:830][  0]LogConfig: Setting CVar [[r.Shadow.RadiusThreshold:0.01]]
[2019.09.30-06.47.09:830][  0]LogConfig: Setting CVar [[r.Shadow.DistanceScale:1.0]]
[2019.09.30-06.47.09:830][  0]LogConfig: Setting CVar [[r.Shadow.CSM.TransitionScale:1.0]]
[2019.09.30-06.47.09:830][  0]LogConfig: Setting CVar [[r.Shadow.PreShadowResolutionFactor:1.0]]
[2019.09.30-06.47.09:830][  0]LogConfig: Setting CVar [[r.DistanceFieldShadowing:1]]
[2019.09.30-06.47.09:830][  0]LogConfig: Setting CVar [[r.DistanceFieldAO:1]]
[2019.09.30-06.47.09:830][  0]LogConfig: Setting CVar [[r.AOQuality:2]]
[2019.09.30-06.47.09:830][  0]LogConfig: Setting CVar [[r.VolumetricFog:1]]
[2019.09.30-06.47.09:830][  0]LogConfig: Setting CVar [[r.VolumetricFog.GridPixelSize:8]]
[2019.09.30-06.47.09:830][  0]LogConfig: Setting CVar [[r.VolumetricFog.GridSizeZ:128]]
[2019.09.30-06.47.09:830][  0]LogConfig: Setting CVar [[r.VolumetricFog.HistoryMissSupersampleCount:4]]
[2019.09.30-06.47.09:830][  0]LogConfig: Setting CVar [[r.LightMaxDrawDistanceScale:1]]
[2019.09.30-06.47.09:830][  0]LogConfig: Setting CVar [[r.CapsuleShadows:1]]
[2019.09.30-06.47.09:830][  0]LogConfig: Applying CVar settings from Section [PostProcessQuality@3] File [C:/Users/Sophie/Documents/GitHub/GameJam2/GameJam2/Saved/Config/Windows/Scalability.ini]
[2019.09.30-06.47.09:830][  0]LogConfig: Setting CVar [[r.MotionBlurQuality:4]]
[2019.09.30-06.47.09:830][  0]LogConfig: Setting CVar [[r.AmbientOcclusionMipLevelFactor:0.4]]
[2019.09.30-06.47.09:830][  0]LogConfig: Setting CVar [[r.AmbientOcclusionMaxQuality:100]]
[2019.09.30-06.47.09:830][  0]LogConfig: Setting CVar [[r.AmbientOcclusionLevels:-1]]
[2019.09.30-06.47.09:830][  0]LogConfig: Setting CVar [[r.AmbientOcclusionRadiusScale:1.0]]
[2019.09.30-06.47.09:830][  0]LogConfig: Setting CVar [[r.DepthOfFieldQuality:2]]
[2019.09.30-06.47.09:830][  0]LogConfig: Setting CVar [[r.RenderTargetPoolMin:400]]
[2019.09.30-06.47.09:830][  0]LogConfig: Setting CVar [[r.LensFlareQuality:2]]
[2019.09.30-06.47.09:830][  0]LogConfig: Setting CVar [[r.SceneColorFringeQuality:1]]
[2019.09.30-06.47.09:830][  0]LogConfig: Setting CVar [[r.EyeAdaptationQuality:2]]
[2019.09.30-06.47.09:830][  0]LogConfig: Setting CVar [[r.BloomQuality:5]]
[2019.09.30-06.47.09:830][  0]LogConfig: Setting CVar [[r.FastBlurThreshold:100]]
[2019.09.30-06.47.09:830][  0]LogConfig: Setting CVar [[r.Upscale.Quality:3]]
[2019.09.30-06.47.09:830][  0]LogConfig: Setting CVar [[r.Tonemapper.GrainQuantization:1]]
[2019.09.30-06.47.09:830][  0]LogConfig: Setting CVar [[r.LightShaftQuality:1]]
[2019.09.30-06.47.09:831][  0]LogConfig: Setting CVar [[r.Filter.SizeScale:1]]
[2019.09.30-06.47.09:831][  0]LogConfig: Setting CVar [[r.Tonemapper.Quality:5]]
[2019.09.30-06.47.09:831][  0]LogConfig: Setting CVar [[r.DOF.Gather.AccumulatorQuality:1        ; higher gathering accumulator quality]]
[2019.09.30-06.47.09:831][  0]LogConfig: Setting CVar [[r.DOF.Gather.PostfilterMethod:1          ; Median3x3 postfilering method]]
[2019.09.30-06.47.09:831][  0]LogConfig: Setting CVar [[r.DOF.Gather.EnableBokehSettings:0       ; no bokeh simulation when gathering]]
[2019.09.30-06.47.09:831][  0]LogConfig: Setting CVar [[r.DOF.Gather.RingCount:4                 ; medium number of samples when gathering]]
[2019.09.30-06.47.09:831][  0]LogConfig: Setting CVar [[r.DOF.Scatter.ForegroundCompositing:1    ; additive foreground scattering]]
[2019.09.30-06.47.09:831][  0]LogConfig: Setting CVar [[r.DOF.Scatter.BackgroundCompositing:2    ; additive background scattering]]
[2019.09.30-06.47.09:831][  0]LogConfig: Setting CVar [[r.DOF.Scatter.EnableBokehSettings:1      ; bokeh simulation when scattering]]
[2019.09.30-06.47.09:831][  0]LogConfig: Setting CVar [[r.DOF.Scatter.MaxSpriteRatio:0.1         ; only a maximum of 10% of scattered bokeh]]
[2019.09.30-06.47.09:831][  0]LogConfig: Setting CVar [[r.DOF.Recombine.Quality:1                ; cheap slight out of focus]]
[2019.09.30-06.47.09:831][  0]LogConfig: Setting CVar [[r.DOF.Recombine.EnableBokehSettings:0    ; no bokeh simulation on slight out of focus]]
[2019.09.30-06.47.09:831][  0]LogConfig: Setting CVar [[r.DOF.TemporalAAQuality:1                ; more stable temporal accumulation]]
[2019.09.30-06.47.09:831][  0]LogConfig: Setting CVar [[r.DOF.Kernel.MaxForegroundRadius:0.025]]
[2019.09.30-06.47.09:831][  0]LogConfig: Setting CVar [[r.DOF.Kernel.MaxBackgroundRadius:0.025]]
[2019.09.30-06.47.09:831][  0]LogConfig: Applying CVar settings from Section [TextureQuality@3] File [C:/Users/Sophie/Documents/GitHub/GameJam2/GameJam2/Saved/Config/Windows/Scalability.ini]
[2019.09.30-06.47.09:831][  0]LogConfig: Setting CVar [[r.Streaming.MipBias:0]]
[2019.09.30-06.47.09:831][  0]LogConfig: Setting CVar [[r.Streaming.AmortizeCPUToGPUCopy:0]]
[2019.09.30-06.47.09:831][  0]LogConfig: Setting CVar [[r.Streaming.MaxNumTexturesToStreamPerFrame:0]]
[2019.09.30-06.47.09:831][  0]LogConfig: Setting CVar [[r.Streaming.Boost:1]]
[2019.09.30-06.47.09:831][  0]LogConfig: Setting CVar [[r.MaxAnisotropy:8]]
[2019.09.30-06.47.09:831][  0]LogConfig: Setting CVar [[r.Streaming.LimitPoolSizeToVRAM:0]]
[2019.09.30-06.47.09:831][  0]LogConfig: Setting CVar [[r.Streaming.PoolSize:1000]]
[2019.09.30-06.47.09:831][  0]LogConfig: Setting CVar [[r.Streaming.MaxEffectiveScreenSize:0]]
[2019.09.30-06.47.09:831][  0]LogConfig: Applying CVar settings from Section [EffectsQuality@3] File [C:/Users/Sophie/Documents/GitHub/GameJam2/GameJam2/Saved/Config/Windows/Scalability.ini]
[2019.09.30-06.47.09:831][  0]LogConfig: Setting CVar [[r.TranslucencyLightingVolumeDim:64]]
[2019.09.30-06.47.09:831][  0]LogConfig: Setting CVar [[r.RefractionQuality:2]]
[2019.09.30-06.47.09:831][  0]LogConfig: Setting CVar [[r.SSR.Quality:3]]
[2019.09.30-06.47.09:831][  0]LogConfig: Setting CVar [[r.SceneColorFormat:4]]
[2019.09.30-06.47.09:831][  0]LogConfig: Setting CVar [[r.DetailMode:2]]
[2019.09.30-06.47.09:831][  0]LogConfig: Setting CVar [[r.TranslucencyVolumeBlur:1]]
[2019.09.30-06.47.09:831][  0]LogConfig: Setting CVar [[r.MaterialQualityLevel:1 ; High quality]]
[2019.09.30-06.47.09:831][  0]LogConfig: Setting CVar [[r.SSS.Scale:1]]
[2019.09.30-06.47.09:831][  0]LogConfig: Setting CVar [[r.SSS.SampleSet:2]]
[2019.09.30-06.47.09:831][  0]LogConfig: Setting CVar [[r.SSS.Quality:1]]
[2019.09.30-06.47.09:831][  0]LogConfig: Setting CVar [[r.SSS.HalfRes:1]]
[2019.09.30-06.47.09:831][  0]LogConfig: Setting CVar [[r.EmitterSpawnRateScale:1.0]]
[2019.09.30-06.47.09:831][  0]LogConfig: Setting CVar [[r.ParticleLightQuality:2]]
[2019.09.30-06.47.09:831][  0]LogConfig: Applying CVar settings from Section [FoliageQuality@3] File [C:/Users/Sophie/Documents/GitHub/GameJam2/GameJam2/Saved/Config/Windows/Scalability.ini]
[2019.09.30-06.47.09:831][  0]LogConfig: Setting CVar [[foliage.DensityScale:1.0]]
[2019.09.30-06.47.09:831][  0]LogConfig: Setting CVar [[grass.DensityScale:1.0]]
[2019.09.30-06.47.09:831][  0]LogInit: Selected Device Profile: [Windows]
[2019.09.30-06.47.09:831][  0]LogInit: Applying CVar settings loaded from the selected device profile: [Windows]
[2019.09.30-06.47.09:835][  0]LogHAL: Display: Platform has ~ 8 GB [8474324992 / 8589934592 / 8], which maps to Default [LargestMinGB=32, LargerMinGB=12, DefaultMinGB=8, SmallerMinGB=6, SmallestMinGB=0)
[2019.09.30-06.47.09:835][  0]LogInit: Going up to parent DeviceProfile []
[2019.09.30-06.47.09:835][  0]LogConfig: Applying CVar settings from Section [ViewDistanceQuality@3] File [C:/Users/Sophie/Documents/GitHub/GameJam2/GameJam2/Saved/Config/Windows/Scalability.ini]
[2019.09.30-06.47.09:835][  0]LogConfig: Setting CVar [[r.SkeletalMeshLODBias:0]]
[2019.09.30-06.47.09:835][  0]LogConfig: Setting CVar [[r.ViewDistanceScale:1.0]]
[2019.09.30-06.47.09:835][  0]LogConfig: Applying CVar settings from Section [AntiAliasingQuality@3] File [C:/Users/Sophie/Documents/GitHub/GameJam2/GameJam2/Saved/Config/Windows/Scalability.ini]
[2019.09.30-06.47.09:835][  0]LogConfig: Setting CVar [[r.PostProcessAAQuality:4]]
[2019.09.30-06.47.09:835][  0]LogConfig: Applying CVar settings from Section [ShadowQuality@3] File [C:/Users/Sophie/Documents/GitHub/GameJam2/GameJam2/Saved/Config/Windows/Scalability.ini]
[2019.09.30-06.47.09:835][  0]LogConfig: Setting CVar [[r.LightFunctionQuality:1]]
[2019.09.30-06.47.09:835][  0]LogConfig: Setting CVar [[r.ShadowQuality:5]]
[2019.09.30-06.47.09:835][  0]LogConfig: Setting CVar [[r.Shadow.CSM.MaxCascades:10]]
[2019.09.30-06.47.09:835][  0]LogConfig: Setting CVar [[r.Shadow.MaxResolution:2048]]
[2019.09.30-06.47.09:835][  0]LogConfig: Setting CVar [[r.Shadow.MaxCSMResolution:2048]]
[2019.09.30-06.47.09:835][  0]LogConfig: Setting CVar [[r.Shadow.RadiusThreshold:0.01]]
[2019.09.30-06.47.09:835][  0]LogConfig: Setting CVar [[r.Shadow.DistanceScale:1.0]]
[2019.09.30-06.47.09:835][  0]LogConfig: Setting CVar [[r.Shadow.CSM.TransitionScale:1.0]]
[2019.09.30-06.47.09:835][  0]LogConfig: Setting CVar [[r.Shadow.PreShadowResolutionFactor:1.0]]
[2019.09.30-06.47.09:835][  0]LogConfig: Setting CVar [[r.DistanceFieldShadowing:1]]
[2019.09.30-06.47.09:835][  0]LogConfig: Setting CVar [[r.DistanceFieldAO:1]]
[2019.09.30-06.47.09:836][  0]LogConfig: Setting CVar [[r.AOQuality:2]]
[2019.09.30-06.47.09:836][  0]LogConfig: Setting CVar [[r.VolumetricFog:1]]
[2019.09.30-06.47.09:836][  0]LogConfig: Setting CVar [[r.VolumetricFog.GridPixelSize:8]]
[2019.09.30-06.47.09:836][  0]LogConfig: Setting CVar [[r.VolumetricFog.GridSizeZ:128]]
[2019.09.30-06.47.09:836][  0]LogConfig: Setting CVar [[r.VolumetricFog.HistoryMissSupersampleCount:4]]
[2019.09.30-06.47.09:836][  0]LogConfig: Setting CVar [[r.LightMaxDrawDistanceScale:1]]
[2019.09.30-06.47.09:836][  0]LogConfig: Setting CVar [[r.CapsuleShadows:1]]
[2019.09.30-06.47.09:836][  0]LogConfig: Applying CVar settings from Section [PostProcessQuality@3] File [C:/Users/Sophie/Documents/GitHub/GameJam2/GameJam2/Saved/Config/Windows/Scalability.ini]
[2019.09.30-06.47.09:836][  0]LogConfig: Setting CVar [[r.MotionBlurQuality:4]]
[2019.09.30-06.47.09:836][  0]LogConfig: Setting CVar [[r.AmbientOcclusionMipLevelFactor:0.4]]
[2019.09.30-06.47.09:836][  0]LogConfig: Setting CVar [[r.AmbientOcclusionMaxQuality:100]]
[2019.09.30-06.47.09:836][  0]LogConfig: Setting CVar [[r.AmbientOcclusionLevels:-1]]
[2019.09.30-06.47.09:836][  0]LogConfig: Setting CVar [[r.AmbientOcclusionRadiusScale:1.0]]
[2019.09.30-06.47.09:836][  0]LogConfig: Setting CVar [[r.DepthOfFieldQuality:2]]
[2019.09.30-06.47.09:836][  0]LogConfig: Setting CVar [[r.RenderTargetPoolMin:400]]
[2019.09.30-06.47.09:836][  0]LogConfig: Setting CVar [[r.LensFlareQuality:2]]
[2019.09.30-06.47.09:836][  0]LogConfig: Setting CVar [[r.SceneColorFringeQuality:1]]
[2019.09.30-06.47.09:836][  0]LogConfig: Setting CVar [[r.EyeAdaptationQuality:2]]
[2019.09.30-06.47.09:836][  0]LogConfig: Setting CVar [[r.BloomQuality:5]]
[2019.09.30-06.47.09:836][  0]LogConfig: Setting CVar [[r.FastBlurThreshold:100]]
[2019.09.30-06.47.09:836][  0]LogConfig: Setting CVar [[r.Upscale.Quality:3]]
[2019.09.30-06.47.09:836][  0]LogConfig: Setting CVar [[r.Tonemapper.GrainQuantization:1]]
[2019.09.30-06.47.09:836][  0]LogConfig: Setting CVar [[r.LightShaftQuality:1]]
[2019.09.30-06.47.09:836][  0]LogConfig: Setting CVar [[r.Filter.SizeScale:1]]
[2019.09.30-06.47.09:836][  0]LogConfig: Setting CVar [[r.Tonemapper.Quality:5]]
[2019.09.30-06.47.09:836][  0]LogConfig: Setting CVar [[r.DOF.Gather.AccumulatorQuality:1        ; higher gathering accumulator quality]]
[2019.09.30-06.47.09:836][  0]LogConfig: Setting CVar [[r.DOF.Gather.PostfilterMethod:1          ; Median3x3 postfilering method]]
[2019.09.30-06.47.09:836][  0]LogConfig: Setting CVar [[r.DOF.Gather.EnableBokehSettings:0       ; no bokeh simulation when gathering]]
[2019.09.30-06.47.09:836][  0]LogConfig: Setting CVar [[r.DOF.Gather.RingCount:4                 ; medium number of samples when gathering]]
[2019.09.30-06.47.09:836][  0]LogConfig: Setting CVar [[r.DOF.Scatter.ForegroundCompositing:1    ; additive foreground scattering]]
[2019.09.30-06.47.09:836][  0]LogConfig: Setting CVar [[r.DOF.Scatter.BackgroundCompositing:2    ; additive background scattering]]
[2019.09.30-06.47.09:836][  0]LogConfig: Setting CVar [[r.DOF.Scatter.EnableBokehSettings:1      ; bokeh simulation when scattering]]
[2019.09.30-06.47.09:836][  0]LogConfig: Setting CVar [[r.DOF.Scatter.MaxSpriteRatio:0.1         ; only a maximum of 10% of scattered bokeh]]
[2019.09.30-06.47.09:836][  0]LogConfig: Setting CVar [[r.DOF.Recombine.Quality:1                ; cheap slight out of focus]]
[2019.09.30-06.47.09:836][  0]LogConfig: Setting CVar [[r.DOF.Recombine.EnableBokehSettings:0    ; no bokeh simulation on slight out of focus]]
[2019.09.30-06.47.09:836][  0]LogConfig: Setting CVar [[r.DOF.TemporalAAQuality:1                ; more stable temporal accumulation]]
[2019.09.30-06.47.09:836][  0]LogConfig: Setting CVar [[r.DOF.Kernel.MaxForegroundRadius:0.025]]
[2019.09.30-06.47.09:836][  0]LogConfig: Setting CVar [[r.DOF.Kernel.MaxBackgroundRadius:0.025]]
[2019.09.30-06.47.09:836][  0]LogConfig: Applying CVar settings from Section [TextureQuality@3] File [C:/Users/Sophie/Documents/GitHub/GameJam2/GameJam2/Saved/Config/Windows/Scalability.ini]
[2019.09.30-06.47.09:836][  0]LogConfig: Setting CVar [[r.Streaming.MipBias:0]]
[2019.09.30-06.47.09:836][  0]LogConfig: Setting CVar [[r.Streaming.AmortizeCPUToGPUCopy:0]]
[2019.09.30-06.47.09:836][  0]LogConfig: Setting CVar [[r.Streaming.MaxNumTexturesToStreamPerFrame:0]]
[2019.09.30-06.47.09:836][  0]LogConfig: Setting CVar [[r.Streaming.Boost:1]]
[2019.09.30-06.47.09:836][  0]LogConfig: Setting CVar [[r.MaxAnisotropy:8]]
[2019.09.30-06.47.09:836][  0]LogConfig: Setting CVar [[r.Streaming.LimitPoolSizeToVRAM:0]]
[2019.09.30-06.47.09:836][  0]LogConfig: Setting CVar [[r.Streaming.PoolSize:1000]]
[2019.09.30-06.47.09:836][  0]LogConfig: Setting CVar [[r.Streaming.MaxEffectiveScreenSize:0]]
[2019.09.30-06.47.09:836][  0]LogConfig: Applying CVar settings from Section [EffectsQuality@3] File [C:/Users/Sophie/Documents/GitHub/GameJam2/GameJam2/Saved/Config/Windows/Scalability.ini]
[2019.09.30-06.47.09:836][  0]LogConfig: Setting CVar [[r.TranslucencyLightingVolumeDim:64]]
[2019.09.30-06.47.09:836][  0]LogConfig: Setting CVar [[r.RefractionQuality:2]]
[2019.09.30-06.47.09:836][  0]LogConfig: Setting CVar [[r.SSR.Quality:3]]
[2019.09.30-06.47.09:836][  0]LogConfig: Setting CVar [[r.SceneColorFormat:4]]
[2019.09.30-06.47.09:836][  0]LogConfig: Setting CVar [[r.DetailMode:2]]
[2019.09.30-06.47.09:836][  0]LogConfig: Setting CVar [[r.TranslucencyVolumeBlur:1]]
[2019.09.30-06.47.09:836][  0]LogConfig: Setting CVar [[r.MaterialQualityLevel:1 ; High quality]]
[2019.09.30-06.47.09:836][  0]LogConfig: Setting CVar [[r.SSS.Scale:1]]
[2019.09.30-06.47.09:837][  0]LogConfig: Setting CVar [[r.SSS.SampleSet:2]]
[2019.09.30-06.47.09:837][  0]LogConfig: Setting CVar [[r.SSS.Quality:1]]
[2019.09.30-06.47.09:837][  0]LogConfig: Setting CVar [[r.SSS.HalfRes:1]]
[2019.09.30-06.47.09:837][  0]LogConfig: Setting CVar [[r.EmitterSpawnRateScale:1.0]]
[2019.09.30-06.47.09:837][  0]LogConfig: Setting CVar [[r.ParticleLightQuality:2]]
[2019.09.30-06.47.09:837][  0]LogConfig: Applying CVar settings from Section [FoliageQuality@3] File [C:/Users/Sophie/Documents/GitHub/GameJam2/GameJam2/Saved/Config/Windows/Scalability.ini]
[2019.09.30-06.47.09:837][  0]LogConfig: Setting CVar [[foliage.DensityScale:1.0]]
[2019.09.30-06.47.09:837][  0]LogConfig: Setting CVar [[grass.DensityScale:1.0]]
[2019.09.30-06.47.09:837][  0]LogConfig: Applying CVar settings from Section [Startup] File [../../../Engine/Config/ConsoleVariables.ini]
[2019.09.30-06.47.09:837][  0]LogConfig: Setting CVar [[net.UseAdaptiveNetUpdateFrequency:0]]
[2019.09.30-06.47.09:837][  0]LogConfig: Setting CVar [[p.chaos.AllowCreatePhysxBodies:1]]
[2019.09.30-06.47.09:837][  0]LogConfig: Applying CVar settings from Section [ConsoleVariables] File [C:/Users/Sophie/Documents/GitHub/GameJam2/GameJam2/Saved/Config/Windows/Engine.ini]
[2019.09.30-06.47.09:837][  0]LogInit: Computer: TURPENTINE
[2019.09.30-06.47.09:837][  0]LogInit: User: Sophie
[2019.09.30-06.47.09:837][  0]LogInit: CPU Page size=4096, Cores=2
[2019.09.30-06.47.09:837][  0]LogInit: High frequency timer resolution =2.435885 MHz
[2019.09.30-06.47.09:837][  0]LogMemory: Memory total: Physical=7.9GB (8GB approx)
[2019.09.30-06.47.09:837][  0]LogMemory: Platform Memory Stats for Windows
[2019.09.30-06.47.09:837][  0]LogMemory: Process Physical Memory: 97.21 MB used, 97.21 MB peak
[2019.09.30-06.47.09:837][  0]LogMemory: Process Virtual Memory: 87.49 MB used, 87.49 MB peak
[2019.09.30-06.47.09:837][  0]LogMemory: Physical Memory: 6068.04 MB used,  2013.71 MB free, 8081.75 MB total
[2019.09.30-06.47.09:837][  0]LogMemory: Virtual Memory: 504.39 MB used,  134217224.00 MB free, 134217728.00 MB total
[2019.09.30-06.47.09:845][  0]LogWindows: WindowsPlatformFeatures enabled
[2019.09.30-06.47.09:865][  0]LogInit: Using OS detected language (en-US).
[2019.09.30-06.47.09:865][  0]LogInit: Using OS detected locale (en-CA).
[2019.09.30-06.47.09:866][  0]LogTextLocalizationManager: No specific localization for 'en-US' exists, so the 'en' localization will be used.
[2019.09.30-06.47.10:136][  0]LogInit: Setting process to per monitor DPI aware
[2019.09.30-06.47.10:170][  0]LogSlate: New Slate User Created.  User Index 0, Is Virtual User: 0
[2019.09.30-06.47.10:170][  0]LogSlate: Slate User Registered.  User Index 0, Is Virtual User: 0
[2019.09.30-06.47.10:460][  0]LogHMD: Failed to initialize OpenVR with code 110
[2019.09.30-06.47.10:460][  0]LogD3D11RHI: D3D11 adapters:
[2019.09.30-06.47.10:465][  0]LogD3D11RHI:    0. 'Intel(R) HD Graphics 4000' (Feature Level 11_0)
[2019.09.30-06.47.10:465][  0]LogD3D11RHI:       32/0/1760 MB DedicatedVideo/DedicatedSystem/SharedSystem, Outputs:2, VendorId:0x8086
[2019.09.30-06.47.10:467][  0]LogD3D11RHI:    1. 'Microsoft Basic Render Driver' (Feature Level 11_0)
[2019.09.30-06.47.10:467][  0]LogD3D11RHI:       0/0/256 MB DedicatedVideo/DedicatedSystem/SharedSystem, Outputs:0, VendorId:0x1414
[2019.09.30-06.47.10:467][  0]LogD3D11RHI: Chosen D3D11 Adapter: 0
[2019.09.30-06.47.10:474][  0]LogD3D11RHI: Creating new Direct3DDevice
[2019.09.30-06.47.10:474][  0]LogD3D11RHI:     GPU DeviceId: 0x166 (for the marketing name, search the web for "GPU Device Id")
[2019.09.30-06.47.10:474][  0]LogWindows: EnumDisplayDevices:
[2019.09.30-06.47.10:474][  0]LogWindows:    0. 'Intel(R) HD Graphics 4000' (P:1 D:1)
[2019.09.30-06.47.10:474][  0]LogWindows:    1. 'Intel(R) HD Graphics 4000' (P:0 D:1)
[2019.09.30-06.47.10:475][  0]LogWindows:    2. 'Intel(R) HD Graphics 4000' (P:0 D:0)
[2019.09.30-06.47.10:475][  0]LogWindows: DebugString: FoundDriverCount:3 
[2019.09.30-06.47.10:475][  0]LogD3D11RHI:     Adapter Name: Intel(R) HD Graphics 4000
[2019.09.30-06.47.10:475][  0]LogD3D11RHI:   Driver Version: 10.18.10.3308 (internal:10.18.10.3308, unified:10.18.10.3308)
[2019.09.30-06.47.10:475][  0]LogD3D11RHI:      Driver Date: 9-16-2013
[2019.09.30-06.47.10:475][  0]LogRHI: Texture pool is 638 MB (70% of 912 MB)
[2019.09.30-06.47.10:479][  0]LogD3D11RHI: Async texture creation enabled
[2019.09.30-06.47.10:485][  0]LogD3D11RHI: GPU Timing Frequency: 12.500000 (Debug: 2 0)
[2019.09.30-06.47.10:952][  0]LogTemp: Display: Module 'AllDesktopTargetPlatform' loaded TargetPlatform 'AllDesktop'
[2019.09.30-06.47.10:966][  0]LogTemp: Display: Module 'MacClientTargetPlatform' loaded TargetPlatform 'MacClient'
[2019.09.30-06.47.10:981][  0]LogTemp: Display: Module 'MacNoEditorTargetPlatform' loaded TargetPlatform 'MacNoEditor'
[2019.09.30-06.47.10:994][  0]LogTemp: Display: Module 'MacServerTargetPlatform' loaded TargetPlatform 'MacServer'
[2019.09.30-06.47.11:007][  0]LogTemp: Display: Module 'MacTargetPlatform' loaded TargetPlatform 'Mac'
[2019.09.30-06.47.11:019][  0]LogTemp: Display: Module 'WindowsClientTargetPlatform' loaded TargetPlatform 'WindowsClient'
[2019.09.30-06.47.11:031][  0]LogTemp: Display: Module 'WindowsNoEditorTargetPlatform' loaded TargetPlatform 'WindowsNoEditor'
[2019.09.30-06.47.11:043][  0]LogTemp: Display: Module 'WindowsServerTargetPlatform' loaded TargetPlatform 'WindowsServer'
[2019.09.30-06.47.11:048][  0]LogTemp: Display: Module 'WindowsTargetPlatform' loaded TargetPlatform 'Windows'
[2019.09.30-06.47.11:100][  0]LogTemp: Display: Module 'AndroidTargetPlatform' loaded TargetPlatform 'Android'
[2019.09.30-06.47.11:100][  0]LogTemp: Display: Module 'AndroidTargetPlatform' loaded TargetPlatform 'Android_ASTC'
[2019.09.30-06.47.11:100][  0]LogTemp: Display: Module 'AndroidTargetPlatform' loaded TargetPlatform 'Android_ATC'
[2019.09.30-06.47.11:101][  0]LogTemp: Display: Module 'AndroidTargetPlatform' loaded TargetPlatform 'Android_DXT'
[2019.09.30-06.47.11:101][  0]LogTemp: Display: Module 'AndroidTargetPlatform' loaded TargetPlatform 'Android_ETC1'
[2019.09.30-06.47.11:101][  0]LogTemp: Display: Module 'AndroidTargetPlatform' loaded TargetPlatform 'Android_ETC1a'
[2019.09.30-06.47.11:101][  0]LogTemp: Display: Module 'AndroidTargetPlatform' loaded TargetPlatform 'Android_ETC2'
[2019.09.30-06.47.11:101][  0]LogTemp: Display: Module 'AndroidTargetPlatform' loaded TargetPlatform 'Android_PVRTC'
[2019.09.30-06.47.11:101][  0]LogTemp: Display: Module 'AndroidTargetPlatform' loaded TargetPlatform 'AndroidClient'
[2019.09.30-06.47.11:101][  0]LogTemp: Display: Module 'AndroidTargetPlatform' loaded TargetPlatform 'Android_ASTCClient'
[2019.09.30-06.47.11:101][  0]LogTemp: Display: Module 'AndroidTargetPlatform' loaded TargetPlatform 'Android_ATCClient'
[2019.09.30-06.47.11:101][  0]LogTemp: Display: Module 'AndroidTargetPlatform' loaded TargetPlatform 'Android_DXTClient'
[2019.09.30-06.47.11:101][  0]LogTemp: Display: Module 'AndroidTargetPlatform' loaded TargetPlatform 'Android_ETC1Client'
[2019.09.30-06.47.11:101][  0]LogTemp: Display: Module 'AndroidTargetPlatform' loaded TargetPlatform 'Android_ETC1aClient'
[2019.09.30-06.47.11:101][  0]LogTemp: Display: Module 'AndroidTargetPlatform' loaded TargetPlatform 'Android_ETC2Client'
[2019.09.30-06.47.11:101][  0]LogTemp: Display: Module 'AndroidTargetPlatform' loaded TargetPlatform 'Android_PVRTCClient'
[2019.09.30-06.47.11:101][  0]LogTemp: Display: Module 'AndroidTargetPlatform' loaded TargetPlatform 'Android_Multi'
[2019.09.30-06.47.11:101][  0]LogTemp: Display: Module 'AndroidTargetPlatform' loaded TargetPlatform 'Android_MultiClient'
[2019.09.30-06.47.11:103][  0]LogTemp: Display: Module 'HTML5TargetPlatform' loaded TargetPlatform 'HTML5'
[2019.09.30-06.47.11:129][  0]LogTemp: Display: Module 'IOSTargetPlatform' loaded TargetPlatform 'IOSClient'
[2019.09.30-06.47.11:129][  0]LogTemp: Display: Module 'IOSTargetPlatform' loaded TargetPlatform 'IOS'
[2019.09.30-06.47.11:154][  0]LogTemp: Display: Module 'TVOSTargetPlatform' loaded TargetPlatform 'TVOSClient'
[2019.09.30-06.47.11:154][  0]LogTemp: Display: Module 'TVOSTargetPlatform' loaded TargetPlatform 'TVOS'
[2019.09.30-06.47.11:166][  0]LogTemp: Display: Module 'LinuxClientTargetPlatform' loaded TargetPlatform 'LinuxClient'
[2019.09.30-06.47.11:177][  0]LogTemp: Display: Module 'LinuxNoEditorTargetPlatform' loaded TargetPlatform 'LinuxNoEditor'
[2019.09.30-06.47.11:189][  0]LogTemp: Display: Module 'LinuxServerTargetPlatform' loaded TargetPlatform 'LinuxServer'
[2019.09.30-06.47.11:202][  0]LogTemp: Display: Module 'LinuxTargetPlatform' loaded TargetPlatform 'Linux'
[2019.09.30-06.47.11:241][  0]LogTemp: Display: Module 'LuminTargetPlatform' loaded TargetPlatform 'Lumin'
[2019.09.30-06.47.11:241][  0]LogTemp: Display: Module 'LuminTargetPlatform' loaded TargetPlatform 'LuminClient'
[2019.09.30-06.47.11:241][  0]LogTargetPlatformManager: Display: Building Assets For Windows
[2019.09.30-06.47.11:250][  0]LogAudioDebug: Display: Lib vorbis DLL was dynamically loaded.
[2019.09.30-06.47.11:300][  0]LogShaderCompilers: Guid format shader working directory is -3 characters bigger than the processId version (C:/Users/Sophie/Documents/GitHub/GameJam2/GameJam2/Intermediate/Shaders/WorkingDirectory/5168/).
[2019.09.30-06.47.11:300][  0]LogShaderCompilers: Cleaned the shader compiler working directory 'C:/Users/Sophie/AppData/Local/Temp/UnrealShaderWorkingDir/71CE0E06477FB05C7E136AAB165B94DE/'.
[2019.09.30-06.47.11:302][  0]LogXGEController: Cannot use XGE Controller as Incredibuild is not installed on this machine.
[2019.09.30-06.47.11:302][  0]LogShaderCompilers: Cannot use XGE Shader Compiler as Incredibuild is not installed on this machine.
[2019.09.30-06.47.11:302][  0]LogShaderCompilers: Display: Using Local Shader Compiler.
[2019.09.30-06.47.12:117][  0]LogDerivedDataCache: Display: Max Cache Size: 512 MB
[2019.09.30-06.47.12:211][  0]LogDerivedDataCache: Loaded boot cache 0.09s 73MB C:/Users/Sophie/AppData/Local/UnrealEngine/4.23/DerivedDataCache/Boot.ddc.
[2019.09.30-06.47.12:212][  0]LogDerivedDataCache: Display: Loaded Boot cache: C:/Users/Sophie/AppData/Local/UnrealEngine/4.23/DerivedDataCache/Boot.ddc
[2019.09.30-06.47.12:212][  0]LogDerivedDataCache: FDerivedDataBackendGraph:  Pak pak cache file C:/Users/Sophie/Documents/GitHub/GameJam2/GameJam2/DerivedDataCache/DDC.ddp not found, will not use a pak cache.
[2019.09.30-06.47.12:212][  0]LogDerivedDataCache: Unable to find inner node Pak for hierarchical cache Hierarchy.
[2019.09.30-06.47.12:212][  0]LogDerivedDataCache: FDerivedDataBackendGraph:  CompressedPak pak cache file C:/Users/Sophie/Documents/GitHub/GameJam2/GameJam2/DerivedDataCache/Compressed.ddp not found, will not use a pak cache.
[2019.09.30-06.47.12:212][  0]LogDerivedDataCache: Unable to find inner node CompressedPak for hierarchical cache Hierarchy.
[2019.09.30-06.47.12:228][  0]LogDerivedDataCache: Display: Pak cache opened for reading ../../../Engine/DerivedDataCache/Compressed.ddp.
[2019.09.30-06.47.12:228][  0]LogDerivedDataCache: FDerivedDataBackendGraph:  EnterprisePak pak cache file ../../../Enterprise/DerivedDataCache/Compressed.ddp not found, will not use a pak cache.
[2019.09.30-06.47.12:228][  0]LogDerivedDataCache: Unable to find inner node EnterprisePak for hierarchical cache Hierarchy.
[2019.09.30-06.47.12:230][  0]LogDerivedDataCache: Using Local data cache path C:/Users/Sophie/AppData/Local/UnrealEngine/Common/DerivedDataCache: Writable
[2019.09.30-06.47.12:230][  0]LogDerivedDataCache: Shared data cache path not found in *engine.ini, will not use an Shared cache.
[2019.09.30-06.47.12:230][  0]LogDerivedDataCache: Unable to find inner node Shared for hierarchical cache Hierarchy.
[2019.09.30-06.47.12:271][  0]LogMaterial: Verifying Global Shaders for PCD3D_SM5
[2019.09.30-06.47.12:275][  0]LogSlate: Using FreeType 2.6.0
[2019.09.30-06.47.12:276][  0]LogSlate: SlateFontServices - WITH_FREETYPE: 1, WITH_HARFBUZZ: 1
[2019.09.30-06.47.12:373][  0]LogAssetRegistry: FAssetRegistry took 0.0032 seconds to start up
[2019.09.30-06.47.12:893][  0]LogInit: Selected Device Profile: [Windows]
[2019.09.30-06.47.12:958][  0]LogMeshReduction: Using QuadricMeshReduction for automatic static mesh reduction
[2019.09.30-06.47.12:958][  0]LogMeshReduction: Using SimplygonMeshReduction for automatic skeletal mesh reduction
[2019.09.30-06.47.12:958][  0]LogMeshReduction: Using ProxyLODMeshReduction for automatic mesh merging
[2019.09.30-06.47.12:958][  0]LogMeshReduction: No distributed automatic mesh merging module available
[2019.09.30-06.47.12:958][  0]LogMeshMerging: No distributed automatic mesh merging module available
[2019.09.30-06.47.13:142][  0]LogNetVersion: GameJam2 1.0.0, NetCL: 8386587, EngineNetVer: 11, GameNetVer: 0 (Checksum: 950447696)
[2019.09.30-06.47.13:818][  0]LogPackageLocalizationCache: Processed 12 localized package path(s) for 1 prioritized culture(s) in 0.060207 seconds
[2019.09.30-06.47.13:828][  0]LogUObjectArray: 43444 objects as part of root set at end of initial load.
[2019.09.30-06.47.13:828][  0]LogUObjectAllocator: 7548648 out of 0 bytes used by permanent object pool.
[2019.09.30-06.47.13:828][  0]LogUObjectArray: CloseDisregardForGC: 0/0 objects in disregard for GC pool
[2019.09.30-06.47.14:996][  0]LogTcpMessaging: Initializing TcpMessaging bridge
[2019.09.30-06.47.15:000][  0]LogUdpMessaging: Initializing bridge on interface 0.0.0.0:0 to multicast group 230.0.0.1:6666.
[2019.09.30-06.47.15:083][  0]SourceControl: Source control is disabled
[2019.09.30-06.47.15:083][  0]SourceControl: Source control is disabled
[2019.09.30-06.47.15:087][  0]SourceControl: Source control is disabled
[2019.09.30-06.47.15:088][  0]SourceControl: Source control is disabled
[2019.09.30-06.47.15:212][  0]LogAndroidPermission: UAndroidPermissionCallbackProxy::GetInstance
[2019.09.30-06.47.15:316][  0]LogOcInput: OculusInput pre-init called
[2019.09.30-06.47.15:329][  0]LogWindows: Failed to load 'OVRPlugin.dll' (GetLastError=126)
[2019.09.30-06.47.15:329][  0]LogWindows: File 'OVRPlugin.dll' does not exist
[2019.09.30-06.47.15:423][  0]LogEngine: Initializing Engine...
[2019.09.30-06.47.15:424][  0]LogHMD: Failed to initialize OpenVR with code 110
[2019.09.30-06.47.15:425][  0]LogStats: UGameplayTagsManager::InitializeManager -  0.000 s
[2019.09.30-06.47.15:758][  0]LogInit: Initializing FReadOnlyCVARCache
[2019.09.30-06.47.15:791][  0]LogAIModule: Creating AISystem for world Untitled
[2019.09.30-06.47.15:856][  0]LogInit: XAudio2 using 'Speakers (Realtek High Definition Audio)' : 2 channels at 48 kHz using 32 bits per sample (channel mask 0x3)
[2019.09.30-06.47.15:964][  0]LogInit: FAudioDevice initialized.
[2019.09.30-06.47.15:964][  0]LogNetVersion: Set ProjectVersion to 1.0.0.0. Version Checksum will be recalculated on next use.
[2019.09.30-06.47.17:250][  0]LogDerivedDataCache: Saved boot cache 1.29s 73MB C:/Users/Sophie/AppData/Local/UnrealEngine/4.23/DerivedDataCache/Boot.ddc.
[2019.09.30-06.47.17:255][  0]LogInit: Texture streaming: Enabled
[2019.09.30-06.47.17:276][  0]LogEngineSessionManager: EngineSessionManager initialized
[2019.09.30-06.47.17:340][  0]LogInit: Transaction tracking system initialized
[2019.09.30-06.47.17:379][  0]BlueprintLog: New page: Editor Load
[2019.09.30-06.47.17:477][  0]LocalizationService: Localization service is disabled
[2019.09.30-06.47.17:864][  0]LogFileCache: Scanning file cache for directory 'C:/Users/Sophie/Documents/GitHub/GameJam2/GameJam2/Content/' took 0.01s
[2019.09.30-06.47.17:865][  0]LogCook: Display: Max memory allowance for cook 16384mb min free memory 0mb
[2019.09.30-06.47.17:865][  0]LogCook: Display: Mobile HDR setting 1
[2019.09.30-06.47.18:137][  0]SourceControl: Source control is disabled
[2019.09.30-06.47.18:137][  0]Cmd: MAP LOAD FILE="C:/Users/Sophie/Documents/GitHub/GameJam2/GameJam2/Content/TopDownBP/Maps/TopDownExampleMap.umap" TEMPLATE=0 SHOWPROGRESS=1 FEATURELEVEL=3
[2019.09.30-06.47.18:138][  0]LightingResults: New page: Lighting Build
[2019.09.30-06.47.18:141][  0]LogWorld: UWorld::CleanupWorld for Untitled, bSessionEnded=true, bCleanupResources=true
[2019.09.30-06.47.18:141][  0]MapCheck: New page: Map Check
[2019.09.30-06.47.18:141][  0]LightingResults: New page: Lighting Build
[2019.09.30-06.47.18:184][  0]LogUObjectHash: Compacting FUObjectHashTables data took   3.60ms
[2019.09.30-06.47.18:906][  0]LogAIModule: Creating AISystem for world TopDownExampleMap
[2019.09.30-06.47.18:930][  0]LogEditorServer: Finished looking for orphan Actors (0.000 secs)
[2019.09.30-06.47.19:010][  0]LogUObjectHash: Compacting FUObjectHashTables data took   4.51ms
[2019.09.30-06.47.19:010][  0]Cmd: MAP CHECKDEP NOCLEARLOG
[2019.09.30-06.47.19:010][  0]MapCheck: Map check complete: 0 Error(s), 0 Warning(s), took 0.282ms to complete.
[2019.09.30-06.47.19:010][  0]LogFileHelpers: Loading map 'TopDownExampleMap' took 0.874
[2019.09.30-06.47.19:121][  0]LogSlate: Updating window title bar state: overlay mode, drag disabled, window buttons hidden, title bar hidden
[2019.09.30-06.47.19:132][  0]LogSlate: Updating window title bar state: overlay mode, drag disabled, window buttons hidden, title bar hidden
[2019.09.30-06.47.19:148][  0]LogSlate: Updating window title bar state: overlay mode, drag disabled, window buttons hidden, title bar hidden
[2019.09.30-06.47.19:171][  0]LogSlate: Updating window title bar state: overlay mode, drag disabled, window buttons hidden, title bar hidden
[2019.09.30-06.47.19:178][  0]LogCollectionManager: Loaded 0 collections in 0.001818 seconds
[2019.09.30-06.47.19:189][  0]LogFileCache: Scanning file cache for directory 'C:/Users/Sophie/Documents/GitHub/GameJam2/GameJam2/Saved/Collections/' took 0.00s
[2019.09.30-06.47.19:189][  0]LogFileCache: Scanning file cache for directory 'C:/Users/Sophie/Documents/GitHub/GameJam2/GameJam2/Content/Developers/Sophie/Collections/' took 0.00s
[2019.09.30-06.47.19:189][  0]LogFileCache: Scanning file cache for directory 'C:/Users/Sophie/Documents/GitHub/GameJam2/GameJam2/Content/Collections/' took 0.00s
[2019.09.30-06.47.19:189][  0]LogCollectionManager: Rebuilt the GUID cache for 0 collections in 0.000003 seconds
[2019.09.30-06.47.19:203][  0]LogContentBrowser: Native class hierarchy populated in 0.0141 seconds. Added 2863 classes and 680 folders.
[2019.09.30-06.47.19:209][  0]LogContentBrowser: Native class hierarchy updated for 'WidgetCarousel' in 0.0003 seconds. Added 0 classes and 0 folders.
[2019.09.30-06.47.19:275][  0]LogContentBrowser: Native class hierarchy updated for 'AddContentDialog' in 0.0003 seconds. Added 0 classes and 0 folders.
[2019.09.30-06.47.19:282][  0]LogContentBrowser: Native class hierarchy updated for 'SceneOutliner' in 0.0004 seconds. Added 1 classes and 2 folders.
[2019.09.30-06.47.19:301][  0]LogSlate: Took 0.000284 seconds to synchronously load lazily loaded font '../../../Engine/Content/Slate/Fonts/Roboto-Bold.ttf' (160K)
[2019.09.30-06.47.19:304][  0]LogSlate: Took 0.000280 seconds to synchronously load lazily loaded font '../../../Engine/Content/Slate/Fonts/Roboto-Regular.ttf' (155K)
[2019.09.30-06.47.19:309][  0]LogSlate: FSceneViewport::OnFocusLost() reason 5
[2019.09.30-06.47.19:330][  0]LogSlate: Window 'Tutorials' being destroyed
[2019.09.30-06.47.19:342][  0]LogContentBrowser: Native class hierarchy updated for 'HierarchicalLODOutliner' in 0.0004 seconds. Added 0 classes and 0 folders.
[2019.09.30-06.47.19:342][  0]LogLoad: (Engine Initialization) Total time: 11.29 seconds
[2019.09.30-06.47.19:342][  0]LogLoad: (Engine Initialization) Total Blueprint compile time: 0.00 seconds
[2019.09.30-06.47.19:361][  0]LogWindowsTextInputMethodSystem: Display: IME system now deactivated.
[2019.09.30-06.47.19:416][  0]LogContentStreaming: Texture pool size now 1000 MB
[2019.09.30-06.47.19:425][  0]LogSlate: Took 0.000255 seconds to synchronously load lazily loaded font '../../../Engine/Content/Editor/Slate/Fonts/FontAwesome.ttf' (139K)
[2019.09.30-06.47.20:177][  0]LogSlate: Took 0.000386 seconds to synchronously load lazily loaded font '../../../Engine/Content/Slate/Fonts/Roboto-Light.ttf' (167K)
[2019.09.30-06.47.20:236][  1]LogRenderer: Reallocating scene render targets to support 804x360 Format 10 NumSamples 1 (Frame:1).
[2019.09.30-06.47.21:326][  1]LogAssetRegistry: Asset discovery search completed in 8.9544 seconds
[2019.09.30-06.47.21:334][  1]LogCollectionManager: Rebuilt the object cache for 0 collections in 0.000009 seconds (found 0 objects)
[2019.09.30-06.47.21:335][  1]LogCollectionManager: Fixed up redirectors for 0 collections in 0.000126 seconds (updated 0 objects)
[2019.09.30-06.47.31:497][147]LogSlate: FSceneViewport::OnFocusLost() reason 0
[2019.09.30-06.47.55:121][934]LogSlate: Took 0.000287 seconds to synchronously load lazily loaded font '../../../Engine/Content/Slate/Fonts/Roboto-Light.ttf' (167K)
[2019.09.30-06.47.55:349][934]Cmd: OBJ SAVEPACKAGE PACKAGE="/Game/Blueprints/fruitApple" FILE="C:/Users/Sophie/Documents/GitHub/GameJam2/GameJam2/Content/Blueprints/fruitApple.uasset" SILENT=true
[2019.09.30-06.47.55:397][934]LogOutputDevice: Warning: 

Script Stack (0 frames):

[2019.09.30-06.47.59:079][934]LogStats: FPlatformStackWalk::StackWalkAndDump -  3.681 s
[2019.09.30-06.47.59:079][934]LogOutputDevice: Error: === Handled ensure: ===
[2019.09.30-06.47.59:079][934]LogOutputDevice: Error: 
[2019.09.30-06.47.59:079][934]LogOutputDevice: Error: Ensure condition failed: !SeenPaths.Contains(NewPath) [File:D:/Build/++UE4/Sync/Engine/Source/Runtime/CoreUObject/Private/Misc/RedirectCollector.cpp] [Line: 222]
[2019.09.30-06.47.59:079][934]LogOutputDevice: Error: Found circular redirect from /Game/Blueprints/FruitApple.FruitApple_C to /Game/Blueprints/FruitApple.FruitApple_C! Returning None instead
[2019.09.30-06.47.59:079][934]LogOutputDevice: Error: Stack: 
[2019.09.30-06.47.59:079][934]LogOutputDevice: Error: [Callstack] 0x00007fff86556df0 UE4Editor-CoreUObject.dll!UnknownFunction []
[2019.09.30-06.47.59:079][934]LogOutputDevice: Error: [Callstack] 0x00007fff861d62e4 UE4Editor-CoreUObject.dll!UnknownFunction []
[2019.09.30-06.47.59:079][934]LogOutputDevice: Error: [Callstack] 0x00007fff8648f2d6 UE4Editor-CoreUObject.dll!UnknownFunction []
[2019.09.30-06.47.59:079][934]LogOutputDevice: Error: [Callstack] 0x00007fff864a6089 UE4Editor-CoreUObject.dll!UnknownFunction []
[2019.09.30-06.47.59:079][934]LogOutputDevice: Error: [Callstack] 0x00007fff8620ded7 UE4Editor-CoreUObject.dll!UnknownFunction []
[2019.09.30-06.47.59:079][934]LogOutputDevice: Error: [Callstack] 0x00007fff8619bc83 UE4Editor-CoreUObject.dll!UnknownFunction []
[2019.09.30-06.47.59:079][934]LogOutputDevice: Error: [Callstack] 0x00007fff8649d683 UE4Editor-CoreUObject.dll!UnknownFunction []
[2019.09.30-06.47.59:079][934]LogOutputDevice: Error: [Callstack] 0x00007fff8632543c UE4Editor-CoreUObject.dll!UnknownFunction []
[2019.09.30-06.47.59:079][934]LogOutputDevice: Error: [Callstack] 0x00007fff8644fb89 UE4Editor-CoreUObject.dll!UnknownFunction []
[2019.09.30-06.47.59:079][934]LogOutputDevice: Error: [Callstack] 0x00007fff864500e1 UE4Editor-CoreUObject.dll!UnknownFunction []
[2019.09.30-06.47.59:079][934]LogOutputDevice: Error: [Callstack] 0x00007fff8632756c UE4Editor-CoreUObject.dll!UnknownFunction []
[2019.09.30-06.47.59:079][934]LogOutputDevice: Error: [Callstack] 0x00007fff86325512 UE4Editor-CoreUObject.dll!UnknownFunction []
[2019.09.30-06.47.59:079][934]LogOutputDevice: Error: [Callstack] 0x00007fff8644fb89 UE4Editor-CoreUObject.dll!UnknownFunction []
[2019.09.30-06.47.59:079][934]LogOutputDevice: Error: [Callstack] 0x00007fff863ee21c UE4Editor-CoreUObject.dll!UnknownFunction []
[2019.09.30-06.47.59:079][934]LogOutputDevice: Error: [Callstack] 0x00007fff864500e1 UE4Editor-CoreUObject.dll!UnknownFunction []
[2019.09.30-06.47.59:079][934]LogOutputDevice: Error: [Callstack] 0x00007fff8632756c UE4Editor-CoreUObject.dll!UnknownFunction []
[2019.09.30-06.47.59:079][934]LogOutputDevice: Error: [Callstack] 0x00007fff863ee8c3 UE4Editor-CoreUObject.dll!UnknownFunction []
[2019.09.30-06.47.59:080][934]LogOutputDevice: Error: [Callstack] 0x00007fff863ecceb UE4Editor-CoreUObject.dll!UnknownFunction []
[2019.09.30-06.47.59:080][934]LogOutputDevice: Error: [Callstack] 0x00007fff863ec9d4 UE4Editor-CoreUObject.dll!UnknownFunction []
[2019.09.30-06.47.59:080][934]LogOutputDevice: Error: [Callstack] 0x00007fff83851f95 UE4Editor-Engine.dll!UnknownFunction []
[2019.09.30-06.47.59:080][934]LogOutputDevice: Error: [Callstack] 0x00007fff83851a3c UE4Editor-Engine.dll!UnknownFunction []
[2019.09.30-06.47.59:080][934]LogOutputDevice: Error: [Callstack] 0x00007fff86431c22 UE4Editor-CoreUObject.dll!UnknownFunction []
[2019.09.30-06.47.59:080][934]LogOutputDevice: Error: [Callstack] 0x00007fff864539c9 UE4Editor-CoreUObject.dll!UnknownFunction []
[2019.09.30-06.47.59:080][934]LogOutputDevice: Error: [Callstack] 0x00007fff8643a631 UE4Editor-CoreUObject.dll!UnknownFunction []
[2019.09.30-06.47.59:080][934]LogOutputDevice: Error: [Callstack] 0x00007fff817a795f UE4Editor-UnrealEd.dll!UnknownFunction []
[2019.09.30-06.47.59:080][934]LogOutputDevice: Error: [Callstack] 0x00007fff817a82f7 UE4Editor-UnrealEd.dll!UnknownFunction []
[2019.09.30-06.47.59:080][934]LogOutputDevice: Error: [Callstack] 0x00007fff817df3b8 UE4Editor-UnrealEd.dll!UnknownFunction []
[2019.09.30-06.47.59:080][934]LogOutputDevice: Error: [Callstack] 0x00007fff817dbc3b UE4Editor-UnrealEd.dll!UnknownFunction []
[2019.09.30-06.47.59:080][934]LogOutputDevice: Error: [Callstack] 0x00007fff81fa7550 UE4Editor-UnrealEd.dll!UnknownFunction []
[2019.09.30-06.47.59:080][934]LogOutputDevice: Error: [Callstack] 0x00007fff81b1bb22 UE4Editor-UnrealEd.dll!UnknownFunction []
[2019.09.30-06.47.59:080][934]LogOutputDevice: Error: [Callstack] 0x00007fff81b1a630 UE4Editor-UnrealEd.dll!UnknownFunction []
[2019.09.30-06.47.59:080][934]LogOutputDevice: Error: [Callstack] 0x00007fff81b2ee16 UE4Editor-UnrealEd.dll!UnknownFunction []
[2019.09.30-06.47.59:080][934]LogOutputDevice: Error: [Callstack] 0x00007fff701f4f02 UE4Editor-AssetTools.dll!UnknownFunction []
[2019.09.30-06.47.59:080][934]LogOutputDevice: Error: [Callstack] 0x00007fff701aa8aa UE4Editor-AssetTools.dll!UnknownFunction []
[2019.09.30-06.47.59:080][934]LogOutputDevice: Error: [Callstack] 0x00007fff7020a280 UE4Editor-AssetTools.dll!UnknownFunction []
[2019.09.30-06.47.59:080][934]LogOutputDevice: Error: [Callstack] 0x00007fff6eee3cc8 UE4Editor-ContentBrowser.dll!UnknownFunction []
[2019.09.30-06.47.59:080][934]LogOutputDevice: Error: [Callstack] 0x00007fff6ef4b0de UE4Editor-ContentBrowser.dll!UnknownFunction []
[2019.09.30-06.47.59:080][934]LogOutputDevice: Error: [Callstack] 0x00007fff6ef91254 UE4Editor-ContentBrowser.dll!UnknownFunction []
[2019.09.30-06.47.59:080][934]LogOutputDevice: Error: [Callstack] 0x00007fff6eec1f7d UE4Editor-ContentBrowser.dll!UnknownFunction []
[2019.09.30-06.47.59:080][934]LogOutputDevice: Error: [Callstack] 0x00007fff6eea4609 UE4Editor-ContentBrowser.dll!UnknownFunction []
[2019.09.30-06.47.59:080][934]LogOutputDevice: Error: [Callstack] 0x00007fff8310783b UE4Editor-Slate.dll!UnknownFunction []
[2019.09.30-06.47.59:080][934]LogOutputDevice: Error: [Callstack] 0x00007fff830f5ef9 UE4Editor-Slate.dll!UnknownFunction []
[2019.09.30-06.47.59:080][934]LogOutputDevice: Error: [Callstack] 0x00007fff830fc430 UE4Editor-Slate.dll!UnknownFunction []
[2019.09.30-06.47.59:080][934]LogOutputDevice: Error: [Callstack] 0x00007fff82f0170e UE4Editor-Slate.dll!UnknownFunction []
[2019.09.30-06.47.59:080][934]LogOutputDevice: Error: [Callstack] 0x00007fff82ef9aef UE4Editor-Slate.dll!UnknownFunction []
[2019.09.30-06.47.59:080][934]LogOutputDevice: Error: [Callstack] 0x00007fff82ee4c9c UE4Editor-Slate.dll!UnknownFunction []
[2019.09.30-06.47.59:080][934]LogOutputDevice: Error: [Callstack] 0x00007fff82ed9768 UE4Editor-Slate.dll!UnknownFunction []
[2019.09.30-06.47.59:080][934]LogOutputDevice: Error: [Callstack] 0x00007fff884e4e53 UE4Editor-ApplicationCore.dll!UnknownFunction []
[2019.09.30-06.47.59:080][934]LogOutputDevice: Error: [Callstack] 0x00007fff884d26df UE4Editor-ApplicationCore.dll!UnknownFunction []
[2019.09.30-06.47.59:080][934]LogOutputDevice: Error: [Callstack] 0x00007fff884e7340 UE4Editor-ApplicationCore.dll!UnknownFunction []
[2019.09.30-06.47.59:080][934]LogOutputDevice: Error: [Callstack] 0x00007fff884cedd0 UE4Editor-ApplicationCore.dll!UnknownFunction []
[2019.09.30-06.47.59:080][934]LogOutputDevice: Error: [Callstack] 0x00007fffc1a224fd USER32.dll!UnknownFunction []
[2019.09.30-06.47.59:080][934]LogOutputDevice: Error: [Callstack] 0x00007fffc1a22357 USER32.dll!UnknownFunction []
[2019.09.30-06.47.59:080][934]LogOutputDevice: Error: [Callstack] 0x00007fff884e88e9 UE4Editor-ApplicationCore.dll!UnknownFunction []
[2019.09.30-06.47.59:080][934]LogOutputDevice: Error: [Callstack] 0x00007ff673896980 UE4Editor.exe!UnknownFunction []
[2019.09.30-06.47.59:080][934]LogOutputDevice: Error: [Callstack] 0x00007ff6738aa91c UE4Editor.exe!UnknownFunction []
[2019.09.30-06.47.59:080][934]LogOutputDevice: Error: [Callstack] 0x00007ff6738aa9fa UE4Editor.exe!UnknownFunction []
[2019.09.30-06.47.59:080][934]LogOutputDevice: Error: [Callstack] 0x00007ff6738bb92c UE4Editor.exe!UnknownFunction []
[2019.09.30-06.47.59:080][934]LogOutputDevice: Error: [Callstack] 0x00007ff6738be60e UE4Editor.exe!UnknownFunction []
[2019.09.30-06.47.59:080][934]LogOutputDevice: Error: [Callstack] 0x00007fffc17813f2 KERNEL32.DLL!UnknownFunction []
[2019.09.30-06.47.59:080][934]LogOutputDevice: Error: [Callstack] 0x00007fffc20b54f4 ntdll.dll!UnknownFunction []
[2019.09.30-06.47.59:080][934]LogOutputDevice: Error: 
[2019.09.30-06.47.59:085][934]LogStats:                SubmitErrorReport -  0.000 s
[2019.09.30-06.48.08:299][934]LogStats:                    SendNewReport -  9.215 s
[2019.09.30-06.48.08:299][934]LogStats:             FDebug::EnsureFailed - 12.927 s
[2019.09.30-06.48.08:337][934]LogSavePackage: Moving 'C:/Users/Sophie/Documents/GitHub/GameJam2/GameJam2/Saved/fruitAppleDEBEB2D243167C0109B25BB2271F3F2D.tmp' to 'C:/Users/Sophie/Documents/GitHub/GameJam2/GameJam2/Content/Blueprints/fruitApple.uasset'
[2019.09.30-06.48.08:628][934]LogUObjectHash: Compacting FUObjectHashTables data took   3.90ms
[2019.09.30-06.48.50:691][433]LogAssetEditorManager: Opening Asset editor for Blueprint /Game/Blueprints/fruitApple.FruitApple
[2019.09.30-06.48.51:158][433]LogContentBrowser: Native class hierarchy updated for 'BlueprintGraph' in 0.0011 seconds. Added 121 classes and 0 folders.
[2019.09.30-06.48.52:908][433]LogRenderer: Reallocating scene render targets to support 856x564 Format 10 NumSamples 1 (Frame:1).
[2019.09.30-06.49.10:591][711]LogSlate: Took 0.000282 seconds to synchronously load lazily loaded font '../../../Engine/Content/Slate/Fonts/Roboto-BoldCondensedItalic.ttf' (160K)
[2019.09.30-06.49.35:264][227]LogSlate: Took 0.000464 seconds to synchronously load lazily loaded font '../../../Engine/Content/Slate/Fonts/Roboto-BoldCondensed.ttf' (158K)
[2019.09.30-06.50.30:553][246]LogAssetEditorManager: Opening Asset editor for Blueprint /Game/Blueprints/FruitParent.FruitParent
[2019.09.30-06.50.31:288][247]LogSlate: Took 0.000666 seconds to synchronously load lazily loaded font '../../../Engine/Content/Slate/Fonts/Roboto-Italic.ttf' (157K)
[2019.09.30-06.51.28:432][339]Cmd: OBJ SAVEPACKAGE PACKAGE="/Game/Blueprints/FruitParent" FILE="C:/Users/Sophie/Documents/GitHub/GameJam2/GameJam2/Content/Blueprints/FruitParent.uasset" SILENT=true
[2019.09.30-06.51.28:553][339]LogSavePackage: Moving 'C:/Users/Sophie/Documents/GitHub/GameJam2/GameJam2/Saved/FruitParentC4B7C7E3445259011D5926BC297CE449.tmp' to 'C:/Users/Sophie/Documents/GitHub/GameJam2/GameJam2/Content/Blueprints/FruitParent.uasset'
[2019.09.30-06.51.29:863][352]LogWorld: UWorld::CleanupWorld for World_1, bSessionEnded=true, bCleanupResources=true
[2019.09.30-06.52.52:404][671]BlueprintLog: New page: Compile FruitApple
[2019.09.30-06.52.53:125][671]LogUObjectHash: Compacting FUObjectHashTables data took  13.43ms
[2019.09.30-06.53.05:843][792]Cmd: OBJ SAVEPACKAGE PACKAGE="/Game/Blueprints/fruitApple" FILE="C:/Users/Sophie/Documents/GitHub/GameJam2/GameJam2/Content/Blueprints/fruitApple.uasset" SILENT=true
[2019.09.30-06.53.05:909][792]LogSavePackage: Moving 'C:/Users/Sophie/Documents/GitHub/GameJam2/GameJam2/Saved/fruitApple2816C8BE4E03FBDDF0A5DE9336D4D91C.tmp' to 'C:/Users/Sophie/Documents/GitHub/GameJam2/GameJam2/Content/Blueprints/fruitApple.uasset'
[2019.09.30-06.53.06:024][793]Cmd: OBJ SAVEPACKAGE PACKAGE="/Game/Blueprints/FruitParent" FILE="C:/Users/Sophie/Documents/GitHub/GameJam2/GameJam2/Content/Blueprints/FruitParent.uasset" SILENT=true
[2019.09.30-06.53.06:118][793]LogSavePackage: Moving 'C:/Users/Sophie/Documents/GitHub/GameJam2/GameJam2/Saved/FruitParentD1F18F89477E709D2D603DB4849DB223.tmp' to 'C:/Users/Sophie/Documents/GitHub/GameJam2/GameJam2/Content/Blueprints/FruitParent.uasset'
[2019.09.30-06.53.08:936][825]Cmd: OBJ SAVEPACKAGE PACKAGE="/Game/Blueprints/FruitParent" FILE="C:/Users/Sophie/Documents/GitHub/GameJam2/GameJam2/Content/Blueprints/FruitParent.uasset" SILENT=true
[2019.09.30-06.53.08:993][825]LogSavePackage: Moving 'C:/Users/Sophie/Documents/GitHub/GameJam2/GameJam2/Saved/FruitParent2880BB334F2E7816A712F6B725C25DBB.tmp' to 'C:/Users/Sophie/Documents/GitHub/GameJam2/GameJam2/Content/Blueprints/FruitParent.uasset'
