Log file open, 10/08/19 17:25:12
LogWindows: Failed to load 'aqProf.dll' (GetLastError=126)
LogWindows: File 'aqProf.dll' does not exist
LogWindows: Failed to load 'VtuneApi.dll' (GetLastError=126)
LogWindows: File 'VtuneApi.dll' does not exist
LogWindows: Failed to load 'VtuneApi32e.dll' (GetLastError=126)
LogWindows: File 'VtuneApi32e.dll' does not exist
LogConsoleResponse: Display: Failed to find resolution value strings in scalability ini. Falling back to default.
LogInit: Display: Running engine for game: GameJam2
LogPlatformFile: Not using cached read wrapper
LogTaskGraph: Started task graph with 5 named threads and 71 total threads with 3 sets of task threads.
LogStats: Stats thread started at 0.106179
LogD3D11RHI: Loaded GFSDK_Aftermath_Lib.x64.dll
LogICUInternationalization: ICU TimeZone Detection - Raw Offset: -5:00, Platform Override: ''
LogPluginManager: Mounting plugin Paper2D
LogPluginManager: Mounting plugin AISupport
LogPluginManager: Mounting plugin LightPropagationVolume
LogPluginManager: Mounting plugin ActorLayerUtilities
LogPluginManager: Mounting plugin AnimationSharing
LogPluginManager: Mounting plugin CLionSourceCodeAccess
LogPluginManager: Mounting plugin CodeLiteSourceCodeAccess
LogPluginManager: Mounting plugin GitSourceControl
LogPluginManager: Mounting plugin KDevelopSourceCodeAccess
LogPluginManager: Mounting plugin NullSourceCodeAccess
LogPluginManager: Mounting plugin PerforceSourceControl
LogPluginManager: Mounting plugin SubversionSourceControl
LogPluginManager: Mounting plugin UObjectPlugin
LogPluginManager: Mounting plugin VisualStudioCodeSourceCodeAccess
LogPluginManager: Mounting plugin VisualStudioSourceCodeAccess
LogPluginManager: Mounting plugin XCodeSourceCodeAccess
LogPluginManager: Mounting plugin AssetManagerEditor
LogPluginManager: Mounting plugin CryptoKeys
LogPluginManager: Mounting plugin CurveEditorTools
LogPluginManager: Mounting plugin DataValidation
LogPluginManager: Mounting plugin FacialAnimation
LogPluginManager: Mounting plugin GameplayTagsEditor
LogPluginManager: Mounting plugin MacGraphicsSwitching
LogPluginManager: Mounting plugin MaterialAnalyzer
LogPluginManager: Mounting plugin MobileLauncherProfileWizard
LogPluginManager: Mounting plugin PluginBrowser
LogPluginManager: Mounting plugin SpeedTreeImporter
LogPluginManager: Mounting plugin DatasmithContent
LogPluginManager: Mounting plugin VariantManagerContent
LogPluginManager: Mounting plugin AlembicImporter
LogPluginManager: Mounting plugin AutomationUtils
LogPluginManager: Mounting plugin BackChannel
LogPluginManager: Mounting plugin CharacterAI
LogPluginManager: Mounting plugin GeometryCache
LogPluginManager: Mounting plugin HTML5Networking
LogPluginManager: Mounting plugin PlatformCrypto
LogPluginManager: Mounting plugin ProxyLODPlugin
LogPluginManager: Mounting plugin SkeletalReduction
LogPluginManager: Mounting plugin MagicLeap
LogPluginManager: Mounting plugin MagicLeapMedia
LogPluginManager: Mounting plugin AndroidMedia
LogPluginManager: Mounting plugin AvfMedia
LogPluginManager: Mounting plugin ImgMedia
LogPluginManager: Mounting plugin MediaCompositing
LogPluginManager: Mounting plugin MediaPlayerEditor
LogPluginManager: Mounting plugin WebMMedia
LogPluginManager: Mounting plugin WmfMedia
LogPluginManager: Mounting plugin TcpMessaging
LogPluginManager: Mounting plugin UdpMessaging
LogPluginManager: Mounting plugin ActorSequence
LogPluginManager: Mounting plugin LevelSequenceEditor
LogPluginManager: Mounting plugin MatineeToLevelSequence
LogPluginManager: Mounting plugin NetcodeUnitTest
LogPluginManager: Mounting plugin NUTUnrealEngine4
LogPluginManager: Mounting plugin OnlineSubsystemGooglePlay
LogPluginManager: Mounting plugin OnlineSubsystemIOS
LogPluginManager: Mounting plugin OnlineSubsystem
LogPluginManager: Mounting plugin OnlineSubsystemNull
LogPluginManager: Mounting plugin OnlineSubsystemUtils
LogPluginManager: Mounting plugin LauncherChunkInstaller
LogPluginManager: Mounting plugin AndroidDeviceProfileSelector
LogPluginManager: Mounting plugin AndroidMoviePlayer
LogPluginManager: Mounting plugin AndroidPermission
LogPluginManager: Mounting plugin AppleImageUtils
LogPluginManager: Mounting plugin AppleMoviePlayer
LogPluginManager: Mounting plugin ArchVisCharacter
LogPluginManager: Mounting plugin AudioCapture
LogPluginManager: Mounting plugin CableComponent
LogPluginManager: Mounting plugin CustomMeshComponent
LogPluginManager: Mounting plugin EditableMesh
LogPluginManager: Mounting plugin ExampleDeviceProfileSelector
LogPluginManager: Mounting plugin GoogleCloudMessaging
LogPluginManager: Mounting plugin IOSDeviceProfileSelector
LogPluginManager: Mounting plugin LinuxDeviceProfileSelector
LogPluginManager: Mounting plugin LocationServicesBPLibrary
LogPluginManager: Mounting plugin MobilePatchingUtils
LogPluginManager: Mounting plugin OculusVR
LogPluginManager: Mounting plugin PhysXVehicles
LogPluginManager: Mounting plugin ProceduralMeshComponent
LogPluginManager: Mounting plugin RuntimePhysXCooking
LogPluginManager: Mounting plugin SignificanceManager
LogPluginManager: Mounting plugin SteamVR
LogPluginManager: Mounting plugin WebMMoviePlayer
LogPluginManager: Mounting plugin WindowsMoviePlayer
LogPluginManager: Mounting plugin ScreenshotTools
LogInit: Using libcurl 7.55.1-DEV
LogInit:  - built for x86_64-pc-win32
LogInit:  - supports SSL with OpenSSL/1.1.1
LogInit:  - supports HTTP deflate (compression) using libz 1.2.8
LogInit:  - other features:
LogInit:      CURL_VERSION_SSL
LogInit:      CURL_VERSION_LIBZ
LogInit:      CURL_VERSION_IPV6
LogInit:      CURL_VERSION_ASYNCHDNS
LogInit:      CURL_VERSION_LARGEFILE
LogInit:      CURL_VERSION_IDN
LogInit:  CurlRequestOptions (configurable via config and command line):
LogInit:  - bVerifyPeer = true  - Libcurl will verify peer certificate
LogInit:  - bUseHttpProxy = false  - Libcurl will NOT use HTTP proxy
LogInit:  - bDontReuseConnections = false  - Libcurl will reuse connections
LogInit:  - MaxHostConnections = 16  - Libcurl will limit the number of connections to a host
LogInit:  - LocalHostAddr = Default
LogInit:  - BufferSize = 65536
LogOnline: OSS: Creating online subsystem instance for: NULL
LogInit: WinSock: version 1.1 (2.2), MaxSocks=32767, MaxUdp=65467
LogInit: Build: ++UE4+Release-4.23-CL-8386587
LogInit: Engine Version: 4.23.0-8386587+++UE4+Release-4.23
LogInit: Compatible Engine Version: 4.23.0-8386587+++UE4+Release-4.23
LogInit: Net CL: 8386587
LogInit: OS: Windows 10 (Release 1809) (), CPU:       Intel(R) Xeon(R) CPU E5-2697 v2 @ 2.70GHz, GPU: AMD FirePro D700 (FireGL V)
LogInit: Compiled (64-bit): Aug 31 2019 02:04:44
LogInit: Compiled with Visual C++: 19.16.27030.01
LogInit: Build Configuration: Development
LogInit: Branch Name: ++UE4+Release-4.23
LogInit: Command Line: 
LogInit: Base Directory: C:/Program Files/Epic Games/UE_4.23/Engine/Binaries/Win64/
LogInit: Installed Engine Build: 1
LogDevObjectVersion: Number of dev versions registered: 23
LogDevObjectVersion:   Dev-Blueprints (B0D832E4-1F89-4F0D-ACCF-7EB736FD4AA2): 10
LogDevObjectVersion:   Dev-Build (E1C64328-A22C-4D53-A36C-8E866417BD8C): 0
LogDevObjectVersion:   Dev-Core (375EC13C-06E4-48FB-B500-84F0262A717E): 3
LogDevObjectVersion:   Dev-Editor (E4B068ED-F494-42E9-A231-DA0B2E46BB41): 34
LogDevObjectVersion:   Dev-Framework (CFFC743F-43B0-4480-9391-14DF171D2073): 35
LogDevObjectVersion:   Dev-Mobile (B02B49B5-BB20-44E9-A304-32B752E40360): 2
LogDevObjectVersion:   Dev-Networking (A4E4105C-59A1-49B5-A7C5-40C4547EDFEE): 0
LogDevObjectVersion:   Dev-Online (39C831C9-5AE6-47DC-9A44-9C173E1C8E7C): 0
LogDevObjectVersion:   Dev-Physics (78F01B33-EBEA-4F98-B9B4-84EACCB95AA2): 0
LogDevObjectVersion:   Dev-Platform (6631380F-2D4D-43E0-8009-CF276956A95A): 0
LogDevObjectVersion:   Dev-Rendering (12F88B9F-8875-4AFC-A67C-D90C383ABD29): 31
LogDevObjectVersion:   Dev-Sequencer (7B5AE74C-D270-4C10-A958-57980B212A5A): 11
LogDevObjectVersion:   Dev-VR (D7296918-1DD6-4BDD-9DE2-64A83CC13884): 2
LogDevObjectVersion:   Dev-LoadTimes (C2A15278-BFE7-4AFE-6C17-90FF531DF755): 1
LogDevObjectVersion:   Private-Geometry (6EACA3D4-40EC-4CC1-B786-8BED09428FC5): 3
LogDevObjectVersion:   Dev-AnimPhys (29E575DD-E0A3-4627-9D10-D276232CDCEA): 17
LogDevObjectVersion:   Dev-Anim (AF43A65D-7FD3-4947-9873-3E8ED9C1BB05): 2
LogDevObjectVersion:   Dev-ReflectionCapture (6B266CEC-1EC7-4B8F-A30B-E4D90942FC07): 1
LogDevObjectVersion:   Dev-Automation (0DF73D61-A23F-47EA-B727-89E90C41499A): 1
LogDevObjectVersion:   FortniteMain (601D1886-AC64-4F84-AA16-D3DE0DEAC7D6): 27
LogDevObjectVersion:   Dev-Enterprise (9DFFBCD6-494F-0158-E221-12823C92A888): 6
LogDevObjectVersion:   Dev-Niagara (F2AED0AC-9AFE-416F-8664-AA7FFA26D6FC): 1
LogDevObjectVersion:   Dev-Destruction (174F1F0B-B4C6-45A5-B13F-2EE8D0FB917D): 9
LogInit: Presizing for max 16777216 objects, including 0 objects not considered by GC, pre-allocating 0 bytes for permanent pool.
LogInit: Object subsystem initialized
LogConfig: Setting CVar [[con.DebugEarlyDefault:1]]
LogConfig: Setting CVar [[r.setres:1280x720]]
[2019.10.08-21.25.12:679][  0]LogConfig: Setting CVar [[r.VSync:0]]
[2019.10.08-21.25.12:679][  0]LogConfig: Setting CVar [[r.RHICmdBypass:0]]
[2019.10.08-21.25.12:679][  0]LogConfig: Applying CVar settings from Section [/Script/Engine.RendererSettings] File [C:/Users/MinxuHuang/Documents/GitHub/GameJam2/GameJam2/Saved/Config/Windows/Engine.ini]
[2019.10.08-21.25.12:679][  0]LogConfig: Setting CVar [[r.GPUCrashDebugging:0]]
[2019.10.08-21.25.12:679][  0]LogConfig: Applying CVar settings from Section [/Script/Engine.RendererOverrideSettings] File [C:/Users/MinxuHuang/Documents/GitHub/GameJam2/GameJam2/Saved/Config/Windows/Engine.ini]
[2019.10.08-21.25.12:679][  0]LogConfig: Applying CVar settings from Section [/Script/Engine.StreamingSettings] File [C:/Users/MinxuHuang/Documents/GitHub/GameJam2/GameJam2/Saved/Config/Windows/Engine.ini]
[2019.10.08-21.25.12:679][  0]LogConfig: Setting CVar [[s.MinBulkDataSizeForAsyncLoading:131072]]
[2019.10.08-21.25.12:679][  0]LogConfig: Setting CVar [[s.AsyncLoadingThreadEnabled:0]]
[2019.10.08-21.25.12:679][  0]LogConfig: Setting CVar [[s.EventDrivenLoaderEnabled:1]]
[2019.10.08-21.25.12:679][  0]LogConfig: Setting CVar [[s.WarnIfTimeLimitExceeded:0]]
[2019.10.08-21.25.12:679][  0]LogConfig: Setting CVar [[s.TimeLimitExceededMultiplier:1.5]]
[2019.10.08-21.25.12:679][  0]LogConfig: Setting CVar [[s.TimeLimitExceededMinTime:0.005]]
[2019.10.08-21.25.12:679][  0]LogConfig: Setting CVar [[s.UseBackgroundLevelStreaming:1]]
[2019.10.08-21.25.12:679][  0]LogConfig: Setting CVar [[s.PriorityAsyncLoadingExtraTime:15.0]]
[2019.10.08-21.25.12:679][  0]LogConfig: Setting CVar [[s.LevelStreamingActorsUpdateTimeLimit:5.0]]
[2019.10.08-21.25.12:679][  0]LogConfig: Setting CVar [[s.PriorityLevelStreamingActorsUpdateExtraTime:5.0]]
[2019.10.08-21.25.12:679][  0]LogConfig: Setting CVar [[s.LevelStreamingComponentsRegistrationGranularity:10]]
[2019.10.08-21.25.12:679][  0]LogConfig: Setting CVar [[s.UnregisterComponentsTimeLimit:1.0]]
[2019.10.08-21.25.12:679][  0]LogConfig: Setting CVar [[s.LevelStreamingComponentsUnregistrationGranularity:5]]
[2019.10.08-21.25.12:679][  0]LogConfig: Applying CVar settings from Section [/Script/Engine.GarbageCollectionSettings] File [C:/Users/MinxuHuang/Documents/GitHub/GameJam2/GameJam2/Saved/Config/Windows/Engine.ini]
[2019.10.08-21.25.12:679][  0]LogConfig: Setting CVar [[gc.MaxObjectsNotConsideredByGC:1]]
[2019.10.08-21.25.12:679][  0]LogConfig: Setting CVar [[gc.SizeOfPermanentObjectPool:0]]
[2019.10.08-21.25.12:679][  0]LogConfig: Setting CVar [[gc.FlushStreamingOnGC:0]]
[2019.10.08-21.25.12:679][  0]LogConfig: Setting CVar [[gc.NumRetriesBeforeForcingGC:10]]
[2019.10.08-21.25.12:679][  0]LogConfig: Setting CVar [[gc.AllowParallelGC:1]]
[2019.10.08-21.25.12:679][  0]LogConfig: Setting CVar [[gc.TimeBetweenPurgingPendingKillObjects:61.1]]
[2019.10.08-21.25.12:679][  0]LogConfig: Setting CVar [[gc.MaxObjectsInEditor:16777216]]
[2019.10.08-21.25.12:679][  0]LogConfig: Setting CVar [[gc.IncrementalBeginDestroyEnabled:1]]
[2019.10.08-21.25.12:680][  0]LogConfig: Setting CVar [[gc.CreateGCClusters:1]]
[2019.10.08-21.25.12:680][  0]LogConfig: Setting CVar [[gc.MinGCClusterSize:5]]
[2019.10.08-21.25.12:680][  0]LogConfig: Setting CVar [[gc.ActorClusteringEnabled:0]]
[2019.10.08-21.25.12:680][  0]LogConfig: Setting CVar [[gc.BlueprintClusteringEnabled:0]]
[2019.10.08-21.25.12:680][  0]LogConfig: Setting CVar [[gc.UseDisregardForGCOnDedicatedServers:0]]
[2019.10.08-21.25.12:680][  0]LogConfig: Applying CVar settings from Section [/Script/Engine.NetworkSettings] File [C:/Users/MinxuHuang/Documents/GitHub/GameJam2/GameJam2/Saved/Config/Windows/Engine.ini]
[2019.10.08-21.25.12:680][  0]LogConfig: Setting CVar [[p.EnableMultiplayerWorldOriginRebasing:0]]
[2019.10.08-21.25.12:680][  0]LogConfig: Applying CVar settings from Section [/Script/UnrealEd.CookerSettings] File [C:/Users/MinxuHuang/Documents/GitHub/GameJam2/GameJam2/Saved/Config/Windows/Engine.ini]
[2019.10.08-21.25.12:687][  0]LogConfig: Applying CVar settings from Section [ViewDistanceQuality@3] File [C:/Users/MinxuHuang/Documents/GitHub/GameJam2/GameJam2/Saved/Config/Windows/Scalability.ini]
[2019.10.08-21.25.12:687][  0]LogConfig: Setting CVar [[r.SkeletalMeshLODBias:0]]
[2019.10.08-21.25.12:687][  0]LogConfig: Setting CVar [[r.ViewDistanceScale:1.0]]
[2019.10.08-21.25.12:687][  0]LogConfig: Applying CVar settings from Section [AntiAliasingQuality@3] File [C:/Users/MinxuHuang/Documents/GitHub/GameJam2/GameJam2/Saved/Config/Windows/Scalability.ini]
[2019.10.08-21.25.12:687][  0]LogConfig: Setting CVar [[r.PostProcessAAQuality:4]]
[2019.10.08-21.25.12:687][  0]LogConfig: Applying CVar settings from Section [ShadowQuality@3] File [C:/Users/MinxuHuang/Documents/GitHub/GameJam2/GameJam2/Saved/Config/Windows/Scalability.ini]
[2019.10.08-21.25.12:687][  0]LogConfig: Setting CVar [[r.LightFunctionQuality:1]]
[2019.10.08-21.25.12:687][  0]LogConfig: Setting CVar [[r.ShadowQuality:5]]
[2019.10.08-21.25.12:687][  0]LogConfig: Setting CVar [[r.Shadow.CSM.MaxCascades:10]]
[2019.10.08-21.25.12:687][  0]LogConfig: Setting CVar [[r.Shadow.MaxResolution:2048]]
[2019.10.08-21.25.12:687][  0]LogConfig: Setting CVar [[r.Shadow.MaxCSMResolution:2048]]
[2019.10.08-21.25.12:687][  0]LogConfig: Setting CVar [[r.Shadow.RadiusThreshold:0.01]]
[2019.10.08-21.25.12:687][  0]LogConfig: Setting CVar [[r.Shadow.DistanceScale:1.0]]
[2019.10.08-21.25.12:687][  0]LogConfig: Setting CVar [[r.Shadow.CSM.TransitionScale:1.0]]
[2019.10.08-21.25.12:687][  0]LogConfig: Setting CVar [[r.Shadow.PreShadowResolutionFactor:1.0]]
[2019.10.08-21.25.12:687][  0]LogConfig: Setting CVar [[r.DistanceFieldShadowing:1]]
[2019.10.08-21.25.12:687][  0]LogConfig: Setting CVar [[r.DistanceFieldAO:1]]
[2019.10.08-21.25.12:687][  0]LogConfig: Setting CVar [[r.AOQuality:2]]
[2019.10.08-21.25.12:687][  0]LogConfig: Setting CVar [[r.VolumetricFog:1]]
[2019.10.08-21.25.12:687][  0]LogConfig: Setting CVar [[r.VolumetricFog.GridPixelSize:8]]
[2019.10.08-21.25.12:687][  0]LogConfig: Setting CVar [[r.VolumetricFog.GridSizeZ:128]]
[2019.10.08-21.25.12:687][  0]LogConfig: Setting CVar [[r.VolumetricFog.HistoryMissSupersampleCount:4]]
[2019.10.08-21.25.12:687][  0]LogConfig: Setting CVar [[r.LightMaxDrawDistanceScale:1]]
[2019.10.08-21.25.12:687][  0]LogConfig: Setting CVar [[r.CapsuleShadows:1]]
[2019.10.08-21.25.12:687][  0]LogConfig: Applying CVar settings from Section [PostProcessQuality@3] File [C:/Users/MinxuHuang/Documents/GitHub/GameJam2/GameJam2/Saved/Config/Windows/Scalability.ini]
[2019.10.08-21.25.12:687][  0]LogConfig: Setting CVar [[r.MotionBlurQuality:4]]
[2019.10.08-21.25.12:687][  0]LogConfig: Setting CVar [[r.AmbientOcclusionMipLevelFactor:0.4]]
[2019.10.08-21.25.12:687][  0]LogConfig: Setting CVar [[r.AmbientOcclusionMaxQuality:100]]
[2019.10.08-21.25.12:687][  0]LogConfig: Setting CVar [[r.AmbientOcclusionLevels:-1]]
[2019.10.08-21.25.12:687][  0]LogConfig: Setting CVar [[r.AmbientOcclusionRadiusScale:1.0]]
[2019.10.08-21.25.12:687][  0]LogConfig: Setting CVar [[r.DepthOfFieldQuality:2]]
[2019.10.08-21.25.12:687][  0]LogConfig: Setting CVar [[r.RenderTargetPoolMin:400]]
[2019.10.08-21.25.12:687][  0]LogConfig: Setting CVar [[r.LensFlareQuality:2]]
[2019.10.08-21.25.12:687][  0]LogConfig: Setting CVar [[r.SceneColorFringeQuality:1]]
[2019.10.08-21.25.12:687][  0]LogConfig: Setting CVar [[r.EyeAdaptationQuality:2]]
[2019.10.08-21.25.12:687][  0]LogConfig: Setting CVar [[r.BloomQuality:5]]
[2019.10.08-21.25.12:687][  0]LogConfig: Setting CVar [[r.FastBlurThreshold:100]]
[2019.10.08-21.25.12:687][  0]LogConfig: Setting CVar [[r.Upscale.Quality:3]]
[2019.10.08-21.25.12:687][  0]LogConfig: Setting CVar [[r.Tonemapper.GrainQuantization:1]]
[2019.10.08-21.25.12:687][  0]LogConfig: Setting CVar [[r.LightShaftQuality:1]]
[2019.10.08-21.25.12:688][  0]LogConfig: Setting CVar [[r.Filter.SizeScale:1]]
[2019.10.08-21.25.12:688][  0]LogConfig: Setting CVar [[r.Tonemapper.Quality:5]]
[2019.10.08-21.25.12:688][  0]LogConfig: Setting CVar [[r.DOF.Gather.AccumulatorQuality:1        ; higher gathering accumulator quality]]
[2019.10.08-21.25.12:688][  0]LogConfig: Setting CVar [[r.DOF.Gather.PostfilterMethod:1          ; Median3x3 postfilering method]]
[2019.10.08-21.25.12:688][  0]LogConfig: Setting CVar [[r.DOF.Gather.EnableBokehSettings:0       ; no bokeh simulation when gathering]]
[2019.10.08-21.25.12:688][  0]LogConfig: Setting CVar [[r.DOF.Gather.RingCount:4                 ; medium number of samples when gathering]]
[2019.10.08-21.25.12:688][  0]LogConfig: Setting CVar [[r.DOF.Scatter.ForegroundCompositing:1    ; additive foreground scattering]]
[2019.10.08-21.25.12:688][  0]LogConfig: Setting CVar [[r.DOF.Scatter.BackgroundCompositing:2    ; additive background scattering]]
[2019.10.08-21.25.12:688][  0]LogConfig: Setting CVar [[r.DOF.Scatter.EnableBokehSettings:1      ; bokeh simulation when scattering]]
[2019.10.08-21.25.12:688][  0]LogConfig: Setting CVar [[r.DOF.Scatter.MaxSpriteRatio:0.1         ; only a maximum of 10% of scattered bokeh]]
[2019.10.08-21.25.12:688][  0]LogConfig: Setting CVar [[r.DOF.Recombine.Quality:1                ; cheap slight out of focus]]
[2019.10.08-21.25.12:688][  0]LogConfig: Setting CVar [[r.DOF.Recombine.EnableBokehSettings:0    ; no bokeh simulation on slight out of focus]]
[2019.10.08-21.25.12:688][  0]LogConfig: Setting CVar [[r.DOF.TemporalAAQuality:1                ; more stable temporal accumulation]]
[2019.10.08-21.25.12:688][  0]LogConfig: Setting CVar [[r.DOF.Kernel.MaxForegroundRadius:0.025]]
[2019.10.08-21.25.12:688][  0]LogConfig: Setting CVar [[r.DOF.Kernel.MaxBackgroundRadius:0.025]]
[2019.10.08-21.25.12:688][  0]LogConfig: Applying CVar settings from Section [TextureQuality@3] File [C:/Users/MinxuHuang/Documents/GitHub/GameJam2/GameJam2/Saved/Config/Windows/Scalability.ini]
[2019.10.08-21.25.12:688][  0]LogConfig: Setting CVar [[r.Streaming.MipBias:0]]
[2019.10.08-21.25.12:688][  0]LogConfig: Setting CVar [[r.Streaming.AmortizeCPUToGPUCopy:0]]
[2019.10.08-21.25.12:688][  0]LogConfig: Setting CVar [[r.Streaming.MaxNumTexturesToStreamPerFrame:0]]
[2019.10.08-21.25.12:688][  0]LogConfig: Setting CVar [[r.Streaming.Boost:1]]
[2019.10.08-21.25.12:688][  0]LogConfig: Setting CVar [[r.MaxAnisotropy:8]]
[2019.10.08-21.25.12:688][  0]LogConfig: Setting CVar [[r.Streaming.LimitPoolSizeToVRAM:0]]
[2019.10.08-21.25.12:688][  0]LogConfig: Setting CVar [[r.Streaming.PoolSize:1000]]
[2019.10.08-21.25.12:688][  0]LogConfig: Setting CVar [[r.Streaming.MaxEffectiveScreenSize:0]]
[2019.10.08-21.25.12:688][  0]LogConfig: Applying CVar settings from Section [EffectsQuality@3] File [C:/Users/MinxuHuang/Documents/GitHub/GameJam2/GameJam2/Saved/Config/Windows/Scalability.ini]
[2019.10.08-21.25.12:688][  0]LogConfig: Setting CVar [[r.TranslucencyLightingVolumeDim:64]]
[2019.10.08-21.25.12:688][  0]LogConfig: Setting CVar [[r.RefractionQuality:2]]
[2019.10.08-21.25.12:688][  0]LogConfig: Setting CVar [[r.SSR.Quality:3]]
[2019.10.08-21.25.12:688][  0]LogConfig: Setting CVar [[r.SceneColorFormat:4]]
[2019.10.08-21.25.12:688][  0]LogConfig: Setting CVar [[r.DetailMode:2]]
[2019.10.08-21.25.12:688][  0]LogConfig: Setting CVar [[r.TranslucencyVolumeBlur:1]]
[2019.10.08-21.25.12:688][  0]LogConfig: Setting CVar [[r.MaterialQualityLevel:1 ; High quality]]
[2019.10.08-21.25.12:688][  0]LogConfig: Setting CVar [[r.SSS.Scale:1]]
[2019.10.08-21.25.12:688][  0]LogConfig: Setting CVar [[r.SSS.SampleSet:2]]
[2019.10.08-21.25.12:688][  0]LogConfig: Setting CVar [[r.SSS.Quality:1]]
[2019.10.08-21.25.12:688][  0]LogConfig: Setting CVar [[r.SSS.HalfRes:1]]
[2019.10.08-21.25.12:688][  0]LogConfig: Setting CVar [[r.EmitterSpawnRateScale:1.0]]
[2019.10.08-21.25.12:688][  0]LogConfig: Setting CVar [[r.ParticleLightQuality:2]]
[2019.10.08-21.25.12:688][  0]LogConfig: Applying CVar settings from Section [FoliageQuality@3] File [C:/Users/MinxuHuang/Documents/GitHub/GameJam2/GameJam2/Saved/Config/Windows/Scalability.ini]
[2019.10.08-21.25.12:688][  0]LogConfig: Setting CVar [[foliage.DensityScale:1.0]]
[2019.10.08-21.25.12:688][  0]LogConfig: Setting CVar [[grass.DensityScale:1.0]]
[2019.10.08-21.25.12:688][  0]LogInit: Selected Device Profile: [Windows]
[2019.10.08-21.25.12:688][  0]LogInit: Applying CVar settings loaded from the selected device profile: [Windows]
[2019.10.08-21.25.12:691][  0]LogHAL: Display: Platform has ~ 32 GB [34329395200 / 34359738368 / 32], which maps to Largest [LargestMinGB=32, LargerMinGB=12, DefaultMinGB=8, SmallerMinGB=6, SmallestMinGB=0)
[2019.10.08-21.25.12:691][  0]LogInit: Going up to parent DeviceProfile []
[2019.10.08-21.25.12:691][  0]LogConfig: Applying CVar settings from Section [ViewDistanceQuality@2] File [C:/Users/MinxuHuang/Documents/GitHub/GameJam2/GameJam2/Saved/Config/Windows/Scalability.ini]
[2019.10.08-21.25.12:691][  0]LogConfig: Setting CVar [[r.SkeletalMeshLODBias:0]]
[2019.10.08-21.25.12:691][  0]LogConfig: Setting CVar [[r.ViewDistanceScale:0.8]]
[2019.10.08-21.25.12:691][  0]LogConfig: Applying CVar settings from Section [AntiAliasingQuality@2] File [C:/Users/MinxuHuang/Documents/GitHub/GameJam2/GameJam2/Saved/Config/Windows/Scalability.ini]
[2019.10.08-21.25.12:691][  0]LogConfig: Setting CVar [[r.PostProcessAAQuality:3]]
[2019.10.08-21.25.12:691][  0]LogConfig: Applying CVar settings from Section [ShadowQuality@2] File [C:/Users/MinxuHuang/Documents/GitHub/GameJam2/GameJam2/Saved/Config/Windows/Scalability.ini]
[2019.10.08-21.25.12:691][  0]LogConfig: Setting CVar [[r.LightFunctionQuality:1]]
[2019.10.08-21.25.12:691][  0]LogConfig: Setting CVar [[r.ShadowQuality:5]]
[2019.10.08-21.25.12:691][  0]LogConfig: Setting CVar [[r.Shadow.CSM.MaxCascades:4]]
[2019.10.08-21.25.12:691][  0]LogConfig: Setting CVar [[r.Shadow.MaxResolution:1024]]
[2019.10.08-21.25.12:691][  0]LogConfig: Setting CVar [[r.Shadow.MaxCSMResolution:2048]]
[2019.10.08-21.25.12:691][  0]LogConfig: Setting CVar [[r.Shadow.RadiusThreshold:0.04]]
[2019.10.08-21.25.12:691][  0]LogConfig: Setting CVar [[r.Shadow.DistanceScale:0.85]]
[2019.10.08-21.25.12:691][  0]LogConfig: Setting CVar [[r.Shadow.CSM.TransitionScale:0.8]]
[2019.10.08-21.25.12:691][  0]LogConfig: Setting CVar [[r.Shadow.PreShadowResolutionFactor:0.5]]
[2019.10.08-21.25.12:691][  0]LogConfig: Setting CVar [[r.DistanceFieldShadowing:1]]
[2019.10.08-21.25.12:691][  0]LogConfig: Setting CVar [[r.DistanceFieldAO:1]]
[2019.10.08-21.25.12:692][  0]LogConfig: Setting CVar [[r.AOQuality:1]]
[2019.10.08-21.25.12:692][  0]LogConfig: Setting CVar [[r.VolumetricFog:1]]
[2019.10.08-21.25.12:692][  0]LogConfig: Setting CVar [[r.VolumetricFog.GridPixelSize:16]]
[2019.10.08-21.25.12:692][  0]LogConfig: Setting CVar [[r.VolumetricFog.GridSizeZ:64]]
[2019.10.08-21.25.12:692][  0]LogConfig: Setting CVar [[r.VolumetricFog.HistoryMissSupersampleCount:4]]
[2019.10.08-21.25.12:692][  0]LogConfig: Setting CVar [[r.LightMaxDrawDistanceScale:1]]
[2019.10.08-21.25.12:692][  0]LogConfig: Setting CVar [[r.CapsuleShadows:1]]
[2019.10.08-21.25.12:692][  0]LogConfig: Applying CVar settings from Section [PostProcessQuality@2] File [C:/Users/MinxuHuang/Documents/GitHub/GameJam2/GameJam2/Saved/Config/Windows/Scalability.ini]
[2019.10.08-21.25.12:692][  0]LogConfig: Setting CVar [[r.MotionBlurQuality:3]]
[2019.10.08-21.25.12:692][  0]LogConfig: Setting CVar [[r.AmbientOcclusionMipLevelFactor:0.6]]
[2019.10.08-21.25.12:692][  0]LogConfig: Setting CVar [[r.AmbientOcclusionMaxQuality:100]]
[2019.10.08-21.25.12:692][  0]LogConfig: Setting CVar [[r.AmbientOcclusionLevels:-1]]
[2019.10.08-21.25.12:692][  0]LogConfig: Setting CVar [[r.AmbientOcclusionRadiusScale:1.5]]
[2019.10.08-21.25.12:692][  0]LogConfig: Setting CVar [[r.DepthOfFieldQuality:2]]
[2019.10.08-21.25.12:692][  0]LogConfig: Setting CVar [[r.RenderTargetPoolMin:400]]
[2019.10.08-21.25.12:692][  0]LogConfig: Setting CVar [[r.LensFlareQuality:2]]
[2019.10.08-21.25.12:692][  0]LogConfig: Setting CVar [[r.SceneColorFringeQuality:1]]
[2019.10.08-21.25.12:692][  0]LogConfig: Setting CVar [[r.EyeAdaptationQuality:2]]
[2019.10.08-21.25.12:692][  0]LogConfig: Setting CVar [[r.BloomQuality:5]]
[2019.10.08-21.25.12:692][  0]LogConfig: Setting CVar [[r.FastBlurThreshold:3]]
[2019.10.08-21.25.12:692][  0]LogConfig: Setting CVar [[r.Upscale.Quality:2]]
[2019.10.08-21.25.12:692][  0]LogConfig: Setting CVar [[r.Tonemapper.GrainQuantization:1]]
[2019.10.08-21.25.12:692][  0]LogConfig: Setting CVar [[r.LightShaftQuality:1]]
[2019.10.08-21.25.12:692][  0]LogConfig: Setting CVar [[r.Filter.SizeScale:0.8]]
[2019.10.08-21.25.12:692][  0]LogConfig: Setting CVar [[r.Tonemapper.Quality:5]]
[2019.10.08-21.25.12:692][  0]LogConfig: Setting CVar [[r.DOF.Gather.AccumulatorQuality:0        ; lower gathering accumulator quality]]
[2019.10.08-21.25.12:692][  0]LogConfig: Setting CVar [[r.DOF.Gather.PostfilterMethod:2          ; Max3x3 postfilering method]]
[2019.10.08-21.25.12:692][  0]LogConfig: Setting CVar [[r.DOF.Gather.EnableBokehSettings:0       ; no bokeh simulation when gathering]]
[2019.10.08-21.25.12:692][  0]LogConfig: Setting CVar [[r.DOF.Gather.RingCount:4                 ; medium number of samples when gathering]]
[2019.10.08-21.25.12:692][  0]LogConfig: Setting CVar [[r.DOF.Scatter.ForegroundCompositing:1    ; additive foreground scattering]]
[2019.10.08-21.25.12:692][  0]LogConfig: Setting CVar [[r.DOF.Scatter.BackgroundCompositing:1    ; no background occlusion]]
[2019.10.08-21.25.12:692][  0]LogConfig: Setting CVar [[r.DOF.Scatter.EnableBokehSettings:0      ; no bokeh simulation when scattering]]
[2019.10.08-21.25.12:692][  0]LogConfig: Setting CVar [[r.DOF.Scatter.MaxSpriteRatio:0.04        ; only a maximum of 4% of scattered bokeh]]
[2019.10.08-21.25.12:692][  0]LogConfig: Setting CVar [[r.DOF.Recombine.Quality:0                ; no slight out of focus]]
[2019.10.08-21.25.12:692][  0]LogConfig: Setting CVar [[r.DOF.TemporalAAQuality:0                ; faster temporal accumulation]]
[2019.10.08-21.25.12:692][  0]LogConfig: Setting CVar [[r.DOF.Kernel.MaxForegroundRadius:0.012   ; required because of AccumulatorQuality=0]]
[2019.10.08-21.25.12:692][  0]LogConfig: Setting CVar [[r.DOF.Kernel.MaxBackgroundRadius:0.012   ; required because of AccumulatorQuality=0]]
[2019.10.08-21.25.12:692][  0]LogConfig: Applying CVar settings from Section [TextureQuality@2] File [C:/Users/MinxuHuang/Documents/GitHub/GameJam2/GameJam2/Saved/Config/Windows/Scalability.ini]
[2019.10.08-21.25.12:692][  0]LogConfig: Setting CVar [[r.Streaming.MipBias:0]]
[2019.10.08-21.25.12:692][  0]LogConfig: Setting CVar [[r.Streaming.AmortizeCPUToGPUCopy:0]]
[2019.10.08-21.25.12:692][  0]LogConfig: Setting CVar [[r.Streaming.MaxNumTexturesToStreamPerFrame:0]]
[2019.10.08-21.25.12:692][  0]LogConfig: Setting CVar [[r.Streaming.Boost:1]]
[2019.10.08-21.25.12:692][  0]LogConfig: Setting CVar [[r.MaxAnisotropy:4]]
[2019.10.08-21.25.12:692][  0]LogConfig: Setting CVar [[r.Streaming.LimitPoolSizeToVRAM:1]]
[2019.10.08-21.25.12:692][  0]LogConfig: Setting CVar [[r.Streaming.PoolSize:800]]
[2019.10.08-21.25.12:692][  0]LogConfig: Setting CVar [[r.Streaming.MaxEffectiveScreenSize:0]]
[2019.10.08-21.25.12:692][  0]LogConfig: Applying CVar settings from Section [EffectsQuality@2] File [C:/Users/MinxuHuang/Documents/GitHub/GameJam2/GameJam2/Saved/Config/Windows/Scalability.ini]
[2019.10.08-21.25.12:692][  0]LogConfig: Setting CVar [[r.TranslucencyLightingVolumeDim:48]]
[2019.10.08-21.25.12:692][  0]LogConfig: Setting CVar [[r.RefractionQuality:2]]
[2019.10.08-21.25.12:692][  0]LogConfig: Setting CVar [[r.SSR.Quality:2]]
[2019.10.08-21.25.12:692][  0]LogConfig: Setting CVar [[r.SceneColorFormat:3]]
[2019.10.08-21.25.12:692][  0]LogConfig: Setting CVar [[r.DetailMode:1]]
[2019.10.08-21.25.12:692][  0]LogConfig: Setting CVar [[r.TranslucencyVolumeBlur:1]]
[2019.10.08-21.25.12:692][  0]LogConfig: Setting CVar [[r.MaterialQualityLevel:1 ; High quality]]
[2019.10.08-21.25.12:692][  0]LogConfig: Setting CVar [[r.SSS.Scale:1]]
[2019.10.08-21.25.12:692][  0]LogConfig: Setting CVar [[r.SSS.SampleSet:1]]
[2019.10.08-21.25.12:692][  0]LogConfig: Setting CVar [[r.SSS.Quality:-1]]
[2019.10.08-21.25.12:692][  0]LogConfig: Setting CVar [[r.SSS.HalfRes:1]]
[2019.10.08-21.25.12:693][  0]LogConfig: Setting CVar [[r.EmitterSpawnRateScale:0.5]]
[2019.10.08-21.25.12:693][  0]LogConfig: Setting CVar [[r.ParticleLightQuality:1]]
[2019.10.08-21.25.12:693][  0]LogConfig: Applying CVar settings from Section [FoliageQuality@2] File [C:/Users/MinxuHuang/Documents/GitHub/GameJam2/GameJam2/Saved/Config/Windows/Scalability.ini]
[2019.10.08-21.25.12:693][  0]LogConfig: Setting CVar [[foliage.DensityScale:0.8]]
[2019.10.08-21.25.12:693][  0]LogConfig: Setting CVar [[grass.DensityScale:0.8]]
[2019.10.08-21.25.12:693][  0]LogConfig: Applying CVar settings from Section [Startup] File [../../../Engine/Config/ConsoleVariables.ini]
[2019.10.08-21.25.12:693][  0]LogConfig: Setting CVar [[net.UseAdaptiveNetUpdateFrequency:0]]
[2019.10.08-21.25.12:693][  0]LogConfig: Setting CVar [[p.chaos.AllowCreatePhysxBodies:1]]
[2019.10.08-21.25.12:693][  0]LogConfig: Applying CVar settings from Section [ConsoleVariables] File [C:/Users/MinxuHuang/Documents/GitHub/GameJam2/GameJam2/Saved/Config/Windows/Engine.ini]
[2019.10.08-21.25.12:693][  0]LogInit: Computer: WFD211-12W
[2019.10.08-21.25.12:693][  0]LogInit: User: MinxuHuang
[2019.10.08-21.25.12:693][  0]LogInit: CPU Page size=4096, Cores=12
[2019.10.08-21.25.12:693][  0]LogInit: High frequency timer resolution =10.000000 MHz
[2019.10.08-21.25.12:693][  0]LogMemory: Memory total: Physical=32.0GB (32GB approx)
[2019.10.08-21.25.12:693][  0]LogMemory: Platform Memory Stats for Windows
[2019.10.08-21.25.12:693][  0]LogMemory: Process Physical Memory: 103.16 MB used, 103.16 MB peak
[2019.10.08-21.25.12:693][  0]LogMemory: Process Virtual Memory: 102.39 MB used, 102.39 MB peak
[2019.10.08-21.25.12:693][  0]LogMemory: Physical Memory: 5771.45 MB used,  26967.61 MB free, 32739.06 MB total
[2019.10.08-21.25.12:693][  0]LogMemory: Virtual Memory: 4751.46 MB used,  134212976.00 MB free, 134217728.00 MB total
[2019.10.08-21.25.12:696][  0]LogWindows: WindowsPlatformFeatures enabled
[2019.10.08-21.25.12:722][  0]LogInit: Using OS detected language (en-US).
[2019.10.08-21.25.12:722][  0]LogInit: Using OS detected locale (en-US).
[2019.10.08-21.25.12:723][  0]LogTextLocalizationManager: No specific localization for 'en-US' exists, so the 'en' localization will be used.
[2019.10.08-21.25.12:896][  0]LogInit: Setting process to per monitor DPI aware
[2019.10.08-21.25.12:937][  0]LogSlate: New Slate User Created.  User Index 0, Is Virtual User: 0
[2019.10.08-21.25.12:937][  0]LogSlate: Slate User Registered.  User Index 0, Is Virtual User: 0
[2019.10.08-21.25.13:151][  0]LogHMD: Failed to initialize OpenVR with code 110
[2019.10.08-21.25.13:151][  0]LogD3D11RHI: D3D11 adapters:
[2019.10.08-21.25.13:176][  0]LogD3D11RHI:    0. 'AMD FirePro D700 (FireGL V)' (Feature Level 11_0)
[2019.10.08-21.25.13:176][  0]LogD3D11RHI:       6124/0/16369 MB DedicatedVideo/DedicatedSystem/SharedSystem, Outputs:2, VendorId:0x1002
[2019.10.08-21.25.13:179][  0]LogD3D11RHI:    1. 'Microsoft Basic Render Driver' (Feature Level 11_0)
[2019.10.08-21.25.13:179][  0]LogD3D11RHI:       0/0/16369 MB DedicatedVideo/DedicatedSystem/SharedSystem, Outputs:0, VendorId:0x1414
[2019.10.08-21.25.13:179][  0]LogD3D11RHI: Chosen D3D11 Adapter: 0
[2019.10.08-21.25.13:184][  0]LogD3D11RHI: Creating new Direct3DDevice
[2019.10.08-21.25.13:184][  0]LogD3D11RHI:     GPU DeviceId: 0x6798 (for the marketing name, search the web for "GPU Device Id")
[2019.10.08-21.25.13:184][  0]LogWindows: EnumDisplayDevices:
[2019.10.08-21.25.13:184][  0]LogWindows:    0. 'AMD FirePro D700 (FireGL V)' (P:1 D:1)
[2019.10.08-21.25.13:184][  0]LogWindows:    1. 'AMD FirePro D700 (FireGL V)' (P:0 D:1)
[2019.10.08-21.25.13:185][  0]LogWindows:    2. 'AMD FirePro D700 (FireGL V)' (P:0 D:0)
[2019.10.08-21.25.13:185][  0]LogWindows:    3. 'AMD FirePro D700 (FireGL V)' (P:0 D:0)
[2019.10.08-21.25.13:186][  0]LogWindows:    4. 'AMD FirePro D700 (FireGL V)' (P:0 D:0)
[2019.10.08-21.25.13:186][  0]LogWindows:    5. 'AMD FirePro D700 (FireGL V)' (P:0 D:0)
[2019.10.08-21.25.13:186][  0]LogWindows: DebugString: FoundDriverCount:6 
[2019.10.08-21.25.13:186][  0]LogD3D11RHI:     Adapter Name: AMD FirePro D700 (FireGL V)
[2019.10.08-21.25.13:186][  0]LogD3D11RHI:   Driver Version: Crimson ReLive 17.6 (internal:22.19.170.1536, unified:22.19.170.1536)
[2019.10.08-21.25.13:186][  0]LogD3D11RHI:      Driver Date: 7-20-2017
[2019.10.08-21.25.13:186][  0]LogRHI: Texture pool is 4287 MB (70% of 6124 MB)
[2019.10.08-21.25.13:328][  0]LogD3D11RHI: Async texture creation enabled
[2019.10.08-21.25.13:341][  0]LogD3D11RHI: GPU Timing Frequency: 27.000000 (Debug: 2 1)
[2019.10.08-21.25.13:704][  0]LogTemp: Display: Module 'AllDesktopTargetPlatform' loaded TargetPlatform 'AllDesktop'
[2019.10.08-21.25.13:714][  0]LogTemp: Display: Module 'MacClientTargetPlatform' loaded TargetPlatform 'MacClient'
[2019.10.08-21.25.13:724][  0]LogTemp: Display: Module 'MacNoEditorTargetPlatform' loaded TargetPlatform 'MacNoEditor'
[2019.10.08-21.25.13:734][  0]LogTemp: Display: Module 'MacServerTargetPlatform' loaded TargetPlatform 'MacServer'
[2019.10.08-21.25.13:744][  0]LogTemp: Display: Module 'MacTargetPlatform' loaded TargetPlatform 'Mac'
[2019.10.08-21.25.13:754][  0]LogTemp: Display: Module 'WindowsClientTargetPlatform' loaded TargetPlatform 'WindowsClient'
[2019.10.08-21.25.13:764][  0]LogTemp: Display: Module 'WindowsNoEditorTargetPlatform' loaded TargetPlatform 'WindowsNoEditor'
[2019.10.08-21.25.13:773][  0]LogTemp: Display: Module 'WindowsServerTargetPlatform' loaded TargetPlatform 'WindowsServer'
[2019.10.08-21.25.13:778][  0]LogTemp: Display: Module 'WindowsTargetPlatform' loaded TargetPlatform 'Windows'
[2019.10.08-21.25.13:813][  0]LogTemp: Display: Module 'AndroidTargetPlatform' loaded TargetPlatform 'Android'
[2019.10.08-21.25.13:813][  0]LogTemp: Display: Module 'AndroidTargetPlatform' loaded TargetPlatform 'Android_ASTC'
[2019.10.08-21.25.13:813][  0]LogTemp: Display: Module 'AndroidTargetPlatform' loaded TargetPlatform 'Android_ATC'
[2019.10.08-21.25.13:813][  0]LogTemp: Display: Module 'AndroidTargetPlatform' loaded TargetPlatform 'Android_DXT'
[2019.10.08-21.25.13:813][  0]LogTemp: Display: Module 'AndroidTargetPlatform' loaded TargetPlatform 'Android_ETC1'
[2019.10.08-21.25.13:813][  0]LogTemp: Display: Module 'AndroidTargetPlatform' loaded TargetPlatform 'Android_ETC1a'
[2019.10.08-21.25.13:814][  0]LogTemp: Display: Module 'AndroidTargetPlatform' loaded TargetPlatform 'Android_ETC2'
[2019.10.08-21.25.13:814][  0]LogTemp: Display: Module 'AndroidTargetPlatform' loaded TargetPlatform 'Android_PVRTC'
[2019.10.08-21.25.13:814][  0]LogTemp: Display: Module 'AndroidTargetPlatform' loaded TargetPlatform 'AndroidClient'
[2019.10.08-21.25.13:814][  0]LogTemp: Display: Module 'AndroidTargetPlatform' loaded TargetPlatform 'Android_ASTCClient'
[2019.10.08-21.25.13:814][  0]LogTemp: Display: Module 'AndroidTargetPlatform' loaded TargetPlatform 'Android_ATCClient'
[2019.10.08-21.25.13:814][  0]LogTemp: Display: Module 'AndroidTargetPlatform' loaded TargetPlatform 'Android_DXTClient'
[2019.10.08-21.25.13:814][  0]LogTemp: Display: Module 'AndroidTargetPlatform' loaded TargetPlatform 'Android_ETC1Client'
[2019.10.08-21.25.13:814][  0]LogTemp: Display: Module 'AndroidTargetPlatform' loaded TargetPlatform 'Android_ETC1aClient'
[2019.10.08-21.25.13:814][  0]LogTemp: Display: Module 'AndroidTargetPlatform' loaded TargetPlatform 'Android_ETC2Client'
[2019.10.08-21.25.13:814][  0]LogTemp: Display: Module 'AndroidTargetPlatform' loaded TargetPlatform 'Android_PVRTCClient'
[2019.10.08-21.25.13:814][  0]LogTemp: Display: Module 'AndroidTargetPlatform' loaded TargetPlatform 'Android_Multi'
[2019.10.08-21.25.13:814][  0]LogTemp: Display: Module 'AndroidTargetPlatform' loaded TargetPlatform 'Android_MultiClient'
[2019.10.08-21.25.13:815][  0]LogTemp: Display: Module 'HTML5TargetPlatform' loaded TargetPlatform 'HTML5'
[2019.10.08-21.25.13:834][  0]LogTemp: Display: Module 'IOSTargetPlatform' loaded TargetPlatform 'IOSClient'
[2019.10.08-21.25.13:834][  0]LogTemp: Display: Module 'IOSTargetPlatform' loaded TargetPlatform 'IOS'
[2019.10.08-21.25.13:850][  0]LogTemp: Display: Module 'TVOSTargetPlatform' loaded TargetPlatform 'TVOSClient'
[2019.10.08-21.25.13:850][  0]LogTemp: Display: Module 'TVOSTargetPlatform' loaded TargetPlatform 'TVOS'
[2019.10.08-21.25.13:858][  0]LogTemp: Display: Module 'LinuxClientTargetPlatform' loaded TargetPlatform 'LinuxClient'
[2019.10.08-21.25.13:865][  0]LogTemp: Display: Module 'LinuxNoEditorTargetPlatform' loaded TargetPlatform 'LinuxNoEditor'
[2019.10.08-21.25.13:873][  0]LogTemp: Display: Module 'LinuxServerTargetPlatform' loaded TargetPlatform 'LinuxServer'
[2019.10.08-21.25.13:881][  0]LogTemp: Display: Module 'LinuxTargetPlatform' loaded TargetPlatform 'Linux'
[2019.10.08-21.25.13:908][  0]LogTemp: Display: Module 'LuminTargetPlatform' loaded TargetPlatform 'Lumin'
[2019.10.08-21.25.13:908][  0]LogTemp: Display: Module 'LuminTargetPlatform' loaded TargetPlatform 'LuminClient'
[2019.10.08-21.25.13:908][  0]LogTargetPlatformManager: Display: Building Assets For Windows
[2019.10.08-21.25.13:918][  0]LogAudioDebug: Display: Lib vorbis DLL was dynamically loaded.
[2019.10.08-21.25.13:973][  0]LogShaderCompilers: Guid format shader working directory is -18 characters bigger than the processId version (../../../../../../Users/MinxuHuang/Documents/GitHub/GameJam2/GameJam2/Intermediate/Shaders/WorkingDirectory/8600/).
[2019.10.08-21.25.13:973][  0]LogShaderCompilers: Cleaned the shader compiler working directory 'C:/Users/MinxuHuang/AppData/Local/Temp/UnrealShaderWorkingDir/2E7820D541FFC54D0E2798BD68569E1E/'.
[2019.10.08-21.25.13:975][  0]LogXGEController: Cleaning working directory: C:/Users/MinxuHuang/AppData/Local/Temp/UnrealXGEWorkingDir/
[2019.10.08-21.25.13:975][  0]LogXGEController: Cannot use XGE Controller as Incredibuild is not installed on this machine.
[2019.10.08-21.25.13:976][  0]LogShaderCompilers: Cannot use XGE Shader Compiler as Incredibuild is not installed on this machine.
[2019.10.08-21.25.13:976][  0]LogShaderCompilers: Display: Using Local Shader Compiler.
[2019.10.08-21.25.14:714][  0]LogDerivedDataCache: Display: Max Cache Size: 512 MB
[2019.10.08-21.25.14:770][  0]LogDerivedDataCache: Loaded boot cache 0.06s 73MB C:/Users/MinxuHuang/AppData/Local/UnrealEngine/4.23/DerivedDataCache/Boot.ddc.
[2019.10.08-21.25.14:770][  0]LogDerivedDataCache: Display: Loaded Boot cache: C:/Users/MinxuHuang/AppData/Local/UnrealEngine/4.23/DerivedDataCache/Boot.ddc
[2019.10.08-21.25.14:770][  0]LogDerivedDataCache: FDerivedDataBackendGraph:  Pak pak cache file ../../../../../../Users/MinxuHuang/Documents/GitHub/GameJam2/GameJam2/DerivedDataCache/DDC.ddp not found, will not use a pak cache.
[2019.10.08-21.25.14:770][  0]LogDerivedDataCache: Unable to find inner node Pak for hierarchical cache Hierarchy.
[2019.10.08-21.25.14:770][  0]LogDerivedDataCache: FDerivedDataBackendGraph:  CompressedPak pak cache file ../../../../../../Users/MinxuHuang/Documents/GitHub/GameJam2/GameJam2/DerivedDataCache/Compressed.ddp not found, will not use a pak cache.
[2019.10.08-21.25.14:770][  0]LogDerivedDataCache: Unable to find inner node CompressedPak for hierarchical cache Hierarchy.
[2019.10.08-21.25.14:782][  0]LogDerivedDataCache: Display: Pak cache opened for reading ../../../Engine/DerivedDataCache/Compressed.ddp.
[2019.10.08-21.25.14:782][  0]LogDerivedDataCache: FDerivedDataBackendGraph:  EnterprisePak pak cache file ../../../Enterprise/DerivedDataCache/Compressed.ddp not found, will not use a pak cache.
[2019.10.08-21.25.14:782][  0]LogDerivedDataCache: Unable to find inner node EnterprisePak for hierarchical cache Hierarchy.
[2019.10.08-21.25.14:783][  0]LogDerivedDataCache: Using Local data cache path C:/Users/MinxuHuang/AppData/Local/UnrealEngine/Common/DerivedDataCache: Writable
[2019.10.08-21.25.14:783][  0]LogDerivedDataCache: Shared data cache path not found in *engine.ini, will not use an Shared cache.
[2019.10.08-21.25.14:783][  0]LogDerivedDataCache: Unable to find inner node Shared for hierarchical cache Hierarchy.
[2019.10.08-21.25.14:811][  0]LogMaterial: Verifying Global Shaders for PCD3D_SM5
[2019.10.08-21.25.14:814][  0]LogSlate: Using FreeType 2.6.0
[2019.10.08-21.25.14:815][  0]LogSlate: SlateFontServices - WITH_FREETYPE: 1, WITH_HARFBUZZ: 1
[2019.10.08-21.25.14:877][  0]LogAssetRegistry: FAssetRegistry took 0.0030 seconds to start up
[2019.10.08-21.25.15:222][  0]LogInit: Selected Device Profile: [Windows]
[2019.10.08-21.25.15:396][  0]LogMeshReduction: Using QuadricMeshReduction for automatic static mesh reduction
[2019.10.08-21.25.15:396][  0]LogMeshReduction: Using SimplygonMeshReduction for automatic skeletal mesh reduction
[2019.10.08-21.25.15:396][  0]LogMeshReduction: Using ProxyLODMeshReduction for automatic mesh merging
[2019.10.08-21.25.15:396][  0]LogMeshReduction: No distributed automatic mesh merging module available
[2019.10.08-21.25.15:396][  0]LogMeshMerging: No distributed automatic mesh merging module available
[2019.10.08-21.25.15:406][  0]LogNetVersion: GameJam2 1.0.0, NetCL: 8386587, EngineNetVer: 11, GameNetVer: 0 (Checksum: 950447696)
[2019.10.08-21.25.15:920][  0]LogPackageLocalizationCache: Processed 12 localized package path(s) for 1 prioritized culture(s) in 0.047244 seconds
[2019.10.08-21.25.15:926][  0]LogUObjectArray: 43444 objects as part of root set at end of initial load.
[2019.10.08-21.25.15:926][  0]LogUObjectAllocator: 7548648 out of 0 bytes used by permanent object pool.
[2019.10.08-21.25.15:926][  0]LogUObjectArray: CloseDisregardForGC: 0/0 objects in disregard for GC pool
[2019.10.08-21.25.16:900][  0]LogTcpMessaging: Initializing TcpMessaging bridge
[2019.10.08-21.25.16:903][  0]LogUdpMessaging: Initializing bridge on interface 0.0.0.0:0 to multicast group 230.0.0.1:6666.
[2019.10.08-21.25.16:953][  0]SourceControl: Source control is disabled
[2019.10.08-21.25.16:953][  0]SourceControl: Source control is disabled
[2019.10.08-21.25.16:955][  0]SourceControl: Source control is disabled
[2019.10.08-21.25.16:956][  0]SourceControl: Source control is disabled
[2019.10.08-21.25.17:035][  0]LogAndroidPermission: UAndroidPermissionCallbackProxy::GetInstance
[2019.10.08-21.25.17:519][  0]LogOcInput: OculusInput pre-init called
[2019.10.08-21.25.17:526][  0]LogWindows: Failed to load 'OVRPlugin.dll' (GetLastError=126)
[2019.10.08-21.25.17:526][  0]LogWindows: File 'OVRPlugin.dll' does not exist
[2019.10.08-21.25.17:620][  0]LogEngine: Initializing Engine...
[2019.10.08-21.25.17:621][  0]LogHMD: Failed to initialize OpenVR with code 110
[2019.10.08-21.25.17:623][  0]LogStats: UGameplayTagsManager::InitializeManager -  0.000 s
[2019.10.08-21.25.17:946][  0]LogInit: Initializing FReadOnlyCVARCache
[2019.10.08-21.25.17:963][  0]LogAIModule: Creating AISystem for world Untitled
[2019.10.08-21.25.18:109][  0]LogInit: XAudio2 using 'Headphones (Cirrus Logic CS4208 (AB 120))' : 2 channels at 48 kHz using 32 bits per sample (channel mask 0x3)
[2019.10.08-21.25.18:272][  0]LogInit: FAudioDevice initialized.
[2019.10.08-21.25.18:273][  0]LogNetVersion: Set ProjectVersion to 1.0.0.0. Version Checksum will be recalculated on next use.
[2019.10.08-21.25.18:348][  0]LogDerivedDataCache: Saved boot cache 0.08s 73MB C:/Users/MinxuHuang/AppData/Local/UnrealEngine/4.23/DerivedDataCache/Boot.ddc.
[2019.10.08-21.25.18:363][  0]LogInit: Texture streaming: Enabled
[2019.10.08-21.25.18:386][  0]LogEngineSessionManager: EngineSessionManager initialized
[2019.10.08-21.25.18:386][  0]LogEngineSessionManager: EngineSessionManager sent abnormal shutdown report. Type=AbnormalShutdown, SessionId={2ADBC5F4-48B3-8608-40B8-E5B9E5FA4E20}
[2019.10.08-21.25.18:474][  0]LogInit: Transaction tracking system initialized
[2019.10.08-21.25.18:513][  0]BlueprintLog: New page: Editor Load
[2019.10.08-21.25.18:611][  0]LocalizationService: Localization service is disabled
[2019.10.08-21.25.18:901][  0]LogFileCache: Scanning file cache for directory 'C:/Users/MinxuHuang/Documents/GitHub/GameJam2/GameJam2/Content/' took 0.01s
[2019.10.08-21.25.18:901][  0]LogCook: Display: Max memory allowance for cook 16384mb min free memory 0mb
[2019.10.08-21.25.18:901][  0]LogCook: Display: Mobile HDR setting 1
[2019.10.08-21.25.19:105][  0]SourceControl: Source control is disabled
[2019.10.08-21.25.19:105][  0]Cmd: MAP LOAD FILE="../../../../../../Users/MinxuHuang/Documents/GitHub/GameJam2/GameJam2/Content/TopDownBP/Maps/TopDownExampleMap.umap" TEMPLATE=0 SHOWPROGRESS=1 FEATURELEVEL=3
[2019.10.08-21.25.19:105][  0]LogEditorServer: Warning: Can't find file '../../../../../../Users/MinxuHuang/Documents/GitHub/GameJam2/GameJam2/Content/TopDownBP/Maps/TopDownExampleMap.umap'
[2019.10.08-21.25.19:105][  0]Cmd: MAP CHECKDEP NOCLEARLOG
[2019.10.08-21.25.19:106][  0]MapCheck: Map check complete: 0 Error(s), 0 Warning(s), took 0.155ms to complete.
[2019.10.08-21.25.19:106][  0]LogFileHelpers: Loading map 'TopDownExampleMap' took 0.001
[2019.10.08-21.25.19:263][  0]LogSlate: Updating window title bar state: overlay mode, drag disabled, window buttons hidden, title bar hidden
[2019.10.08-21.25.19:272][  0]LogSlate: Updating window title bar state: overlay mode, drag disabled, window buttons hidden, title bar hidden
[2019.10.08-21.25.19:281][  0]LogSlate: Updating window title bar state: overlay mode, drag disabled, window buttons hidden, title bar hidden
[2019.10.08-21.25.19:289][  0]LogSlate: Updating window title bar state: overlay mode, drag disabled, window buttons hidden, title bar hidden
[2019.10.08-21.25.19:296][  0]LogCollectionManager: Loaded 0 collections in 0.002070 seconds
[2019.10.08-21.25.19:303][  0]LogFileCache: Scanning file cache for directory 'C:/Users/MinxuHuang/Documents/GitHub/GameJam2/GameJam2/Saved/Collections/' took 0.00s
[2019.10.08-21.25.19:303][  0]LogFileCache: Scanning file cache for directory 'C:/Users/MinxuHuang/Documents/GitHub/GameJam2/GameJam2/Content/Developers/MinxuHuang/Collections/' took 0.00s
[2019.10.08-21.25.19:303][  0]LogFileCache: Scanning file cache for directory 'C:/Users/MinxuHuang/Documents/GitHub/GameJam2/GameJam2/Content/Collections/' took 0.00s
[2019.10.08-21.25.19:303][  0]LogCollectionManager: Rebuilt the GUID cache for 0 collections in 0.000001 seconds
[2019.10.08-21.25.19:313][  0]LogContentBrowser: Native class hierarchy populated in 0.0096 seconds. Added 2863 classes and 680 folders.
[2019.10.08-21.25.19:319][  0]LogContentBrowser: Native class hierarchy updated for 'WidgetCarousel' in 0.0001 seconds. Added 0 classes and 0 folders.
[2019.10.08-21.25.19:375][  0]LogContentBrowser: Native class hierarchy updated for 'AddContentDialog' in 0.0002 seconds. Added 0 classes and 0 folders.
[2019.10.08-21.25.19:380][  0]LogContentBrowser: Native class hierarchy updated for 'SceneOutliner' in 0.0002 seconds. Added 1 classes and 2 folders.
[2019.10.08-21.25.19:394][  0]LogSlate: Took 0.000157 seconds to synchronously load lazily loaded font '../../../Engine/Content/Slate/Fonts/Roboto-Regular.ttf' (155K)
[2019.10.08-21.25.19:396][  0]LogSlate: Took 0.000145 seconds to synchronously load lazily loaded font '../../../Engine/Content/Slate/Fonts/Roboto-Bold.ttf' (160K)
[2019.10.08-21.25.19:402][  0]LogSlate: Took 0.000139 seconds to synchronously load lazily loaded font '../../../Engine/Content/Editor/Slate/Fonts/FontAwesome.ttf' (139K)
[2019.10.08-21.25.19:482][  0]LogRenderer: Reallocating scene render targets to support 1616x808 Format 9 NumSamples 1 (Frame:1).
[2019.10.08-21.25.19:614][  0]LogContentBrowser: Native class hierarchy updated for 'HierarchicalLODOutliner' in 0.0003 seconds. Added 0 classes and 0 folders.
[2019.10.08-21.25.19:614][  0]LogLoad: (Engine Initialization) Total time: 8.37 seconds
[2019.10.08-21.25.19:614][  0]LogLoad: (Engine Initialization) Total Blueprint compile time: 0.00 seconds
[2019.10.08-21.25.19:625][  0]LogSlate: New Slate User Created.  User Index 1, Is Virtual User: 0
[2019.10.08-21.25.19:625][  0]LogSlate: Slate User Registered.  User Index 1, Is Virtual User: 0
[2019.10.08-21.25.19:671][  0]LogContentStreaming: Texture pool size now 800 MB
[2019.10.08-21.25.19:723][  1]LogAssetRegistry: Asset discovery search completed in 4.8475 seconds
[2019.10.08-21.25.19:727][  1]LogCollectionManager: Rebuilt the object cache for 0 collections in 0.000004 seconds (found 0 objects)
[2019.10.08-21.25.19:727][  1]LogCollectionManager: Fixed up redirectors for 0 collections in 0.000044 seconds (updated 0 objects)
[2019.10.08-21.25.23:417][438]LogSlate: FSceneViewport::OnFocusLost() reason 0
[2019.10.08-21.25.26:670][826]LogSlate: Took 0.000209 seconds to synchronously load lazily loaded font '../../../Engine/Content/Slate/Fonts/Roboto-Light.ttf' (167K)
[2019.10.08-21.25.27:623][826]LogAIModule: Creating AISystem for world Prototype
[2019.10.08-21.25.27:707][826]LogAssetEditorManager: Opening Asset editor for World /Game/Maps/Prototype.Prototype
[2019.10.08-21.25.27:759][826]LogUObjectHash: Compacting FUObjectHashTables data took   3.46ms
[2019.10.08-21.25.27:760][826]Cmd: MAP LOAD FILE="../../../../../../Users/MinxuHuang/Documents/GitHub/GameJam2/GameJam2/Content/Maps/Prototype.umap" TEMPLATE=0 SHOWPROGRESS=1 FEATURELEVEL=3
[2019.10.08-21.25.27:760][826]LightingResults: New page: Lighting Build
[2019.10.08-21.25.27:763][826]LogContentBrowser: Native class hierarchy updated for 'StatsViewer' in 0.0003 seconds. Added 5 classes and 0 folders.
[2019.10.08-21.25.27:764][826]LoadErrors: New page: Loading map: Prototype.umap
[2019.10.08-21.25.27:764][826]LogWorld: UWorld::CleanupWorld for Untitled, bSessionEnded=true, bCleanupResources=true
[2019.10.08-21.25.27:764][826]MapCheck: New page: Map Check
[2019.10.08-21.25.27:764][826]LightingResults: New page: Lighting Build
[2019.10.08-21.25.27:807][826]LogUObjectHash: Compacting FUObjectHashTables data took   2.24ms
[2019.10.08-21.25.27:877][826]LogEditorServer: Finished looking for orphan Actors (0.000 secs)
[2019.10.08-21.25.27:926][826]LogUObjectHash: Compacting FUObjectHashTables data took   2.19ms
[2019.10.08-21.25.27:954][826]Cmd: MAP CHECKDEP NOCLEARLOG
[2019.10.08-21.25.27:954][826]MapCheck: Map check complete: 0 Error(s), 0 Warning(s), took 0.113ms to complete.
[2019.10.08-21.25.27:954][826]LogFileHelpers: Loading map 'Prototype' took 0.195
[2019.10.08-21.25.33:542][118]LogSlate: FSceneViewport::OnFocusLost() reason 0
[2019.10.08-21.25.37:552][237]LogAssetEditorManager: Opening Asset editor for Blueprint /Game/Blueprints/Plants/Seed.Seed
[2019.10.08-21.25.37:779][237]LogContentBrowser: Native class hierarchy updated for 'BlueprintGraph' in 0.0006 seconds. Added 121 classes and 0 folders.
[2019.10.08-21.25.39:083][237]LogSlate: Took 0.000176 seconds to synchronously load lazily loaded font '../../../Engine/Content/Slate/Fonts/Roboto-BoldCondensed.ttf' (158K)
[2019.10.08-21.25.39:267][238]LogSlate: Took 0.000297 seconds to synchronously load lazily loaded font '../../../Engine/Content/Slate/Fonts/Roboto-Italic.ttf' (157K)
[2019.10.08-21.25.45:489][439]LogAssetEditorManager: Opening Asset editor for Blueprint /Game/Blueprints/Farmer.Farmer
[2019.10.08-21.27.08:753][170]LogAssetEditorManager: Opening Asset editor for Blueprint /Game/Blueprints/Plants/TreeParents.TreeParents
[2019.10.08-21.28.30:018][753]BlueprintLog: New page: Compile Seed
[2019.10.08-21.28.30:421][753]LogUObjectHash: Compacting FUObjectHashTables data took   4.99ms
[2019.10.08-21.28.31:869][800]LogTemp: Repeating last play command: Selected Viewport
[2019.10.08-21.28.31:915][800]LogBlueprintUserMessages: Early PlayInEditor Detection: Level '/Game/Maps/Prototype.Prototype:PersistentLevel' has LevelScriptBlueprint '/Game/Maps/Prototype.Prototype:PersistentLevel.Prototype' with GeneratedClass '/Game/Maps/Prototype.Prototype_C' with ClassGeneratedBy '/Game/Maps/Prototype.Prototype:PersistentLevel.Prototype'
[2019.10.08-21.28.31:915][800]LogPlayLevel: PlayLevel: No blueprints needed recompiling
[2019.10.08-21.28.31:915][800]PIE: New page: PIE session: Prototype (Oct 8, 2019, 1:28:31 PM)
[2019.10.08-21.28.31:917][800]LogOnline: OSS: Creating online subsystem instance for: NULL
[2019.10.08-21.28.31:918][800]LogPlayLevel: Creating play world package: /Game/Maps/UEDPIE_0_Prototype
[2019.10.08-21.28.31:933][800]LogPlayLevel: PIE: StaticDuplicateObject took: (0.014765s)
[2019.10.08-21.28.31:933][800]LogAIModule: Creating AISystem for world Prototype
[2019.10.08-21.28.31:934][800]LogPlayLevel: PIE: World Init took: (0.001071s)
[2019.10.08-21.28.31:934][800]LogPlayLevel: PIE: Created PIE world by copying editor world from /Game/Maps/Prototype.Prototype to /Game/Maps/UEDPIE_0_Prototype.Prototype (0.016116s)
[2019.10.08-21.28.31:990][800]LogUObjectHash: Compacting FUObjectHashTables data took   4.91ms
[2019.10.08-21.28.32:087][800]LogInit: XAudio2 using 'Headphones (Cirrus Logic CS4208 (AB 120))' : 2 channels at 48 kHz using 32 bits per sample (channel mask 0x3)
[2019.10.08-21.28.32:102][800]LogInit: FAudioDevice initialized.
[2019.10.08-21.28.32:118][800]LogLoad: Game class is 'TopDownGameMode_C'
[2019.10.08-21.28.32:133][800]LogWorld: Bringing World /Game/Maps/UEDPIE_0_Prototype.Prototype up for play (max tick rate 0) at 2019.10.08-17.28.32
[2019.10.08-21.28.32:135][800]LogWorld: Bringing up level for play took: 0.014718
[2019.10.08-21.28.32:135][800]LogOnline: OSS: Creating online subsystem instance for: :Context_16
[2019.10.08-21.28.32:154][800]LogContentBrowser: Native class hierarchy updated for 'MovieSceneCapture' in 0.0003 seconds. Added 20 classes and 0 folders.
[2019.10.08-21.28.32:155][800]LogPlayerManagement: Error: Failed to Create Player: A local player already exists for controller ID 0,
[2019.10.08-21.28.32:163][800]PIE: Play in editor start time for /Game/Maps/UEDPIE_0_Prototype -0.014
[2019.10.08-21.28.32:163][800]LogBlueprintUserMessages: Late PlayInEditor Detection: Level '/Game/Maps/Prototype.Prototype:PersistentLevel' has LevelScriptBlueprint '/Game/Maps/Prototype.Prototype:PersistentLevel.Prototype' with GeneratedClass '/Game/Maps/Prototype.Prototype_C' with ClassGeneratedBy '/Game/Maps/Prototype.Prototype:PersistentLevel.Prototype'
[2019.10.08-21.28.32:818][802]LogCharacterMovement: Warning: GetSimulationTimeStep() - Max iterations 8 hit while remaining time 0.089210 > MaxSimulationTimeStep (0.050) for 'Farmer_C_1', movement 'Walking'
[2019.10.08-21.28.49:858][439]LogBlueprintUserMessages: Early EndPlayMap Detection: Level '/Game/Maps/Prototype.Prototype:PersistentLevel' has LevelScriptBlueprint '/Game/Maps/Prototype.Prototype:PersistentLevel.Prototype' with GeneratedClass '/Game/Maps/Prototype.Prototype_C' with ClassGeneratedBy '/Game/Maps/Prototype.Prototype:PersistentLevel.Prototype'
[2019.10.08-21.28.49:858][439]LogSlate: Updating window title bar state: overlay mode, drag disabled, window buttons hidden, title bar hidden
[2019.10.08-21.28.49:858][439]LogWorld: BeginTearingDown for /Game/Maps/UEDPIE_0_Prototype
[2019.10.08-21.28.49:859][439]LogWorld: UWorld::CleanupWorld for Prototype, bSessionEnded=true, bCleanupResources=true
[2019.10.08-21.28.49:930][439]LogPlayLevel: Display: Shutting down PIE online subsystems
[2019.10.08-21.28.49:930][439]LogBlueprintUserMessages: Late EndPlayMap Detection: Level '/Game/Maps/Prototype.Prototype:PersistentLevel' has LevelScriptBlueprint '/Game/Maps/Prototype.Prototype:PersistentLevel.Prototype' with GeneratedClass '/Game/Maps/Prototype.Prototype_C' with ClassGeneratedBy '/Game/Maps/Prototype.Prototype:PersistentLevel.Prototype'
[2019.10.08-21.28.49:995][439]LogSlate: Updating window title bar state: overlay mode, drag disabled, window buttons hidden, title bar hidden
[2019.10.08-21.28.50:029][439]LogUObjectHash: Compacting FUObjectHashTables data took   5.87ms
[2019.10.08-21.28.50:172][440]LogPlayLevel: Display: Destroying online subsystem :Context_16
[2019.10.08-21.28.51:111][475]LogSlate: FSceneViewport::OnFocusLost() reason 0
[2019.10.08-21.30.38:052][457]BlueprintLog: New page: Compile Seed
[2019.10.08-21.30.38:501][457]LogUObjectHash: Compacting FUObjectHashTables data took   6.32ms
[2019.10.08-21.30.40:146][514]LogTemp: Repeating last play command: Selected Viewport
[2019.10.08-21.30.40:195][514]LogBlueprintUserMessages: Early PlayInEditor Detection: Level '/Game/Maps/Prototype.Prototype:PersistentLevel' has LevelScriptBlueprint '/Game/Maps/Prototype.Prototype:PersistentLevel.Prototype' with GeneratedClass '/Game/Maps/Prototype.Prototype_C' with ClassGeneratedBy '/Game/Maps/Prototype.Prototype:PersistentLevel.Prototype'
[2019.10.08-21.30.40:196][514]LogPlayLevel: PlayLevel: No blueprints needed recompiling
[2019.10.08-21.30.40:196][514]PIE: New page: PIE session: Prototype (Oct 8, 2019, 1:30:40 PM)
[2019.10.08-21.30.40:196][514]LogPlayLevel: Creating play world package: /Game/Maps/UEDPIE_0_Prototype
[2019.10.08-21.30.40:211][514]LogPlayLevel: PIE: StaticDuplicateObject took: (0.014935s)
[2019.10.08-21.30.40:212][514]LogAIModule: Creating AISystem for world Prototype
[2019.10.08-21.30.40:212][514]LogPlayLevel: PIE: World Init took: (0.001136s)
[2019.10.08-21.30.40:212][514]LogPlayLevel: PIE: Created PIE world by copying editor world from /Game/Maps/Prototype.Prototype to /Game/Maps/UEDPIE_0_Prototype.Prototype (0.016223s)
[2019.10.08-21.30.40:270][514]LogUObjectHash: Compacting FUObjectHashTables data took   6.11ms
[2019.10.08-21.30.40:397][514]LogInit: XAudio2 using 'Headphones (Cirrus Logic CS4208 (AB 120))' : 2 channels at 48 kHz using 32 bits per sample (channel mask 0x3)
[2019.10.08-21.30.40:413][514]LogInit: FAudioDevice initialized.
[2019.10.08-21.30.40:422][514]LogLoad: Game class is 'TopDownGameMode_C'
[2019.10.08-21.30.40:429][514]LogWorld: Bringing World /Game/Maps/UEDPIE_0_Prototype.Prototype up for play (max tick rate 0) at 2019.10.08-17.30.40
[2019.10.08-21.30.40:430][514]LogWorld: Bringing up level for play took: 0.007352
[2019.10.08-21.30.40:430][514]LogOnline: OSS: Creating online subsystem instance for: :Context_17
[2019.10.08-21.30.40:435][514]LogPlayerManagement: Error: Failed to Create Player: A local player already exists for controller ID 0,
[2019.10.08-21.30.40:451][514]PIE: Play in editor start time for /Game/Maps/UEDPIE_0_Prototype 0.274
[2019.10.08-21.30.40:451][514]LogBlueprintUserMessages: Late PlayInEditor Detection: Level '/Game/Maps/Prototype.Prototype:PersistentLevel' has LevelScriptBlueprint '/Game/Maps/Prototype.Prototype:PersistentLevel.Prototype' with GeneratedClass '/Game/Maps/Prototype.Prototype_C' with ClassGeneratedBy '/Game/Maps/Prototype.Prototype:PersistentLevel.Prototype'
[2019.10.08-21.30.57:734][181]LogBlueprintUserMessages: Early EndPlayMap Detection: Level '/Game/Maps/Prototype.Prototype:PersistentLevel' has LevelScriptBlueprint '/Game/Maps/Prototype.Prototype:PersistentLevel.Prototype' with GeneratedClass '/Game/Maps/Prototype.Prototype_C' with ClassGeneratedBy '/Game/Maps/Prototype.Prototype:PersistentLevel.Prototype'
[2019.10.08-21.30.57:734][181]LogSlate: Updating window title bar state: overlay mode, drag disabled, window buttons hidden, title bar hidden
[2019.10.08-21.30.57:734][181]LogWorld: BeginTearingDown for /Game/Maps/UEDPIE_0_Prototype
[2019.10.08-21.30.57:734][181]LogWorld: UWorld::CleanupWorld for Prototype, bSessionEnded=true, bCleanupResources=true
[2019.10.08-21.30.57:807][181]LogPlayLevel: Display: Shutting down PIE online subsystems
[2019.10.08-21.30.57:807][181]LogBlueprintUserMessages: Late EndPlayMap Detection: Level '/Game/Maps/Prototype.Prototype:PersistentLevel' has LevelScriptBlueprint '/Game/Maps/Prototype.Prototype:PersistentLevel.Prototype' with GeneratedClass '/Game/Maps/Prototype.Prototype_C' with ClassGeneratedBy '/Game/Maps/Prototype.Prototype:PersistentLevel.Prototype'
[2019.10.08-21.30.57:866][181]LogSlate: Updating window title bar state: overlay mode, drag disabled, window buttons hidden, title bar hidden
[2019.10.08-21.30.57:874][181]LogUObjectHash: Compacting FUObjectHashTables data took   4.56ms
[2019.10.08-21.30.57:989][182]LogPlayLevel: Display: Destroying online subsystem :Context_17
[2019.10.08-21.30.59:573][244]LogSlate: FSceneViewport::OnFocusLost() reason 0
[2019.10.08-21.31.00:562][270]LogEditorTransaction: Undo Move Node
[2019.10.08-21.31.00:783][273]LogEditorTransaction: Undo Create Pin Link
[2019.10.08-21.31.00:981][275]LogEditorTransaction: Undo Add Node
[2019.10.08-21.31.01:214][280]LogEditorTransaction: Undo Move Node
[2019.10.08-21.31.01:435][284]LogEditorTransaction: Undo Add Node
[2019.10.08-21.31.01:638][288]LogEditorTransaction: Undo Move Node
[2019.10.08-21.31.01:865][293]LogEditorTransaction: Undo Add Node
[2019.10.08-21.31.02:203][302]LogEditorTransaction: Undo Move Nodes
[2019.10.08-21.31.02:760][319]LogEditorTransaction: Undo Move Nodes
[2019.10.08-21.31.12:127][669]BlueprintLog: New page: Compile Seed
[2019.10.08-21.31.12:549][669]LogUObjectHash: Compacting FUObjectHashTables data took   7.85ms
[2019.10.08-21.32.16:848][ 30]BlueprintLog: New page: Compile Seed
[2019.10.08-21.32.17:289][ 30]LogUObjectHash: Compacting FUObjectHashTables data took   6.36ms
[2019.10.08-21.32.18:463][ 70]LogTemp: Repeating last play command: Selected Viewport
[2019.10.08-21.32.18:514][ 70]LogBlueprintUserMessages: Early PlayInEditor Detection: Level '/Game/Maps/Prototype.Prototype:PersistentLevel' has LevelScriptBlueprint '/Game/Maps/Prototype.Prototype:PersistentLevel.Prototype' with GeneratedClass '/Game/Maps/Prototype.Prototype_C' with ClassGeneratedBy '/Game/Maps/Prototype.Prototype:PersistentLevel.Prototype'
[2019.10.08-21.32.18:515][ 70]LogPlayLevel: PlayLevel: No blueprints needed recompiling
[2019.10.08-21.32.18:515][ 70]PIE: New page: PIE session: Prototype (Oct 8, 2019, 1:32:18 PM)
[2019.10.08-21.32.18:515][ 70]LogPlayLevel: Creating play world package: /Game/Maps/UEDPIE_0_Prototype
[2019.10.08-21.32.18:529][ 70]LogPlayLevel: PIE: StaticDuplicateObject took: (0.014699s)
[2019.10.08-21.32.18:530][ 70]LogAIModule: Creating AISystem for world Prototype
[2019.10.08-21.32.18:531][ 70]LogPlayLevel: PIE: World Init took: (0.001222s)
[2019.10.08-21.32.18:531][ 70]LogPlayLevel: PIE: Created PIE world by copying editor world from /Game/Maps/Prototype.Prototype to /Game/Maps/UEDPIE_0_Prototype.Prototype (0.016099s)
[2019.10.08-21.32.18:591][ 70]LogUObjectHash: Compacting FUObjectHashTables data took   5.93ms
[2019.10.08-21.32.18:687][ 70]LogInit: XAudio2 using 'Headphones (Cirrus Logic CS4208 (AB 120))' : 2 channels at 48 kHz using 32 bits per sample (channel mask 0x3)
[2019.10.08-21.32.18:702][ 70]LogInit: FAudioDevice initialized.
[2019.10.08-21.32.18:713][ 70]LogLoad: Game class is 'TopDownGameMode_C'
[2019.10.08-21.32.18:721][ 70]LogWorld: Bringing World /Game/Maps/UEDPIE_0_Prototype.Prototype up for play (max tick rate 0) at 2019.10.08-17.32.18
[2019.10.08-21.32.18:722][ 70]LogWorld: Bringing up level for play took: 0.007724
[2019.10.08-21.32.18:722][ 70]LogOnline: OSS: Creating online subsystem instance for: :Context_20
[2019.10.08-21.32.18:724][ 70]LogPlayerManagement: Error: Failed to Create Player: A local player already exists for controller ID 0,
[2019.10.08-21.32.18:732][ 70]PIE: Play in editor start time for /Game/Maps/UEDPIE_0_Prototype 0.556
[2019.10.08-21.32.18:732][ 70]LogBlueprintUserMessages: Late PlayInEditor Detection: Level '/Game/Maps/Prototype.Prototype:PersistentLevel' has LevelScriptBlueprint '/Game/Maps/Prototype.Prototype:PersistentLevel.Prototype' with GeneratedClass '/Game/Maps/Prototype.Prototype_C' with ClassGeneratedBy '/Game/Maps/Prototype.Prototype:PersistentLevel.Prototype'
[2019.10.08-21.32.27:451][394]LogBlueprintUserMessages: Early EndPlayMap Detection: Level '/Game/Maps/Prototype.Prototype:PersistentLevel' has LevelScriptBlueprint '/Game/Maps/Prototype.Prototype:PersistentLevel.Prototype' with GeneratedClass '/Game/Maps/Prototype.Prototype_C' with ClassGeneratedBy '/Game/Maps/Prototype.Prototype:PersistentLevel.Prototype'
[2019.10.08-21.32.27:451][394]LogSlate: Updating window title bar state: overlay mode, drag disabled, window buttons hidden, title bar hidden
[2019.10.08-21.32.27:452][394]LogWorld: BeginTearingDown for /Game/Maps/UEDPIE_0_Prototype
[2019.10.08-21.32.27:452][394]LogWorld: UWorld::CleanupWorld for Prototype, bSessionEnded=true, bCleanupResources=true
[2019.10.08-21.32.27:524][394]LogPlayLevel: Display: Shutting down PIE online subsystems
[2019.10.08-21.32.27:524][394]LogBlueprintUserMessages: Late EndPlayMap Detection: Level '/Game/Maps/Prototype.Prototype:PersistentLevel' has LevelScriptBlueprint '/Game/Maps/Prototype.Prototype:PersistentLevel.Prototype' with GeneratedClass '/Game/Maps/Prototype.Prototype_C' with ClassGeneratedBy '/Game/Maps/Prototype.Prototype:PersistentLevel.Prototype'
[2019.10.08-21.32.27:589][394]LogSlate: Updating window title bar state: overlay mode, drag disabled, window buttons hidden, title bar hidden
[2019.10.08-21.32.27:595][394]LogUObjectHash: Compacting FUObjectHashTables data took   4.41ms
[2019.10.08-21.32.27:714][395]LogPlayLevel: Display: Destroying online subsystem :Context_20
[2019.10.08-21.32.28:344][419]Cmd: TRANSACTION UNDO
[2019.10.08-21.32.28:344][419]LogEditorTransaction: Undo Create Pin Link
[2019.10.08-21.32.28:656][426]Cmd: TRANSACTION UNDO
[2019.10.08-21.32.28:656][426]LogEditorTransaction: Undo Create Pin Link
[2019.10.08-21.32.28:866][428]Cmd: TRANSACTION UNDO
[2019.10.08-21.32.28:866][428]LogEditorTransaction: Undo Move Node
[2019.10.08-21.32.29:094][433]Cmd: TRANSACTION UNDO
[2019.10.08-21.32.29:094][433]LogEditorTransaction: Undo Add Node
[2019.10.08-21.32.29:310][437]Cmd: TRANSACTION UNDO
[2019.10.08-21.32.29:310][437]LogEditorTransaction: Undo Move Node
[2019.10.08-21.32.29:562][443]Cmd: TRANSACTION UNDO
[2019.10.08-21.32.29:562][443]LogEditorTransaction: Undo Add Component Nodes
[2019.10.08-21.32.29:905][452]Cmd: TRANSACTION UNDO
[2019.10.08-21.32.29:905][452]LogEditorTransaction: Undo Move Nodes
[2019.10.08-21.32.32:777][553]LogSlate: FSceneViewport::OnFocusLost() reason 0
[2019.10.08-21.32.57:799][503]BlueprintLog: New page: Compile Seed
[2019.10.08-21.32.58:198][503]LogUObjectHash: Compacting FUObjectHashTables data took   6.28ms
[2019.10.08-21.33.17:137][189]LogTemp: Repeating last play command: Selected Viewport
[2019.10.08-21.33.17:188][189]LogBlueprintUserMessages: Early PlayInEditor Detection: Level '/Game/Maps/Prototype.Prototype:PersistentLevel' has LevelScriptBlueprint '/Game/Maps/Prototype.Prototype:PersistentLevel.Prototype' with GeneratedClass '/Game/Maps/Prototype.Prototype_C' with ClassGeneratedBy '/Game/Maps/Prototype.Prototype:PersistentLevel.Prototype'
[2019.10.08-21.33.17:188][189]BlueprintLog: New page: Pre-Play auto-recompile
[2019.10.08-21.33.17:247][189]LogPlayLevel: [PlayLevel] Compiling Seed before play...
[2019.10.08-21.33.17:250][189]LogPlayLevel: [PlayLevel]   Compiling AppleSeed as a dependent...
[2019.10.08-21.33.17:250][189]LogPlayLevel: [PlayLevel]   Compiling PumpkinSeed as a dependent...
[2019.10.08-21.33.17:250][189]LogPlayLevel: [PlayLevel]   Compiling WatermelonSeed as a dependent...
[2019.10.08-21.33.17:667][189]LogUObjectHash: Compacting FUObjectHashTables data took   6.12ms
[2019.10.08-21.33.17:667][189]LogPlayLevel: PlayLevel: Blueprint regeneration took 479 ms (4 blueprints)
[2019.10.08-21.33.17:667][189]PIE: New page: PIE session: Prototype (Oct 8, 2019, 1:33:17 PM)
[2019.10.08-21.33.17:667][189]LogPlayLevel: Creating play world package: /Game/Maps/UEDPIE_0_Prototype
[2019.10.08-21.33.17:682][189]LogPlayLevel: PIE: StaticDuplicateObject took: (0.014981s)
[2019.10.08-21.33.17:683][189]LogAIModule: Creating AISystem for world Prototype
[2019.10.08-21.33.17:684][189]LogPlayLevel: PIE: World Init took: (0.001324s)
[2019.10.08-21.33.17:684][189]LogPlayLevel: PIE: Created PIE world by copying editor world from /Game/Maps/Prototype.Prototype to /Game/Maps/UEDPIE_0_Prototype.Prototype (0.016458s)
[2019.10.08-21.33.17:737][189]LogUObjectHash: Compacting FUObjectHashTables data took   4.20ms
[2019.10.08-21.33.17:833][189]LogInit: XAudio2 using 'Headphones (Cirrus Logic CS4208 (AB 120))' : 2 channels at 48 kHz using 32 bits per sample (channel mask 0x3)
[2019.10.08-21.33.17:848][189]LogInit: FAudioDevice initialized.
[2019.10.08-21.33.17:856][189]LogLoad: Game class is 'TopDownGameMode_C'
[2019.10.08-21.33.17:862][189]LogWorld: Bringing World /Game/Maps/UEDPIE_0_Prototype.Prototype up for play (max tick rate 0) at 2019.10.08-17.33.17
[2019.10.08-21.33.17:863][189]LogWorld: Bringing up level for play took: 0.007220
[2019.10.08-21.33.17:864][189]LogOnline: OSS: Creating online subsystem instance for: :Context_21
[2019.10.08-21.33.17:866][189]LogPlayerManagement: Error: Failed to Create Player: A local player already exists for controller ID 0,
[2019.10.08-21.33.17:873][189]PIE: Play in editor start time for /Game/Maps/UEDPIE_0_Prototype 1.697
[2019.10.08-21.33.17:873][189]LogBlueprintUserMessages: Late PlayInEditor Detection: Level '/Game/Maps/Prototype.Prototype:PersistentLevel' has LevelScriptBlueprint '/Game/Maps/Prototype.Prototype:PersistentLevel.Prototype' with GeneratedClass '/Game/Maps/Prototype.Prototype_C' with ClassGeneratedBy '/Game/Maps/Prototype.Prototype:PersistentLevel.Prototype'
[2019.10.08-21.33.22:911][381]LogSlate: FSceneViewport::OnFocusLost() reason 5
[2019.10.08-21.33.31:824][711]Cmd: SELECT NONE
[2019.10.08-21.33.33:097][759]Cmd: SELECT NONE
[2019.10.08-21.33.35:160][838]LogBlueprintUserMessages: Early EndPlayMap Detection: Level '/Game/Maps/Prototype.Prototype:PersistentLevel' has LevelScriptBlueprint '/Game/Maps/Prototype.Prototype:PersistentLevel.Prototype' with GeneratedClass '/Game/Maps/Prototype.Prototype_C' with ClassGeneratedBy '/Game/Maps/Prototype.Prototype:PersistentLevel.Prototype'
[2019.10.08-21.33.35:161][838]LogSlate: Updating window title bar state: overlay mode, drag disabled, window buttons hidden, title bar hidden
[2019.10.08-21.33.35:161][838]LogWorld: BeginTearingDown for /Game/Maps/UEDPIE_0_Prototype
[2019.10.08-21.33.35:161][838]LogWorld: UWorld::CleanupWorld for Prototype, bSessionEnded=true, bCleanupResources=true
[2019.10.08-21.33.35:190][838]LogPlayLevel: Display: Shutting down PIE online subsystems
[2019.10.08-21.33.35:191][838]LogBlueprintUserMessages: Late EndPlayMap Detection: Level '/Game/Maps/Prototype.Prototype:PersistentLevel' has LevelScriptBlueprint '/Game/Maps/Prototype.Prototype:PersistentLevel.Prototype' with GeneratedClass '/Game/Maps/Prototype.Prototype_C' with ClassGeneratedBy '/Game/Maps/Prototype.Prototype:PersistentLevel.Prototype'
[2019.10.08-21.33.35:254][838]LogSlate: Updating window title bar state: overlay mode, drag disabled, window buttons hidden, title bar hidden
[2019.10.08-21.33.35:261][838]LogUObjectHash: Compacting FUObjectHashTables data took   4.38ms
[2019.10.08-21.33.35:307][839]LogPlayLevel: Display: Destroying online subsystem :Context_21
[2019.10.08-21.34.04:274][480]BlueprintLog: New page: Compile Farmer
[2019.10.08-21.34.04:727][480]LogUObjectHash: Compacting FUObjectHashTables data took   5.58ms
[2019.10.08-21.34.06:783][546]LogTemp: Repeating last play command: Selected Viewport
[2019.10.08-21.34.06:814][546]LogBlueprintUserMessages: Early PlayInEditor Detection: Level '/Game/Maps/Prototype.Prototype:PersistentLevel' has LevelScriptBlueprint '/Game/Maps/Prototype.Prototype:PersistentLevel.Prototype' with GeneratedClass '/Game/Maps/Prototype.Prototype_C' with ClassGeneratedBy '/Game/Maps/Prototype.Prototype:PersistentLevel.Prototype'
[2019.10.08-21.34.06:814][546]LogPlayLevel: PlayLevel: No blueprints needed recompiling
[2019.10.08-21.34.06:814][546]PIE: New page: PIE session: Prototype (Oct 8, 2019, 1:34:06 PM)
[2019.10.08-21.34.06:815][546]LogPlayLevel: Creating play world package: /Game/Maps/UEDPIE_0_Prototype
[2019.10.08-21.34.06:830][546]LogPlayLevel: PIE: StaticDuplicateObject took: (0.014983s)
[2019.10.08-21.34.06:831][546]LogAIModule: Creating AISystem for world Prototype
[2019.10.08-21.34.06:831][546]LogPlayLevel: PIE: World Init took: (0.001150s)
[2019.10.08-21.34.06:831][546]LogPlayLevel: PIE: Created PIE world by copying editor world from /Game/Maps/Prototype.Prototype to /Game/Maps/UEDPIE_0_Prototype.Prototype (0.016290s)
[2019.10.08-21.34.06:890][546]LogUObjectHash: Compacting FUObjectHashTables data took   6.18ms
[2019.10.08-21.34.07:003][546]LogInit: XAudio2 using 'Headphones (Cirrus Logic CS4208 (AB 120))' : 2 channels at 48 kHz using 32 bits per sample (channel mask 0x3)
[2019.10.08-21.34.07:038][546]LogInit: FAudioDevice initialized.
[2019.10.08-21.34.07:053][546]LogLoad: Game class is 'TopDownGameMode_C'
[2019.10.08-21.34.07:071][546]LogWorld: Bringing World /Game/Maps/UEDPIE_0_Prototype.Prototype up for play (max tick rate 0) at 2019.10.08-17.34.07
[2019.10.08-21.34.07:072][546]LogWorld: Bringing up level for play took: 0.017685
[2019.10.08-21.34.07:072][546]LogOnline: OSS: Creating online subsystem instance for: :Context_22
[2019.10.08-21.34.07:076][546]LogPlayerManagement: Error: Failed to Create Player: A local player already exists for controller ID 0,
[2019.10.08-21.34.07:086][546]PIE: Play in editor start time for /Game/Maps/UEDPIE_0_Prototype 0.909
[2019.10.08-21.34.07:086][546]LogBlueprintUserMessages: Late PlayInEditor Detection: Level '/Game/Maps/Prototype.Prototype:PersistentLevel' has LevelScriptBlueprint '/Game/Maps/Prototype.Prototype:PersistentLevel.Prototype' with GeneratedClass '/Game/Maps/Prototype.Prototype_C' with ClassGeneratedBy '/Game/Maps/Prototype.Prototype:PersistentLevel.Prototype'
[2019.10.08-21.34.13:080][777]LogBlueprintUserMessages: Early EndPlayMap Detection: Level '/Game/Maps/Prototype.Prototype:PersistentLevel' has LevelScriptBlueprint '/Game/Maps/Prototype.Prototype:PersistentLevel.Prototype' with GeneratedClass '/Game/Maps/Prototype.Prototype_C' with ClassGeneratedBy '/Game/Maps/Prototype.Prototype:PersistentLevel.Prototype'
[2019.10.08-21.34.13:080][777]LogSlate: Updating window title bar state: overlay mode, drag disabled, window buttons hidden, title bar hidden
[2019.10.08-21.34.13:081][777]LogWorld: BeginTearingDown for /Game/Maps/UEDPIE_0_Prototype
[2019.10.08-21.34.13:081][777]LogWorld: UWorld::CleanupWorld for Prototype, bSessionEnded=true, bCleanupResources=true
[2019.10.08-21.34.13:135][777]LogPlayLevel: Display: Shutting down PIE online subsystems
[2019.10.08-21.34.13:136][777]LogBlueprintUserMessages: Late EndPlayMap Detection: Level '/Game/Maps/Prototype.Prototype:PersistentLevel' has LevelScriptBlueprint '/Game/Maps/Prototype.Prototype:PersistentLevel.Prototype' with GeneratedClass '/Game/Maps/Prototype.Prototype_C' with ClassGeneratedBy '/Game/Maps/Prototype.Prototype:PersistentLevel.Prototype'
[2019.10.08-21.34.13:199][777]LogSlate: Updating window title bar state: overlay mode, drag disabled, window buttons hidden, title bar hidden
[2019.10.08-21.34.13:205][777]LogUObjectHash: Compacting FUObjectHashTables data took   4.43ms
[2019.10.08-21.34.13:237][778]LogPlayLevel: Display: Destroying online subsystem :Context_22
[2019.10.08-21.34.16:982][926]LogSlate: FSceneViewport::OnFocusLost() reason 0
[2019.10.08-21.34.40:804][837]BlueprintLog: New page: Compile Farmer
[2019.10.08-21.34.41:272][837]LogUObjectHash: Compacting FUObjectHashTables data took   5.63ms
[2019.10.08-21.34.42:186][859]LogTemp: Repeating last play command: Selected Viewport
[2019.10.08-21.34.42:214][859]LogBlueprintUserMessages: Early PlayInEditor Detection: Level '/Game/Maps/Prototype.Prototype:PersistentLevel' has LevelScriptBlueprint '/Game/Maps/Prototype.Prototype:PersistentLevel.Prototype' with GeneratedClass '/Game/Maps/Prototype.Prototype_C' with ClassGeneratedBy '/Game/Maps/Prototype.Prototype:PersistentLevel.Prototype'
[2019.10.08-21.34.42:215][859]LogPlayLevel: PlayLevel: No blueprints needed recompiling
[2019.10.08-21.34.42:215][859]PIE: New page: PIE session: Prototype (Oct 8, 2019, 1:34:42 PM)
[2019.10.08-21.34.42:215][859]LogPlayLevel: Creating play world package: /Game/Maps/UEDPIE_0_Prototype
[2019.10.08-21.34.42:230][859]LogPlayLevel: PIE: StaticDuplicateObject took: (0.015227s)
[2019.10.08-21.34.42:231][859]LogAIModule: Creating AISystem for world Prototype
[2019.10.08-21.34.42:231][859]LogPlayLevel: PIE: World Init took: (0.001159s)
[2019.10.08-21.34.42:231][859]LogPlayLevel: PIE: Created PIE world by copying editor world from /Game/Maps/Prototype.Prototype to /Game/Maps/UEDPIE_0_Prototype.Prototype (0.016552s)
[2019.10.08-21.34.42:295][859]LogUObjectHash: Compacting FUObjectHashTables data took   6.46ms
[2019.10.08-21.34.42:444][859]LogInit: XAudio2 using 'Headphones (Cirrus Logic CS4208 (AB 120))' : 2 channels at 48 kHz using 32 bits per sample (channel mask 0x3)
[2019.10.08-21.34.42:458][859]LogInit: FAudioDevice initialized.
[2019.10.08-21.34.42:469][859]LogLoad: Game class is 'TopDownGameMode_C'
[2019.10.08-21.34.42:476][859]LogWorld: Bringing World /Game/Maps/UEDPIE_0_Prototype.Prototype up for play (max tick rate 0) at 2019.10.08-17.34.42
[2019.10.08-21.34.42:477][859]LogWorld: Bringing up level for play took: 0.007400
[2019.10.08-21.34.42:478][859]LogOnline: OSS: Creating online subsystem instance for: :Context_23
[2019.10.08-21.34.42:480][859]LogPlayerManagement: Error: Failed to Create Player: A local player already exists for controller ID 0,
[2019.10.08-21.34.42:487][859]PIE: Play in editor start time for /Game/Maps/UEDPIE_0_Prototype 0.311
[2019.10.08-21.34.42:488][859]LogBlueprintUserMessages: Late PlayInEditor Detection: Level '/Game/Maps/Prototype.Prototype:PersistentLevel' has LevelScriptBlueprint '/Game/Maps/Prototype.Prototype:PersistentLevel.Prototype' with GeneratedClass '/Game/Maps/Prototype.Prototype_C' with ClassGeneratedBy '/Game/Maps/Prototype.Prototype:PersistentLevel.Prototype'
[2019.10.08-21.34.46:300][  4]LogBlueprintUserMessages: Early EndPlayMap Detection: Level '/Game/Maps/Prototype.Prototype:PersistentLevel' has LevelScriptBlueprint '/Game/Maps/Prototype.Prototype:PersistentLevel.Prototype' with GeneratedClass '/Game/Maps/Prototype.Prototype_C' with ClassGeneratedBy '/Game/Maps/Prototype.Prototype:PersistentLevel.Prototype'
[2019.10.08-21.34.46:300][  4]LogSlate: Updating window title bar state: overlay mode, drag disabled, window buttons hidden, title bar hidden
[2019.10.08-21.34.46:300][  4]LogWorld: BeginTearingDown for /Game/Maps/UEDPIE_0_Prototype
[2019.10.08-21.34.46:300][  4]LogWorld: UWorld::CleanupWorld for Prototype, bSessionEnded=true, bCleanupResources=true
[2019.10.08-21.34.46:354][  4]LogPlayLevel: Display: Shutting down PIE online subsystems
[2019.10.08-21.34.46:355][  4]LogBlueprintUserMessages: Late EndPlayMap Detection: Level '/Game/Maps/Prototype.Prototype:PersistentLevel' has LevelScriptBlueprint '/Game/Maps/Prototype.Prototype:PersistentLevel.Prototype' with GeneratedClass '/Game/Maps/Prototype.Prototype_C' with ClassGeneratedBy '/Game/Maps/Prototype.Prototype:PersistentLevel.Prototype'
[2019.10.08-21.34.46:421][  4]LogSlate: Updating window title bar state: overlay mode, drag disabled, window buttons hidden, title bar hidden
[2019.10.08-21.34.46:427][  4]LogUObjectHash: Compacting FUObjectHashTables data took   4.58ms
[2019.10.08-21.34.46:470][  5]LogPlayLevel: Display: Destroying online subsystem :Context_23
[2019.10.08-21.34.47:357][ 38]LogSlate: FSceneViewport::OnFocusLost() reason 0
[2019.10.08-21.34.47:764][ 52]LogEditorTransaction: Undo Edit In Shop
[2019.10.08-21.34.47:781][ 52]LogActorComponent: ~FComponentReregisterContext: (/Engine/Transient.World_13:PersistentLevel.Farmer_C_0.CollisionCylinder) Component already registered.
[2019.10.08-21.34.47:784][ 52]LogActorComponent: ~FComponentReregisterContext: (/Engine/Transient.World_13:PersistentLevel.Farmer_C_0.CharacterMesh0) Component already registered.
[2019.10.08-21.34.48:097][ 53]LogEditorTransaction: Undo Change Bool Pin Value
[2019.10.08-21.34.48:465][ 55]LogEditorTransaction: Undo Change Bool Pin Value
[2019.10.08-21.34.49:216][ 72]LogEditorTransaction: Undo Change Bool Pin Value
[2019.10.08-21.34.50:103][ 94]LogEditorTransaction: Undo Change Bool Pin Value
[2019.10.08-21.34.53:739][212]LogEditorTransaction: Undo Change Bool Pin Value
[2019.10.08-21.34.55:188][255]LogEditorTransaction: Undo Change Bool Pin Value
[2019.10.08-21.34.56:187][282]LogEditorTransaction: Undo Delete current selection
[2019.10.08-21.34.56:910][297]LogEditorTransaction: Undo Create Reroute Node
[2019.10.08-21.34.57:507][309]LogEditorTransaction: Undo Create Pin Link
[2019.10.08-21.35.29:504][463]LogEditorTransaction: Undo Move Node
[2019.10.08-21.35.30:037][472]LogEditorTransaction: Undo Promote To Variable
[2019.10.08-21.35.32:014][532]LogEditorTransaction: Undo Move Node
[2019.10.08-21.35.37:717][732]LogTemp: Repeating last play command: Selected Viewport
[2019.10.08-21.35.37:743][732]LogBlueprintUserMessages: Early PlayInEditor Detection: Level '/Game/Maps/Prototype.Prototype:PersistentLevel' has LevelScriptBlueprint '/Game/Maps/Prototype.Prototype:PersistentLevel.Prototype' with GeneratedClass '/Game/Maps/Prototype.Prototype_C' with ClassGeneratedBy '/Game/Maps/Prototype.Prototype:PersistentLevel.Prototype'
[2019.10.08-21.35.37:743][732]BlueprintLog: New page: Pre-Play auto-recompile
[2019.10.08-21.35.37:761][732]LogPlayLevel: [PlayLevel] Compiling Farmer before play...
[2019.10.08-21.35.38:310][732]LogUObjectHash: Compacting FUObjectHashTables data took   6.61ms
[2019.10.08-21.35.38:310][732]LogPlayLevel: PlayLevel: Blueprint regeneration took 566 ms (1 blueprints)
[2019.10.08-21.35.38:310][732]PIE: New page: PIE session: Prototype (Oct 8, 2019, 1:35:38 PM)
[2019.10.08-21.35.38:310][732]LogPlayLevel: Creating play world package: /Game/Maps/UEDPIE_0_Prototype
[2019.10.08-21.35.38:326][732]LogPlayLevel: PIE: StaticDuplicateObject took: (0.015381s)
[2019.10.08-21.35.38:327][732]LogAIModule: Creating AISystem for world Prototype
[2019.10.08-21.35.38:327][732]LogPlayLevel: PIE: World Init took: (0.001187s)
[2019.10.08-21.35.38:327][732]LogPlayLevel: PIE: Created PIE world by copying editor world from /Game/Maps/Prototype.Prototype to /Game/Maps/UEDPIE_0_Prototype.Prototype (0.016707s)
[2019.10.08-21.35.38:386][732]LogUObjectHash: Compacting FUObjectHashTables data took   4.25ms
[2019.10.08-21.35.38:483][732]LogInit: XAudio2 using 'Headphones (Cirrus Logic CS4208 (AB 120))' : 2 channels at 48 kHz using 32 bits per sample (channel mask 0x3)
[2019.10.08-21.35.38:498][732]LogInit: FAudioDevice initialized.
[2019.10.08-21.35.38:508][732]LogLoad: Game class is 'TopDownGameMode_C'
[2019.10.08-21.35.38:515][732]LogWorld: Bringing World /Game/Maps/UEDPIE_0_Prototype.Prototype up for play (max tick rate 0) at 2019.10.08-17.35.38
[2019.10.08-21.35.38:516][732]LogWorld: Bringing up level for play took: 0.007317
[2019.10.08-21.35.38:516][732]LogOnline: OSS: Creating online subsystem instance for: :Context_24
[2019.10.08-21.35.38:518][732]LogPlayerManagement: Error: Failed to Create Player: A local player already exists for controller ID 0,
[2019.10.08-21.35.38:526][732]PIE: Play in editor start time for /Game/Maps/UEDPIE_0_Prototype 0.349
[2019.10.08-21.35.38:526][732]LogBlueprintUserMessages: Late PlayInEditor Detection: Level '/Game/Maps/Prototype.Prototype:PersistentLevel' has LevelScriptBlueprint '/Game/Maps/Prototype.Prototype:PersistentLevel.Prototype' with GeneratedClass '/Game/Maps/Prototype.Prototype_C' with ClassGeneratedBy '/Game/Maps/Prototype.Prototype:PersistentLevel.Prototype'
[2019.10.08-21.35.58:753][488]LogBlueprintUserMessages: Early EndPlayMap Detection: Level '/Game/Maps/Prototype.Prototype:PersistentLevel' has LevelScriptBlueprint '/Game/Maps/Prototype.Prototype:PersistentLevel.Prototype' with GeneratedClass '/Game/Maps/Prototype.Prototype_C' with ClassGeneratedBy '/Game/Maps/Prototype.Prototype:PersistentLevel.Prototype'
[2019.10.08-21.35.58:754][488]LogSlate: Updating window title bar state: overlay mode, drag disabled, window buttons hidden, title bar hidden
[2019.10.08-21.35.58:754][488]LogWorld: BeginTearingDown for /Game/Maps/UEDPIE_0_Prototype
[2019.10.08-21.35.58:754][488]LogWorld: UWorld::CleanupWorld for Prototype, bSessionEnded=true, bCleanupResources=true
[2019.10.08-21.35.58:811][488]LogPlayLevel: Display: Shutting down PIE online subsystems
[2019.10.08-21.35.58:811][488]LogBlueprintUserMessages: Late EndPlayMap Detection: Level '/Game/Maps/Prototype.Prototype:PersistentLevel' has LevelScriptBlueprint '/Game/Maps/Prototype.Prototype:PersistentLevel.Prototype' with GeneratedClass '/Game/Maps/Prototype.Prototype_C' with ClassGeneratedBy '/Game/Maps/Prototype.Prototype:PersistentLevel.Prototype'
[2019.10.08-21.35.58:893][488]LogSlate: Updating window title bar state: overlay mode, drag disabled, window buttons hidden, title bar hidden
[2019.10.08-21.35.58:900][488]LogUObjectHash: Compacting FUObjectHashTables data took   4.60ms
[2019.10.08-21.35.58:928][489]LogPlayLevel: Display: Destroying online subsystem :Context_24
[2019.10.08-21.36.00:176][537]LogSlate: FSceneViewport::OnFocusLost() reason 0
[2019.10.08-21.36.15:411][101]BlueprintLog: New page: Compile Seed
[2019.10.08-21.36.15:883][101]LogUObjectHash: Compacting FUObjectHashTables data took   5.35ms
[2019.10.08-21.36.17:212][146]LogTemp: Repeating last play command: Selected Viewport
[2019.10.08-21.36.17:262][146]LogBlueprintUserMessages: Early PlayInEditor Detection: Level '/Game/Maps/Prototype.Prototype:PersistentLevel' has LevelScriptBlueprint '/Game/Maps/Prototype.Prototype:PersistentLevel.Prototype' with GeneratedClass '/Game/Maps/Prototype.Prototype_C' with ClassGeneratedBy '/Game/Maps/Prototype.Prototype:PersistentLevel.Prototype'
[2019.10.08-21.36.17:262][146]LogPlayLevel: PlayLevel: No blueprints needed recompiling
[2019.10.08-21.36.17:262][146]PIE: New page: PIE session: Prototype (Oct 8, 2019, 1:36:17 PM)
[2019.10.08-21.36.17:262][146]LogPlayLevel: Creating play world package: /Game/Maps/UEDPIE_0_Prototype
[2019.10.08-21.36.17:277][146]LogPlayLevel: PIE: StaticDuplicateObject took: (0.014850s)
[2019.10.08-21.36.17:278][146]LogAIModule: Creating AISystem for world Prototype
[2019.10.08-21.36.17:278][146]LogPlayLevel: PIE: World Init took: (0.001154s)
[2019.10.08-21.36.17:278][146]LogPlayLevel: PIE: Created PIE world by copying editor world from /Game/Maps/Prototype.Prototype to /Game/Maps/UEDPIE_0_Prototype.Prototype (0.016168s)
[2019.10.08-21.36.17:338][146]LogUObjectHash: Compacting FUObjectHashTables data took   6.11ms
[2019.10.08-21.36.17:437][146]LogInit: XAudio2 using 'Headphones (Cirrus Logic CS4208 (AB 120))' : 2 channels at 48 kHz using 32 bits per sample (channel mask 0x3)
[2019.10.08-21.36.17:451][146]LogInit: FAudioDevice initialized.
[2019.10.08-21.36.17:461][146]LogLoad: Game class is 'TopDownGameMode_C'
[2019.10.08-21.36.17:468][146]LogWorld: Bringing World /Game/Maps/UEDPIE_0_Prototype.Prototype up for play (max tick rate 0) at 2019.10.08-17.36.17
[2019.10.08-21.36.17:469][146]LogWorld: Bringing up level for play took: 0.007500
[2019.10.08-21.36.17:469][146]LogOnline: OSS: Creating online subsystem instance for: :Context_25
[2019.10.08-21.36.17:472][146]LogPlayerManagement: Error: Failed to Create Player: A local player already exists for controller ID 0,
[2019.10.08-21.36.17:479][146]PIE: Play in editor start time for /Game/Maps/UEDPIE_0_Prototype -0.698
[2019.10.08-21.36.17:479][146]LogBlueprintUserMessages: Late PlayInEditor Detection: Level '/Game/Maps/Prototype.Prototype:PersistentLevel' has LevelScriptBlueprint '/Game/Maps/Prototype.Prototype:PersistentLevel.Prototype' with GeneratedClass '/Game/Maps/Prototype.Prototype_C' with ClassGeneratedBy '/Game/Maps/Prototype.Prototype:PersistentLevel.Prototype'
[2019.10.08-21.36.35:574][823]LogBlueprintUserMessages: Early EndPlayMap Detection: Level '/Game/Maps/Prototype.Prototype:PersistentLevel' has LevelScriptBlueprint '/Game/Maps/Prototype.Prototype:PersistentLevel.Prototype' with GeneratedClass '/Game/Maps/Prototype.Prototype_C' with ClassGeneratedBy '/Game/Maps/Prototype.Prototype:PersistentLevel.Prototype'
[2019.10.08-21.36.35:574][823]LogSlate: Updating window title bar state: overlay mode, drag disabled, window buttons hidden, title bar hidden
[2019.10.08-21.36.35:574][823]LogWorld: BeginTearingDown for /Game/Maps/UEDPIE_0_Prototype
[2019.10.08-21.36.35:574][823]LogWorld: UWorld::CleanupWorld for Prototype, bSessionEnded=true, bCleanupResources=true
[2019.10.08-21.36.35:648][823]LogPlayLevel: Display: Shutting down PIE online subsystems
[2019.10.08-21.36.35:648][823]LogBlueprintUserMessages: Late EndPlayMap Detection: Level '/Game/Maps/Prototype.Prototype:PersistentLevel' has LevelScriptBlueprint '/Game/Maps/Prototype.Prototype:PersistentLevel.Prototype' with GeneratedClass '/Game/Maps/Prototype.Prototype_C' with ClassGeneratedBy '/Game/Maps/Prototype.Prototype:PersistentLevel.Prototype'
[2019.10.08-21.36.35:710][823]LogSlate: Updating window title bar state: overlay mode, drag disabled, window buttons hidden, title bar hidden
[2019.10.08-21.36.35:717][823]LogUObjectHash: Compacting FUObjectHashTables data took   4.42ms
[2019.10.08-21.36.35:825][824]LogPlayLevel: Display: Destroying online subsystem :Context_25
[2019.10.08-21.36.36:823][861]LogSlate: FSceneViewport::OnFocusLost() reason 0
[2019.10.08-21.36.36:905][864]LogTemp: Repeating last play command: Selected Viewport
[2019.10.08-21.36.36:931][864]LogBlueprintUserMessages: Early PlayInEditor Detection: Level '/Game/Maps/Prototype.Prototype:PersistentLevel' has LevelScriptBlueprint '/Game/Maps/Prototype.Prototype:PersistentLevel.Prototype' with GeneratedClass '/Game/Maps/Prototype.Prototype_C' with ClassGeneratedBy '/Game/Maps/Prototype.Prototype:PersistentLevel.Prototype'
[2019.10.08-21.36.36:932][864]LogPlayLevel: PlayLevel: No blueprints needed recompiling
[2019.10.08-21.36.36:932][864]PIE: New page: PIE session: Prototype (Oct 8, 2019, 1:36:36 PM)
[2019.10.08-21.36.36:932][864]LogPlayLevel: Creating play world package: /Game/Maps/UEDPIE_0_Prototype
[2019.10.08-21.36.36:947][864]LogPlayLevel: PIE: StaticDuplicateObject took: (0.014933s)
[2019.10.08-21.36.36:948][864]LogAIModule: Creating AISystem for world Prototype
[2019.10.08-21.36.36:948][864]LogPlayLevel: PIE: World Init took: (0.001149s)
[2019.10.08-21.36.36:948][864]LogPlayLevel: PIE: Created PIE world by copying editor world from /Game/Maps/Prototype.Prototype to /Game/Maps/UEDPIE_0_Prototype.Prototype (0.016234s)
[2019.10.08-21.36.37:001][864]LogUObjectHash: Compacting FUObjectHashTables data took   4.11ms
[2019.10.08-21.36.37:099][864]LogInit: XAudio2 using 'Headphones (Cirrus Logic CS4208 (AB 120))' : 2 channels at 48 kHz using 32 bits per sample (channel mask 0x3)
[2019.10.08-21.36.37:113][864]LogInit: FAudioDevice initialized.
[2019.10.08-21.36.37:122][864]LogLoad: Game class is 'TopDownGameMode_C'
[2019.10.08-21.36.37:131][864]LogWorld: Bringing World /Game/Maps/UEDPIE_0_Prototype.Prototype up for play (max tick rate 0) at 2019.10.08-17.36.37
[2019.10.08-21.36.37:133][864]LogWorld: Bringing up level for play took: 0.010124
[2019.10.08-21.36.37:133][864]LogOnline: OSS: Creating online subsystem instance for: :Context_26
[2019.10.08-21.36.37:141][864]LogPlayerManagement: Error: Failed to Create Player: A local player already exists for controller ID 0,
[2019.10.08-21.36.37:156][864]PIE: Play in editor start time for /Game/Maps/UEDPIE_0_Prototype 0.979
[2019.10.08-21.36.37:156][864]LogBlueprintUserMessages: Late PlayInEditor Detection: Level '/Game/Maps/Prototype.Prototype:PersistentLevel' has LevelScriptBlueprint '/Game/Maps/Prototype.Prototype:PersistentLevel.Prototype' with GeneratedClass '/Game/Maps/Prototype.Prototype_C' with ClassGeneratedBy '/Game/Maps/Prototype.Prototype:PersistentLevel.Prototype'
[2019.10.08-21.36.50:686][383]LogBlueprintUserMessages: Early EndPlayMap Detection: Level '/Game/Maps/Prototype.Prototype:PersistentLevel' has LevelScriptBlueprint '/Game/Maps/Prototype.Prototype:PersistentLevel.Prototype' with GeneratedClass '/Game/Maps/Prototype.Prototype_C' with ClassGeneratedBy '/Game/Maps/Prototype.Prototype:PersistentLevel.Prototype'
[2019.10.08-21.36.50:687][383]LogSlate: Updating window title bar state: overlay mode, drag disabled, window buttons hidden, title bar hidden
[2019.10.08-21.36.50:687][383]LogWorld: BeginTearingDown for /Game/Maps/UEDPIE_0_Prototype
[2019.10.08-21.36.50:687][383]LogWorld: UWorld::CleanupWorld for Prototype, bSessionEnded=true, bCleanupResources=true
[2019.10.08-21.36.50:761][383]LogPlayLevel: Display: Shutting down PIE online subsystems
[2019.10.08-21.36.50:761][383]LogBlueprintUserMessages: Late EndPlayMap Detection: Level '/Game/Maps/Prototype.Prototype:PersistentLevel' has LevelScriptBlueprint '/Game/Maps/Prototype.Prototype:PersistentLevel.Prototype' with GeneratedClass '/Game/Maps/Prototype.Prototype_C' with ClassGeneratedBy '/Game/Maps/Prototype.Prototype:PersistentLevel.Prototype'
[2019.10.08-21.36.50:823][383]LogSlate: Updating window title bar state: overlay mode, drag disabled, window buttons hidden, title bar hidden
[2019.10.08-21.36.50:830][383]LogUObjectHash: Compacting FUObjectHashTables data took   4.38ms
[2019.10.08-21.36.50:939][384]LogPlayLevel: Display: Destroying online subsystem :Context_26
[2019.10.08-21.36.52:907][460]LogSlate: FSceneViewport::OnFocusLost() reason 0
[2019.10.08-21.37.59:452][  5]BlueprintLog: New page: Compile Seed
[2019.10.08-21.37.59:898][  5]LogUObjectHash: Compacting FUObjectHashTables data took   5.33ms
[2019.10.08-21.38.00:751][ 32]LogTemp: Repeating last play command: Selected Viewport
[2019.10.08-21.38.00:802][ 32]LogBlueprintUserMessages: Early PlayInEditor Detection: Level '/Game/Maps/Prototype.Prototype:PersistentLevel' has LevelScriptBlueprint '/Game/Maps/Prototype.Prototype:PersistentLevel.Prototype' with GeneratedClass '/Game/Maps/Prototype.Prototype_C' with ClassGeneratedBy '/Game/Maps/Prototype.Prototype:PersistentLevel.Prototype'
[2019.10.08-21.38.00:802][ 32]LogPlayLevel: PlayLevel: No blueprints needed recompiling
[2019.10.08-21.38.00:802][ 32]PIE: New page: PIE session: Prototype (Oct 8, 2019, 1:38:00 PM)
[2019.10.08-21.38.00:802][ 32]LogPlayLevel: Creating play world package: /Game/Maps/UEDPIE_0_Prototype
[2019.10.08-21.38.00:817][ 32]LogPlayLevel: PIE: StaticDuplicateObject took: (0.014972s)
[2019.10.08-21.38.00:818][ 32]LogAIModule: Creating AISystem for world Prototype
[2019.10.08-21.38.00:818][ 32]LogPlayLevel: PIE: World Init took: (0.001209s)
[2019.10.08-21.38.00:819][ 32]LogPlayLevel: PIE: Created PIE world by copying editor world from /Game/Maps/Prototype.Prototype to /Game/Maps/UEDPIE_0_Prototype.Prototype (0.016354s)
[2019.10.08-21.38.00:878][ 32]LogUObjectHash: Compacting FUObjectHashTables data took   6.30ms
[2019.10.08-21.38.00:974][ 32]LogInit: XAudio2 using 'Headphones (Cirrus Logic CS4208 (AB 120))' : 2 channels at 48 kHz using 32 bits per sample (channel mask 0x3)
[2019.10.08-21.38.00:988][ 32]LogInit: FAudioDevice initialized.
[2019.10.08-21.38.00:998][ 32]LogLoad: Game class is 'TopDownGameMode_C'
[2019.10.08-21.38.01:006][ 32]LogWorld: Bringing World /Game/Maps/UEDPIE_0_Prototype.Prototype up for play (max tick rate 0) at 2019.10.08-17.38.01
[2019.10.08-21.38.01:007][ 32]LogWorld: Bringing up level for play took: 0.007655
[2019.10.08-21.38.01:007][ 32]LogOnline: OSS: Creating online subsystem instance for: :Context_27
[2019.10.08-21.38.01:009][ 32]LogPlayerManagement: Error: Failed to Create Player: A local player already exists for controller ID 0,
[2019.10.08-21.38.01:017][ 32]PIE: Play in editor start time for /Game/Maps/UEDPIE_0_Prototype 0.84
[2019.10.08-21.38.01:017][ 32]LogBlueprintUserMessages: Late PlayInEditor Detection: Level '/Game/Maps/Prototype.Prototype:PersistentLevel' has LevelScriptBlueprint '/Game/Maps/Prototype.Prototype:PersistentLevel.Prototype' with GeneratedClass '/Game/Maps/Prototype.Prototype_C' with ClassGeneratedBy '/Game/Maps/Prototype.Prototype:PersistentLevel.Prototype'
[2019.10.08-21.38.11:221][417]LogBlueprintUserMessages: Early EndPlayMap Detection: Level '/Game/Maps/Prototype.Prototype:PersistentLevel' has LevelScriptBlueprint '/Game/Maps/Prototype.Prototype:PersistentLevel.Prototype' with GeneratedClass '/Game/Maps/Prototype.Prototype_C' with ClassGeneratedBy '/Game/Maps/Prototype.Prototype:PersistentLevel.Prototype'
[2019.10.08-21.38.11:221][417]LogSlate: Updating window title bar state: overlay mode, drag disabled, window buttons hidden, title bar hidden
[2019.10.08-21.38.11:221][417]LogWorld: BeginTearingDown for /Game/Maps/UEDPIE_0_Prototype
[2019.10.08-21.38.11:221][417]LogWorld: UWorld::CleanupWorld for Prototype, bSessionEnded=true, bCleanupResources=true
[2019.10.08-21.38.11:296][417]LogPlayLevel: Display: Shutting down PIE online subsystems
[2019.10.08-21.38.11:296][417]LogBlueprintUserMessages: Late EndPlayMap Detection: Level '/Game/Maps/Prototype.Prototype:PersistentLevel' has LevelScriptBlueprint '/Game/Maps/Prototype.Prototype:PersistentLevel.Prototype' with GeneratedClass '/Game/Maps/Prototype.Prototype_C' with ClassGeneratedBy '/Game/Maps/Prototype.Prototype:PersistentLevel.Prototype'
[2019.10.08-21.38.11:361][417]LogSlate: Updating window title bar state: overlay mode, drag disabled, window buttons hidden, title bar hidden
[2019.10.08-21.38.11:367][417]LogUObjectHash: Compacting FUObjectHashTables data took   4.46ms
[2019.10.08-21.38.11:476][418]LogPlayLevel: Display: Destroying online subsystem :Context_27
[2019.10.08-21.38.16:597][612]LogSlate: FSceneViewport::OnFocusLost() reason 0
[2019.10.08-21.39.15:231][792]BlueprintLog: New page: Compile Seed
[2019.10.08-21.39.15:640][792]LogUObjectHash: Compacting FUObjectHashTables data took   5.68ms
[2019.10.08-21.39.46:007][902]Cmd: TRANSACTION UNDO
[2019.10.08-21.39.46:007][902]LogEditorTransaction: Undo Add Node
